<?xml version="1.0" encoding="utf-8"?>
<TestRun id="1b547c53-b8f9-45c5-bbba-a57554b31f7b" name="@host00 2023-01-07 14:17:31" xmlns="http://microsoft.com/schemas/VisualStudio/TeamTest/2010">
  <Times creation="2023-01-07T14:17:31.9236496+01:00" queuing="2023-01-07T14:17:31.9236497+01:00" start="2023-01-07T14:17:29.9833876+01:00" finish="2023-01-07T14:17:36.2321311+01:00" />
  <TestSettings name="default" id="51e6c4c0-42dd-457a-aa4c-6fc00c3a4f26">
    <Deployment runDeploymentRoot="_host00_2023-01-07_14_17_31" />
  </TestSettings>
  <Results>
    <UnitTestResult executionId="38338e16-5bf4-4fb6-8c89-f3fa4d157e58" testId="408d5aba-e349-1167-9b55-b9f1ff74ad1a" testName="DotCart.Core.Tests.AssemblyUtilsTests.ShouldGetTheShortNameofTheAssembly" computerName="host00" duration="00:00:00.0003305" startTime="2023-01-07T14:17:31.1507253+01:00" endTime="2023-01-07T14:17:31.1507253+01:00" testType="13cdc9d9-ddb5-4fa4-a97d-d965ccfc6d4b" outcome="Passed" testListId="8c84fa94-04c1-424b-9868-57a2d4851a1d" relativeResultsDirectory="38338e16-5bf4-4fb6-8c89-f3fa4d157e58" />
    <UnitTestResult executionId="6e0a3d4b-1cfc-46d2-9d89-9d138eb10ad7" testId="5f6a5ba6-1c39-a07a-b843-f9a6565916ad" testName="DotCart.Core.Tests.AssemblyUtilsTests.ShouldGetAnEmbeddedFileFromANamedAssembly" computerName="host00" duration="00:00:00.0025798" startTime="2023-01-07T14:17:31.1449660+01:00" endTime="2023-01-07T14:17:31.1450375+01:00" testType="13cdc9d9-ddb5-4fa4-a97d-d965ccfc6d4b" outcome="Passed" testListId="8c84fa94-04c1-424b-9868-57a2d4851a1d" relativeResultsDirectory="6e0a3d4b-1cfc-46d2-9d89-9d138eb10ad7" />
    <UnitTestResult executionId="228193e9-aaea-4ac7-b858-1c283516f85c" testId="8a5af5f3-23db-a534-e931-76537a18724c" testName="DotCart.Core.Tests.FuncDITests.ShouldBeThreadSafe" computerName="host00" duration="00:00:05.0124953" startTime="2023-01-07T14:17:36.1860486+01:00" endTime="2023-01-07T14:17:36.1860489+01:00" testType="13cdc9d9-ddb5-4fa4-a97d-d965ccfc6d4b" outcome="Passed" testListId="8c84fa94-04c1-424b-9868-57a2d4851a1d" relativeResultsDirectory="228193e9-aaea-4ac7-b858-1c283516f85c">
      <Output>
        <StdOut>Input: hello1 Output: HELLO1
Input: bye Output: BYE
Input: task1 Output: TASK1
Input: task2 Output: TASK2
Input: task1 Output: TASK1
Input: task2 Output: TASK2
Input: task1 Output: TASK1
Input: task2 Output: TASK2
Input: task1 Output: TASK1
Input: task2 Output: TASK2
Input: task1 Output: TASK1
Input: task2 Output: TASK2
Input: task1 Output: TASK1
Input: task2 Output: TASK2
Input: task1 Output: TASK1
Input: task2 Output: TASK2
Input: task1 Output: TASK1
Input: task2 Output: TASK2
Input: task1 Output: TASK1
Input: task2 Output: TASK2
Input: task1 Output: TASK1
Input: task2 Output: TASK2
Input: task1 Output: TASK1
Input: task2 Output: TASK2
Input: task1 Output: TASK1
Input: task2 Output: TASK2
Input: task1 Output: TASK1
Input: task2 Output: TASK2
Input: task1 Output: TASK1
Input: task2 Output: TASK2
Input: task1 Output: TASK1
Input: task2 Output: TASK2
Input: task1 Output: TASK1
Input: task2 Output: TASK2
Input: task1 Output: TASK1
Input: task2 Output: TASK2
Input: task1 Output: TASK1
Input: task2 Output: TASK2
Input: task1 Output: TASK1
Input: task2 Output: TASK2
Input: task1 Output: TASK1
Input: task2 Output: TASK2
Input: task1 Output: TASK1
Input: task2 Output: TASK2
Input: task1 Output: TASK1
Input: task2 Output: TASK2
Input: task1 Output: TASK1
Input: task2 Output: TASK2
Input: task1 Output: TASK1
Input: task2 Output: TASK2
Input: task1 Output: TASK1
Input: task2 Output: TASK2
Input: task1 Output: TASK1
Input: task2 Output: TASK2
Input: task1 Output: TASK1
Input: task2 Output: TASK2
Input: task1 Output: TASK1
Input: task2 Output: TASK2
Input: task1 Output: TASK1
Input: task2 Output: TASK2
Input: task1 Output: TASK1
Input: task2 Output: TASK2
Input: task1 Output: TASK1
Input: task2 Output: TASK2
Input: task1 Output: TASK1
Input: task2 Output: TASK2
Input: task1 Output: TASK1
Input: task2 Output: TASK2
Input: task1 Output: TASK1
Input: task2 Output: TASK2
Input: task1 Output: TASK1
Input: task2 Output: TASK2
Input: task1 Output: TASK1
Input: task2 Output: TASK2
Input: task1 Output: TASK1
Input: task2 Output: TASK2
Input: task1 Output: TASK1
Input: task2 Output: TASK2
Input: task1 Output: TASK1
Input: task2 Output: TASK2
Input: task1 Output: TASK1
Input: task2 Output: TASK2
Input: task1 Output: TASK1
Input: task2 Output: TASK2
Input: task1 Output: TASK1
Input: task2 Output: TASK2
Input: task1 Output: TASK1
Input: task2 Output: TASK2
Input: task1 Output: TASK1
Input: task2 Output: TASK2
Input: task1 Output: TASK1
Input: task2 Output: TASK2
Input: task1 Output: TASK1
Input: task2 Output: TASK2
Input: task1 Output: TASK1
Input: task2 Output: TASK2
Input: task1 Output: TASK1
Input: task2 Output: TASK2
Input: task1 Output: TASK1
Input: task2 Output: TASK2
Input: task1 Output: TASK1
Input: task2 Output: TASK2
Input: task1 Output: TASK1
Input: task2 Output: TASK2
Input: task1 Output: TASK1
Input: task2 Output: TASK2
Input: task1 Output: TASK1
Input: task2 Output: TASK2
Input: task1 Output: TASK1
Input: task2 Output: TASK2
Input: task1 Output: TASK1
Input: task2 Output: TASK2
Input: task1 Output: TASK1
Input: task2 Output: TASK2
Input: task1 Output: TASK1
Input: task2 Output: TASK2
Input: task1 Output: TASK1
Input: task2 Output: TASK2
Input: task1 Output: TASK1
Input: task2 Output: TASK2
Input: task1 Output: TASK1
Input: task2 Output: TASK2
Input: task1 Output: TASK1
Input: task2 Output: TASK2
Input: task1 Output: TASK1
Input: task2 Output: TASK2
Input: task1 Output: TASK1
Input: task2 Output: TASK2
Input: task1 Output: TASK1
Input: task2 Output: TASK2
Input: task1 Output: TASK1
Input: task2 Output: TASK2
Input: task1 Output: TASK1
Input: task2 Output: TASK2
Input: task1 Output: TASK1
Input: task2 Output: TASK2
Input: task1 Output: TASK1
Input: task2 Output: TASK2
Input: task1 Output: TASK1
Input: task2 Output: TASK2
Input: task1 Output: TASK1
Input: task2 Output: TASK2
Input: task1 Output: TASK1
Input: task2 Output: TASK2
Input: task1 Output: TASK1
Input: task2 Output: TASK2
Input: task1 Output: TASK1
Input: task2 Output: TASK2
Input: task1 Output: TASK1
Input: task2 Output: TASK2
Input: task1 Output: TASK1
Input: task2 Output: TASK2
Input: task1 Output: TASK1
Input: task2 Output: TASK2
Input: task1 Output: TASK1
Input: task2 Output: TASK2
Input: task1 Output: TASK1
Input: task2 Output: TASK2
Input: task1 Output: TASK1
Input: task2 Output: TASK2
Input: task1 Output: TASK1
Input: task2 Output: TASK2
Input: task1 Output: TASK1
Input: task2 Output: TASK2
Input: task1 Output: TASK1
Input: task2 Output: TASK2
Input: task1 Output: TASK1
Input: task2 Output: TASK2
Input: task1 Output: TASK1
Input: task2 Output: TASK2
Input: task1 Output: TASK1
Input: task2 Output: TASK2
Input: task1 Output: TASK1
Input: task2 Output: TASK2
Input: task1 Output: TASK1
Input: task2 Output: TASK2
Input: task1 Output: TASK1
Input: task2 Output: TASK2
Input: task1 Output: TASK1
Input: task2 Output: TASK2
Input: task1 Output: TASK1
Input: task2 Output: TASK2
Input: task1 Output: TASK1
Input: task2 Output: TASK2
Input: task1 Output: TASK1
Input: task2 Output: TASK2
Input: task1 Output: TASK1
Input: task2 Output: TASK2
Input: task1 Output: TASK1
Input: task2 Output: TASK2
Input: task1 Output: TASK1
Input: task2 Output: TASK2
Input: task1 Output: TASK1
Input: task2 Output: TASK2
Input: task1 Output: TASK1
Input: task2 Output: TASK2
Input: task1 Output: TASK1
Input: task2 Output: TASK2
Input: task1 Output: TASK1
Input: task2 Output: TASK2
Input: task1 Output: TASK1
Input: task2 Output: TASK2
Input: task1 Output: TASK1
Input: task2 Output: TASK2
Input: task1 Output: TASK1
Input: task2 Output: TASK2
Input: task1 Output: TASK1
Input: task2 Output: TASK2
Input: task1 Output: TASK1
Input: task2 Output: TASK2
Input: task1 Output: TASK1
Input: task2 Output: TASK2
Input: task1 Output: TASK1
Input: task2 Output: TASK2
Input: task1 Output: TASK1
Input: task2 Output: TASK2
Input: task1 Output: TASK1
Input: task2 Output: TASK2
Input: task1 Output: TASK1
Input: task2 Output: TASK2
Input: task1 Output: TASK1
Input: task2 Output: TASK2
Input: task1 Output: TASK1
Input: task2 Output: TASK2
Input: task1 Output: TASK1
Input: task2 Output: TASK2
Input: task1 Output: TASK1
Input: task2 Output: TASK2
Input: task1 Output: TASK1
Input: task2 Output: TASK2
Input: task1 Output: TASK1
Input: task2 Output: TASK2
Input: task1 Output: TASK1
Input: task2 Output: TASK2
Input: task1 Output: TASK1
Input: task2 Output: TASK2
Input: task1 Output: TASK1
Input: task2 Output: TASK2
Input: task1 Output: TASK1
Input: task2 Output: TASK2
Input: task1 Output: TASK1
Input: task2 Output: TASK2
Input: task1 Output: TASK1
Input: task2 Output: TASK2
Input: task1 Output: TASK1
Input: task2 Output: TASK2
Input: task1 Output: TASK1
Input: task2 Output: TASK2
Input: task1 Output: TASK1
Input: task2 Output: TASK2
Input: task1 Output: TASK1
Input: task2 Output: TASK2
Input: task1 Output: TASK1
Input: task2 Output: TASK2
Input: task1 Output: TASK1
Input: task2 Output: TASK2
Input: task1 Output: TASK1
Input: task2 Output: TASK2
Input: task1 Output: TASK1
Input: task2 Output: TASK2
Input: task1 Output: TASK1
Input: task2 Output: TASK2
Input: task1 Output: TASK1
Input: task2 Output: TASK2
Input: task1 Output: TASK1
Input: task2 Output: TASK2
Input: task1 Output: TASK1
Input: task2 Output: TASK2
Input: task1 Output: TASK1
Input: task2 Output: TASK2
Input: task1 Output: TASK1
Input: task2 Output: TASK2
Input: task1 Output: TASK1
Input: task2 Output: TASK2
Input: task1 Output: TASK1
Input: task2 Output: TASK2
Input: task1 Output: TASK1
Input: task2 Output: TASK2
Input: task1 Output: TASK1
Input: task2 Output: TASK2
Input: task1 Output: TASK1
Input: task2 Output: TASK2
Input: task1 Output: TASK1
Input: task2 Output: TASK2
Input: task1 Output: TASK1
Input: task2 Output: TASK2
Input: task1 Output: TASK1
Input: task2 Output: TASK2
Input: task1 Output: TASK1
Input: task2 Output: TASK2
Input: task1 Output: TASK1
Input: task2 Output: TASK2
Input: task1 Output: TASK1
Input: task2 Output: TASK2
Input: task1 Output: TASK1
Input: task2 Output: TASK2
Input: task1 Output: TASK1
Input: task2 Output: TASK2
Input: task1 Output: TASK1
Input: task2 Output: TASK2
Input: task1 Output: TASK1
Input: task2 Output: TASK2
Input: task1 Output: TASK1
Input: task2 Output: TASK2
Input: task1 Output: TASK1
Input: task2 Output: TASK2
Input: task1 Output: TASK1
Input: task2 Output: TASK2
Input: task1 Output: TASK1
Input: task2 Output: TASK2
Input: task1 Output: TASK1
Input: task2 Output: TASK2
Input: task1 Output: TASK1
Input: task2 Output: TASK2
Input: task1 Output: TASK1
Input: task2 Output: TASK2
Input: task1 Output: TASK1
Input: task2 Output: TASK2
Input: task1 Output: TASK1
Input: task2 Output: TASK2
Input: task1 Output: TASK1
Input: task2 Output: TASK2
Input: task1 Output: TASK1
Input: task2 Output: TASK2
Input: task1 Output: TASK1
Input: task2 Output: TASK2
Input: task1 Output: TASK1
Input: task2 Output: TASK2
Input: task1 Output: TASK1
Input: task2 Output: TASK2
Input: task1 Output: TASK1
Input: task2 Output: TASK2
Input: task1 Output: TASK1
Input: task2 Output: TASK2
Input: task1 Output: TASK1
Input: task2 Output: TASK2
Input: task1 Output: TASK1
Input: task2 Output: TASK2
Input: task1 Output: TASK1
Input: task2 Output: TASK2
Input: task1 Output: TASK1
Input: task2 Output: TASK2
Input: task1 Output: TASK1
Input: task2 Output: TASK2
Input: task1 Output: TASK1
Input: task2 Output: TASK2
Input: task1 Output: TASK1
Input: task2 Output: TASK2
Input: task1 Output: TASK1
Input: task2 Output: TASK2
Input: task1 Output: TASK1
Input: task2 Output: TASK2
Input: task1 Output: TASK1
Input: task2 Output: TASK2
Input: task1 Output: TASK1
Input: task2 Output: TASK2
Input: task1 Output: TASK1
Input: task2 Output: TASK2
Input: task1 Output: TASK1
Input: task2 Output: TASK2
Input: task1 Output: TASK1
Input: task2 Output: TASK2
Input: task1 Output: TASK1
Input: task2 Output: TASK2
Input: task1 Output: TASK1
Input: task2 Output: TASK2
Input: task1 Output: TASK1
Input: task2 Output: TASK2
Input: task1 Output: TASK1
Input: task2 Output: TASK2
Input: task1 Output: TASK1
Input: task2 Output: TASK2
Input: task1 Output: TASK1
Input: task2 Output: TASK2
Input: task1 Output: TASK1
Input: task2 Output: TASK2
Input: task1 Output: TASK1
Input: task2 Output: TASK2
Input: task1 Output: TASK1
Input: task2 Output: TASK2
Input: task1 Output: TASK1
Input: task2 Output: TASK2
Input: task1 Output: TASK1
Input: task2 Output: TASK2
Input: task1 Output: TASK1
Input: task2 Output: TASK2
Input: task1 Output: TASK1
Input: task2 Output: TASK2
Input: task1 Output: TASK1
Input: task2 Output: TASK2
Input: task1 Output: TASK1
Input: task2 Output: TASK2
Input: task1 Output: TASK1
Input: task2 Output: TASK2
Input: task1 Output: TASK1
Input: task2 Output: TASK2
Input: task1 Output: TASK1
Input: task2 Output: TASK2
Input: task1 Output: TASK1
Input: task2 Output: TASK2
Input: task1 Output: TASK1
Input: task2 Output: TASK2
Input: task1 Output: TASK1
Input: task2 Output: TASK2
Input: task1 Output: TASK1
Input: task2 Output: TASK2
Input: task1 Output: TASK1
Input: task2 Output: TASK2
Input: task1 Output: TASK1
Input: task2 Output: TASK2
Input: task1 Output: TASK1
Input: task2 Output: TASK2
Input: task1 Output: TASK1
Input: task2 Output: TASK2
Input: task1 Output: TASK1
Input: task2 Output: TASK2
Input: task1 Output: TASK1
Input: task2 Output: TASK2
Input: task1 Output: TASK1
Input: task2 Output: TASK2
Input: task1 Output: TASK1
Input: task2 Output: TASK2
Input: task1 Output: TASK1
Input: task2 Output: TASK2
Input: task1 Output: TASK1
Input: task2 Output: TASK2
Input: task1 Output: TASK1
Input: task2 Output: TASK2
Input: task1 Output: TASK1
Input: task2 Output: TASK2
Input: task1 Output: TASK1
Input: task2 Output: TASK2
Input: task1 Output: TASK1
Input: task2 Output: TASK2
Input: task1 Output: TASK1
Input: task2 Output: TASK2
Input: task1 Output: TASK1
Input: task2 Output: TASK2
Input: task1 Output: TASK1
Input: task2 Output: TASK2
Input: task1 Output: TASK1
Input: task2 Output: TASK2
Input: task1 Output: TASK1
Input: task2 Output: TASK2
Input: task1 Output: TASK1
Input: task2 Output: TASK2
Input: task1 Output: TASK1
Input: task2 Output: TASK2
Input: task1 Output: TASK1
Input: task2 Output: TASK2
Input: task1 Output: TASK1
Input: task2 Output: TASK2
Input: task1 Output: TASK1
Input: task2 Output: TASK2
Input: task1 Output: TASK1
Input: task2 Output: TASK2
Input: task1 Output: TASK1
Input: task2 Output: TASK2
Input: task1 Output: TASK1
Input: task2 Output: TASK2
Input: task1 Output: TASK1
Input: task2 Output: TASK2
Input: task1 Output: TASK1
Input: task2 Output: TASK2
Input: task1 Output: TASK1
Input: task2 Output: TASK2
Input: task1 Output: TASK1
Input: task2 Output: TASK2
Input: task1 Output: TASK1
Input: task2 Output: TASK2
Input: task1 Output: TASK1
Input: task2 Output: TASK2
Input: task1 Output: TASK1
Input: task2 Output: TASK2
Input: task1 Output: TASK1
Input: task2 Output: TASK2
Input: task1 Output: TASK1
Input: task2 Output: TASK2
Input: task1 Output: TASK1
Input: task2 Output: TASK2
Input: task1 Output: TASK1
Input: task2 Output: TASK2
Input: task1 Output: TASK1
Input: task2 Output: TASK2
Input: task1 Output: TASK1
Input: task2 Output: TASK2
Input: task1 Output: TASK1
Input: task2 Output: TASK2
Input: task1 Output: TASK1
Input: task2 Output: TASK2
Input: task1 Output: TASK1
Input: task2 Output: TASK2
Input: task1 Output: TASK1
Input: task2 Output: TASK2
Input: task1 Output: TASK1
Input: task2 Output: TASK2
Input: task1 Output: TASK1
Input: task2 Output: TASK2
Input: task1 Output: TASK1
Input: task2 Output: TASK2
Input: task1 Output: TASK1
Input: task2 Output: TASK2
Input: task1 Output: TASK1
Input: task2 Output: TASK2
Input: task1 Output: TASK1
Input: task2 Output: TASK2
Input: task1 Output: TASK1
Input: task2 Output: TASK2
Input: task1 Output: TASK1
Input: task2 Output: TASK2
Input: task1 Output: TASK1
Input: task2 Output: TASK2
Input: task1 Output: TASK1
Input: task2 Output: TASK2
Input: task1 Output: TASK1
Input: task2 Output: TASK2
Input: task1 Output: TASK1
Input: task2 Output: TASK2
Input: task2 Output: TASK2
Input: task1 Output: TASK1
Input: task2 Output: TASK2
Input: task1 Output: TASK1
Input: task2 Output: TASK2
Input: task1 Output: TASK1
Input: task2 Output: TASK2
Input: task1 Output: TASK1
Input: task2 Output: TASK2
Input: task1 Output: TASK1
Input: task2 Output: TASK2
Input: task1 Output: TASK1
Input: task2 Output: TASK2
Input: task1 Output: TASK1
Input: task2 Output: TASK2
Input: task1 Output: TASK1
Input: task2 Output: TASK2
Input: task1 Output: TASK1
Input: task2 Output: TASK2
Input: task1 Output: TASK1
Input: task2 Output: TASK2
Input: task1 Output: TASK1
Input: task2 Output: TASK2
Input: task1 Output: TASK1
Input: task2 Output: TASK2
Input: task1 Output: TASK1
Input: task2 Output: TASK2
Input: task1 Output: TASK1
Input: task2 Output: TASK2
Input: task1 Output: TASK1
Input: task2 Output: TASK2
Input: task1 Output: TASK1
Input: task2 Output: TASK2
Input: task1 Output: TASK1
Input: task2 Output: TASK2
Input: task1 Output: TASK1
Input: task2 Output: TASK2
Input: task1 Output: TASK1
Input: task2 Output: TASK2
Input: task1 Output: TASK1
Input: task2 Output: TASK2
Input: task1 Output: TASK1
Input: task2 Output: TASK2
Input: task1 Output: TASK1
Input: task2 Output: TASK2
Input: task1 Output: TASK1
Input: task2 Output: TASK2
Input: task1 Output: TASK1
Input: task2 Output: TASK2
Input: task1 Output: TASK1
Input: task2 Output: TASK2
Input: task1 Output: TASK1
Input: task2 Output: TASK2
Input: task1 Output: TASK1
Input: task2 Output: TASK2
Input: task1 Output: TASK1
Input: task2 Output: TASK2
Input: task1 Output: TASK1
Input: task2 Output: TASK2
Input: task1 Output: TASK1
Input: task2 Output: TASK2
Input: task1 Output: TASK1
Input: task2 Output: TASK2
Input: task1 Output: TASK1
Input: task2 Output: TASK2
Input: task1 Output: TASK1
Input: task2 Output: TASK2
Input: task1 Output: TASK1
Input: task2 Output: TASK2
Input: task1 Output: TASK1
Input: task2 Output: TASK2
Input: task1 Output: TASK1
Input: task2 Output: TASK2
Input: task1 Output: TASK1
Input: task2 Output: TASK2
Input: task1 Output: TASK1
Input: task2 Output: TASK2
Input: task1 Output: TASK1
Input: task2 Output: TASK2
Input: task1 Output: TASK1
Input: task2 Output: TASK2
Input: task1 Output: TASK1
Input: task2 Output: TASK2
Input: task1 Output: TASK1
Input: task2 Output: TASK2
Input: task1 Output: TASK1
Input: task2 Output: TASK2
Input: task1 Output: TASK1
Input: task2 Output: TASK2
Input: task1 Output: TASK1
Input: task2 Output: TASK2
Input: task1 Output: TASK1
Input: task2 Output: TASK2
Input: task1 Output: TASK1
Input: task2 Output: TASK2
Input: task1 Output: TASK1
Input: task2 Output: TASK2
Input: task1 Output: TASK1
Input: task2 Output: TASK2
Input: task1 Output: TASK1
Input: task2 Output: TASK2
Input: task1 Output: TASK1
Input: task2 Output: TASK2
Input: task1 Output: TASK1
Input: task2 Output: TASK2
Input: task1 Output: TASK1
Input: task2 Output: TASK2
Input: task1 Output: TASK1
Input: task2 Output: TASK2
Input: task1 Output: TASK1
Input: task2 Output: TASK2
Input: task1 Output: TASK1
Input: task2 Output: TASK2
Input: task1 Output: TASK1
Input: task2 Output: TASK2
Input: task1 Output: TASK1
Input: task2 Output: TASK2
Input: task1 Output: TASK1
Input: task2 Output: TASK2
Input: task1 Output: TASK1
Input: task2 Output: TASK2
Input: task1 Output: TASK1
Input: task2 Output: TASK2
Input: task1 Output: TASK1
Input: task1 Output: TASK1
Input: task2 Output: TASK2
Input: task1 Output: TASK1
Input: task2 Output: TASK2
Input: task1 Output: TASK1
Input: task2 Output: TASK2
Input: task1 Output: TASK1
Input: task2 Output: TASK2
Input: task1 Output: TASK1
Input: task2 Output: TASK2
Input: task1 Output: TASK1
Input: task2 Output: TASK2
Input: task1 Output: TASK1
Input: task2 Output: TASK2
Input: task1 Output: TASK1
Input: task2 Output: TASK2
Input: task1 Output: TASK1
Input: task2 Output: TASK2
Input: task1 Output: TASK1
Input: task2 Output: TASK2
Input: task1 Output: TASK1
Input: task2 Output: TASK2
Input: task1 Output: TASK1
Input: task2 Output: TASK2
Input: task1 Output: TASK1
Input: task2 Output: TASK2
Input: task1 Output: TASK1
Input: task2 Output: TASK2
Input: task1 Output: TASK1
Input: task2 Output: TASK2
Input: task1 Output: TASK1
Input: task2 Output: TASK2
Input: task1 Output: TASK1
Input: task2 Output: TASK2
Input: task1 Output: TASK1
Input: task2 Output: TASK2
Input: task1 Output: TASK1
Input: task2 Output: TASK2
Input: task1 Output: TASK1
Input: task2 Output: TASK2
Input: task1 Output: TASK1
Input: task2 Output: TASK2
Input: task1 Output: TASK1
Input: task2 Output: TASK2
Input: task1 Output: TASK1
Input: task2 Output: TASK2
Input: task1 Output: TASK1
Input: task2 Output: TASK2
Input: task1 Output: TASK1
Input: task2 Output: TASK2
Input: task1 Output: TASK1
Input: task2 Output: TASK2
Input: task1 Output: TASK1
Input: task2 Output: TASK2
Input: task1 Output: TASK1
Input: task2 Output: TASK2
Input: task1 Output: TASK1
Input: task2 Output: TASK2
Input: task1 Output: TASK1
Input: task2 Output: TASK2
Input: task1 Output: TASK1
Input: task2 Output: TASK2
Input: task1 Output: TASK1
Input: task2 Output: TASK2
Input: task1 Output: TASK1
Input: task2 Output: TASK2
Input: task1 Output: TASK1
Input: task2 Output: TASK2
Input: task1 Output: TASK1
Input: task2 Output: TASK2
Input: task1 Output: TASK1
Input: task2 Output: TASK2
Input: task1 Output: TASK1
Input: task2 Output: TASK2
Input: task1 Output: TASK1
Input: task2 Output: TASK2
Input: task1 Output: TASK1
Input: task2 Output: TASK2
Input: task1 Output: TASK1
Input: task2 Output: TASK2
Input: task1 Output: TASK1
Input: task2 Output: TASK2
Input: task1 Output: TASK1
Input: task2 Output: TASK2
Input: task1 Output: TASK1
Input: task2 Output: TASK2
Input: task1 Output: TASK1
Input: task2 Output: TASK2
Input: task1 Output: TASK1
Input: task2 Output: TASK2
Input: task1 Output: TASK1
Input: task2 Output: TASK2
Input: task1 Output: TASK1
Input: task2 Output: TASK2
Input: task1 Output: TASK1
Input: task2 Output: TASK2
Input: task1 Output: TASK1
Input: task2 Output: TASK2
Input: task1 Output: TASK1
Input: task2 Output: TASK2
Input: task1 Output: TASK1
Input: task2 Output: TASK2
Input: task1 Output: TASK1
Input: task2 Output: TASK2
Input: task1 Output: TASK1
Input: task2 Output: TASK2
Input: task1 Output: TASK1
Input: task2 Output: TASK2
Input: task1 Output: TASK1
Input: task2 Output: TASK2
Input: task1 Output: TASK1
Input: task2 Output: TASK2
Input: task1 Output: TASK1
Input: task2 Output: TASK2
Input: task1 Output: TASK1
Input: task2 Output: TASK2
Input: task1 Output: TASK1
Input: task2 Output: TASK2
Input: task1 Output: TASK1
Input: task2 Output: TASK2
Input: task1 Output: TASK1
Input: task2 Output: TASK2
Input: task1 Output: TASK1
Input: task2 Output: TASK2
Input: task1 Output: TASK1
Input: task2 Output: TASK2
Input: task1 Output: TASK1
Input: task2 Output: TASK2
Input: task1 Output: TASK1
Input: task2 Output: TASK2
Input: task1 Output: TASK1
Input: task2 Output: TASK2
Input: task1 Output: TASK1
Input: task2 Output: TASK2
Input: task1 Output: TASK1
Input: task2 Output: TASK2
Input: task1 Output: TASK1
Input: task2 Output: TASK2
Input: task1 Output: TASK1
Input: task2 Output: TASK2
Input: task1 Output: TASK1
Input: task2 Output: TASK2
Input: task1 Output: TASK1
Input: task2 Output: TASK2
Input: task1 Output: TASK1
Input: task2 Output: TASK2
Input: task1 Output: TASK1
Input: task2 Output: TASK2
Input: task1 Output: TASK1
Input: task2 Output: TASK2
Input: task1 Output: TASK1
Input: task2 Output: TASK2
Input: task1 Output: TASK1
Input: task2 Output: TASK2
Input: task1 Output: TASK1
Input: task2 Output: TASK2
Input: task1 Output: TASK1
Input: task2 Output: TASK2
Input: task1 Output: TASK1
Input: task2 Output: TASK2
Input: task1 Output: TASK1
Input: task2 Output: TASK2
Input: task1 Output: TASK1
Input: task2 Output: TASK2
Input: task1 Output: TASK1
Input: task2 Output: TASK2
Input: task1 Output: TASK1
Input: task2 Output: TASK2
Input: task1 Output: TASK1
Input: task2 Output: TASK2
Input: task1 Output: TASK1
Input: task2 Output: TASK2
Input: task1 Output: TASK1
Input: task2 Output: TASK2
Input: task1 Output: TASK1
Input: task2 Output: TASK2
Input: task1 Output: TASK1
Input: task2 Output: TASK2
Input: task1 Output: TASK1
Input: task2 Output: TASK2
Input: task1 Output: TASK1
Input: task2 Output: TASK2
Input: task1 Output: TASK1
Input: task2 Output: TASK2
Input: task1 Output: TASK1
Input: task2 Output: TASK2
Input: task1 Output: TASK1
Input: task2 Output: TASK2
Input: task1 Output: TASK1
Input: task2 Output: TASK2
Input: task1 Output: TASK1
Input: task2 Output: TASK2
Input: task1 Output: TASK1
Input: task2 Output: TASK2
Input: task1 Output: TASK1
Input: task2 Output: TASK2
Input: task1 Output: TASK1
Input: task2 Output: TASK2
Input: task1 Output: TASK1
Input: task2 Output: TASK2
Input: task1 Output: TASK1
Input: task2 Output: TASK2
Input: task1 Output: TASK1
Input: task2 Output: TASK2
Input: task1 Output: TASK1
Input: task2 Output: TASK2
Input: task1 Output: TASK1
Input: task2 Output: TASK2
Input: task1 Output: TASK1
Input: task2 Output: TASK2
Input: task1 Output: TASK1
Input: task2 Output: TASK2
Input: task1 Output: TASK1
Input: task2 Output: TASK2
Input: task1 Output: TASK1
Input: task2 Output: TASK2
Input: task2 Output: TASK2
Input: task1 Output: TASK1
Input: task2 Output: TASK2
Input: task1 Output: TASK1
Input: task2 Output: TASK2
Input: task1 Output: TASK1
Input: task2 Output: TASK2
Input: task1 Output: TASK1
Input: task2 Output: TASK2
Input: task1 Output: TASK1
Input: task2 Output: TASK2
Input: task1 Output: TASK1
Input: task2 Output: TASK2
Input: task1 Output: TASK1
Input: task2 Output: TASK2
Input: task1 Output: TASK1
Input: task2 Output: TASK2
Input: task1 Output: TASK1
Input: task1 Output: TASK1
Input: task2 Output: TASK2
Input: task1 Output: TASK1
Input: task2 Output: TASK2
Input: task1 Output: TASK1
Input: task2 Output: TASK2
Input: task1 Output: TASK1
Input: task2 Output: TASK2
Input: task1 Output: TASK1
Input: task2 Output: TASK2
Input: task1 Output: TASK1
Input: task2 Output: TASK2
Input: task2 Output: TASK2
Input: task1 Output: TASK1
Input: task2 Output: TASK2
Input: task1 Output: TASK1
Input: task2 Output: TASK2
Input: task1 Output: TASK1
Input: task2 Output: TASK2
Input: task1 Output: TASK1
Input: task1 Output: TASK1
Input: task2 Output: TASK2
Input: task1 Output: TASK1
Input: task2 Output: TASK2
Input: task1 Output: TASK1
Input: task2 Output: TASK2
Input: task1 Output: TASK1
Input: task2 Output: TASK2
Input: task1 Output: TASK1
Input: task2 Output: TASK2
Input: task1 Output: TASK1
Input: task2 Output: TASK2
Input: task1 Output: TASK1
Input: task2 Output: TASK2
Input: task1 Output: TASK1
Input: task2 Output: TASK2
Input: task1 Output: TASK1
Input: task2 Output: TASK2
Input: task1 Output: TASK1
Input: task2 Output: TASK2
Input: task1 Output: TASK1
Input: task2 Output: TASK2
Input: task1 Output: TASK1
Input: task2 Output: TASK2
Input: task1 Output: TASK1
Input: task2 Output: TASK2
Input: task1 Output: TASK1
Input: task2 Output: TASK2
Input: task1 Output: TASK1
Input: task2 Output: TASK2
Input: task1 Output: TASK1
Input: task2 Output: TASK2
Input: task1 Output: TASK1
Input: task2 Output: TASK2
Input: task1 Output: TASK1
Input: task2 Output: TASK2
Input: task1 Output: TASK1
Input: task2 Output: TASK2
Input: task1 Output: TASK1
Input: task2 Output: TASK2
Input: task1 Output: TASK1
Input: task2 Output: TASK2
Input: task1 Output: TASK1
Input: task2 Output: TASK2
Input: task1 Output: TASK1
Input: task2 Output: TASK2
Input: task1 Output: TASK1
Input: task2 Output: TASK2
Input: task1 Output: TASK1
Input: task2 Output: TASK2
Input: task1 Output: TASK1
Input: task2 Output: TASK2
Input: task1 Output: TASK1
Input: task2 Output: TASK2
Input: task1 Output: TASK1
Input: task2 Output: TASK2
Input: task1 Output: TASK1
Input: task2 Output: TASK2
Input: task1 Output: TASK1
Input: task2 Output: TASK2
Input: task1 Output: TASK1
Input: task2 Output: TASK2
Input: task1 Output: TASK1
Input: task2 Output: TASK2
Input: task1 Output: TASK1
Input: task2 Output: TASK2
Input: task1 Output: TASK1
Input: task2 Output: TASK2
Input: task1 Output: TASK1
Input: task2 Output: TASK2
Input: task1 Output: TASK1
Input: task2 Output: TASK2
Input: task1 Output: TASK1
Input: task2 Output: TASK2
Input: task1 Output: TASK1
Input: task2 Output: TASK2
Input: task2 Output: TASK2
Input: task1 Output: TASK1
Input: task2 Output: TASK2
Input: task1 Output: TASK1
Input: task2 Output: TASK2
Input: task1 Output: TASK1
Input: task2 Output: TASK2
Input: task1 Output: TASK1
Input: task2 Output: TASK2
Input: task1 Output: TASK1
Input: task2 Output: TASK2
Input: task1 Output: TASK1
Input: task2 Output: TASK2
Input: task1 Output: TASK1
Input: task2 Output: TASK2
Input: task1 Output: TASK1
Input: task2 Output: TASK2
Input: task1 Output: TASK1
Input: task2 Output: TASK2
Input: task1 Output: TASK1
Input: task2 Output: TASK2
Input: task1 Output: TASK1
Input: task2 Output: TASK2
Input: task1 Output: TASK1
Input: task2 Output: TASK2
Input: task1 Output: TASK1
Input: task2 Output: TASK2
Input: task1 Output: TASK1
Input: task2 Output: TASK2
Input: task1 Output: TASK1
Input: task2 Output: TASK2
Input: task1 Output: TASK1
Input: task2 Output: TASK2
Input: task1 Output: TASK1
Input: task2 Output: TASK2
Input: task1 Output: TASK1
Input: task2 Output: TASK2
Input: task1 Output: TASK1
Input: task2 Output: TASK2
Input: task1 Output: TASK1
Input: task2 Output: TASK2
Input: task1 Output: TASK1
Input: task2 Output: TASK2
Input: task1 Output: TASK1
Input: task2 Output: TASK2
Input: task1 Output: TASK1
Input: task2 Output: TASK2
Input: task1 Output: TASK1
Input: task2 Output: TASK2
Input: task1 Output: TASK1
Input: task2 Output: TASK2
Input: task1 Output: TASK1
Input: task2 Output: TASK2
Input: task1 Output: TASK1
Input: task2 Output: TASK2
Input: task1 Output: TASK1
Input: task2 Output: TASK2
Input: task1 Output: TASK1
Input: task2 Output: TASK2
Input: task1 Output: TASK1
Input: task2 Output: TASK2
Input: task1 Output: TASK1
Input: task2 Output: TASK2
Input: task1 Output: TASK1
Input: task2 Output: TASK2
Input: task1 Output: TASK1
Input: task2 Output: TASK2
Input: task1 Output: TASK1
Input: task2 Output: TASK2
Input: task1 Output: TASK1
Input: task2 Output: TASK2
Input: task1 Output: TASK1
Input: task2 Output: TASK2
Input: task1 Output: TASK1
Input: task2 Output: TASK2
Input: task1 Output: TASK1
Input: task2 Output: TASK2
Input: task1 Output: TASK1
Input: task2 Output: TASK2
Input: task1 Output: TASK1
Input: task2 Output: TASK2
Input: task1 Output: TASK1
Input: task2 Output: TASK2
Input: task1 Output: TASK1
Input: task2 Output: TASK2
Input: task1 Output: TASK1
Input: task2 Output: TASK2
Input: task1 Output: TASK1
Input: task2 Output: TASK2
Input: task1 Output: TASK1
Input: task2 Output: TASK2
Input: task1 Output: TASK1
Input: task2 Output: TASK2
Input: task1 Output: TASK1
Input: task2 Output: TASK2
Input: task1 Output: TASK1
Input: task2 Output: TASK2
Input: task1 Output: TASK1
Input: task2 Output: TASK2
Input: task1 Output: TASK1
Input: task2 Output: TASK2
Input: task1 Output: TASK1
Input: task2 Output: TASK2
Input: task1 Output: TASK1
Input: task2 Output: TASK2
Input: task1 Output: TASK1
Input: task2 Output: TASK2
Input: task1 Output: TASK1
Input: task2 Output: TASK2
Input: task1 Output: TASK1
Input: task2 Output: TASK2
Input: task1 Output: TASK1
Input: task2 Output: TASK2
Input: task1 Output: TASK1
Input: task2 Output: TASK2
Input: task1 Output: TASK1
Input: task2 Output: TASK2
Input: task1 Output: TASK1
Input: task2 Output: TASK2
Input: task1 Output: TASK1
Input: task2 Output: TASK2
Input: task1 Output: TASK1
Input: task2 Output: TASK2
Input: task1 Output: TASK1
Input: task2 Output: TASK2
Input: task1 Output: TASK1
Input: task2 Output: TASK2
Input: task1 Output: TASK1
Input: task2 Output: TASK2
Input: task1 Output: TASK1
Input: task2 Output: TASK2
Input: task1 Output: TASK1
Input: task2 Output: TASK2
Input: task1 Output: TASK1
Input: task2 Output: TASK2
Input: task1 Output: TASK1
Input: task2 Output: TASK2
Input: task1 Output: TASK1
Input: task2 Output: TASK2
Input: task1 Output: TASK1
Input: task2 Output: TASK2
Input: task1 Output: TASK1
Input: task2 Output: TASK2
Input: task1 Output: TASK1
Input: task2 Output: TASK2
Input: task1 Output: TASK1
Input: task2 Output: TASK2
Input: task1 Output: TASK1
Input: task2 Output: TASK2
Input: task1 Output: TASK1
Input: task2 Output: TASK2
Input: task1 Output: TASK1
Input: task2 Output: TASK2
Input: task1 Output: TASK1
Input: task2 Output: TASK2
Input: task1 Output: TASK1
Input: task2 Output: TASK2
Input: task1 Output: TASK1
Input: task2 Output: TASK2
Input: task1 Output: TASK1
Input: task2 Output: TASK2
Input: task1 Output: TASK1
Input: task2 Output: TASK2
Input: task1 Output: TASK1
Input: task2 Output: TASK2
Input: task1 Output: TASK1
Input: task2 Output: TASK2
Input: task1 Output: TASK1
Input: task2 Output: TASK2
Input: task1 Output: TASK1
Input: task2 Output: TASK2
Input: task1 Output: TASK1
Input: task2 Output: TASK2
Input: task1 Output: TASK1
Input: task2 Output: TASK2
Input: task1 Output: TASK1
Input: task2 Output: TASK2
Input: task1 Output: TASK1
Input: task2 Output: TASK2
Input: task1 Output: TASK1
Input: task2 Output: TASK2
Input: task1 Output: TASK1
Input: task2 Output: TASK2
Input: task1 Output: TASK1
Input: task2 Output: TASK2
Input: task1 Output: TASK1
Input: task2 Output: TASK2
Input: task1 Output: TASK1
Input: task2 Output: TASK2
Input: task1 Output: TASK1
Input: task2 Output: TASK2
Input: task1 Output: TASK1
Input: task2 Output: TASK2
Input: task1 Output: TASK1
Input: task2 Output: TASK2
Input: task1 Output: TASK1
Input: task2 Output: TASK2
Input: task1 Output: TASK1
Input: task2 Output: TASK2
Input: task1 Output: TASK1
Input: task2 Output: TASK2
Input: task1 Output: TASK1
Input: task2 Output: TASK2
Input: task1 Output: TASK1
Input: task2 Output: TASK2
Input: task1 Output: TASK1
Input: task2 Output: TASK2
Input: task1 Output: TASK1
Input: task2 Output: TASK2
Input: task1 Output: TASK1
Input: task2 Output: TASK2
Input: task1 Output: TASK1
Input: task2 Output: TASK2
Input: task1 Output: TASK1
Input: task2 Output: TASK2
Input: task1 Output: TASK1
Input: task2 Output: TASK2
Input: task1 Output: TASK1
Input: task2 Output: TASK2
Input: task1 Output: TASK1
Input: task2 Output: TASK2
Input: task1 Output: TASK1
Input: task2 Output: TASK2
Input: task1 Output: TASK1
Input: task2 Output: TASK2
Input: task1 Output: TASK1
Input: task2 Output: TASK2
Input: task1 Output: TASK1
Input: task2 Output: TASK2
Input: task1 Output: TASK1
Input: task2 Output: TASK2
Input: task1 Output: TASK1
Input: task2 Output: TASK2
Input: task1 Output: TASK1
Input: task2 Output: TASK2
Input: task1 Output: TASK1
Input: task2 Output: TASK2
Input: task1 Output: TASK1
Input: task2 Output: TASK2
Input: task1 Output: TASK1
Input: task2 Output: TASK2
Input: task1 Output: TASK1
Input: task2 Output: TASK2
Input: task1 Output: TASK1
Input: task2 Output: TASK2
Input: task1 Output: TASK1
Input: task2 Output: TASK2
Input: task1 Output: TASK1
Input: task2 Output: TASK2
Input: task1 Output: TASK1
Input: task2 Output: TASK2
Input: task1 Output: TASK1
Input: task2 Output: TASK2
Input: task1 Output: TASK1
Input: task2 Output: TASK2
Input: task1 Output: TASK1
Input: task2 Output: TASK2
Input: task1 Output: TASK1
Input: task2 Output: TASK2
Input: task1 Output: TASK1
Input: task2 Output: TASK2
Input: task1 Output: TASK1
Input: task2 Output: TASK2
Input: task1 Output: TASK1
Input: task2 Output: TASK2
Input: task1 Output: TASK1
Input: task2 Output: TASK2
Input: task1 Output: TASK1
Input: task2 Output: TASK2
Input: task1 Output: TASK1
Input: task2 Output: TASK2
Input: task1 Output: TASK1
Input: task2 Output: TASK2
Input: task1 Output: TASK1
Input: task2 Output: TASK2
Input: task1 Output: TASK1
Input: task2 Output: TASK2
Input: task1 Output: TASK1
Input: task2 Output: TASK2
Input: task1 Output: TASK1
Input: task2 Output: TASK2
Input: task1 Output: TASK1
Input: task2 Output: TASK2
Input: task1 Output: TASK1
Input: task2 Output: TASK2
Input: task1 Output: TASK1
Input: task2 Output: TASK2
Input: task1 Output: TASK1
Input: task2 Output: TASK2
Input: task1 Output: TASK1
Input: task2 Output: TASK2
Input: task1 Output: TASK1
Input: task2 Output: TASK2
Input: task1 Output: TASK1
Input: task2 Output: TASK2
Input: task1 Output: TASK1
Input: task2 Output: TASK2
Input: task1 Output: TASK1
Input: task2 Output: TASK2
Input: task1 Output: TASK1
Input: task2 Output: TASK2
Input: task1 Output: TASK1
Input: task2 Output: TASK2
Input: task1 Output: TASK1
Input: task2 Output: TASK2
Input: task1 Output: TASK1
Input: task2 Output: TASK2
Input: task1 Output: TASK1
Input: task2 Output: TASK2
Input: task1 Output: TASK1
Input: task2 Output: TASK2
Input: task1 Output: TASK1
Input: task2 Output: TASK2
Input: task1 Output: TASK1
Input: task2 Output: TASK2
Input: task1 Output: TASK1
Input: task2 Output: TASK2
Input: task1 Output: TASK1
Input: task2 Output: TASK2
Input: task1 Output: TASK1
Input: task2 Output: TASK2
Input: task1 Output: TASK1
Input: task2 Output: TASK2
Input: task1 Output: TASK1
Input: task2 Output: TASK2
Input: task1 Output: TASK1
Input: task2 Output: TASK2
Input: task1 Output: TASK1
Input: task2 Output: TASK2
Input: task1 Output: TASK1
Input: task2 Output: TASK2
Input: task1 Output: TASK1
Input: task2 Output: TASK2
Input: task1 Output: TASK1
Input: task2 Output: TASK2
Input: task1 Output: TASK1
Input: task2 Output: TASK2
Input: task1 Output: TASK1
Input: task2 Output: TASK2
Input: task1 Output: TASK1
Input: task2 Output: TASK2
Input: task1 Output: TASK1
Input: task2 Output: TASK2
Input: task1 Output: TASK1
Input: task2 Output: TASK2
Input: task1 Output: TASK1
Input: task2 Output: TASK2
Input: task1 Output: TASK1
Input: task2 Output: TASK2
Input: task1 Output: TASK1
Input: task2 Output: TASK2
Input: task1 Output: TASK1
Input: task2 Output: TASK2
Input: task1 Output: TASK1
Input: task2 Output: TASK2
Input: task1 Output: TASK1
Input: task2 Output: TASK2
Input: task1 Output: TASK1
Input: task2 Output: TASK2
Input: task1 Output: TASK1
Input: task2 Output: TASK2
Input: task1 Output: TASK1
Input: task2 Output: TASK2
Input: task1 Output: TASK1
Input: task2 Output: TASK2
Input: task1 Output: TASK1
Input: task2 Output: TASK2
Input: task1 Output: TASK1
Input: task2 Output: TASK2
Input: task1 Output: TASK1
Input: task2 Output: TASK2
Input: task1 Output: TASK1
Input: task2 Output: TASK2
Input: task1 Output: TASK1
Input: task2 Output: TASK2
Input: task1 Output: TASK1
Input: task2 Output: TASK2
Input: task1 Output: TASK1
Input: task2 Output: TASK2
Input: task1 Output: TASK1
Input: task2 Output: TASK2
Input: task1 Output: TASK1
Input: task2 Output: TASK2
Input: task1 Output: TASK1
Input: task2 Output: TASK2
Input: task1 Output: TASK1
Input: task2 Output: TASK2
Input: task1 Output: TASK1
Input: task2 Output: TASK2
Input: task1 Output: TASK1
Input: task2 Output: TASK2
Input: task1 Output: TASK1
Input: task2 Output: TASK2
Input: task1 Output: TASK1
Input: task2 Output: TASK2
Input: task1 Output: TASK1
Input: task2 Output: TASK2
Input: task1 Output: TASK1
Input: task2 Output: TASK2
Input: task1 Output: TASK1
Input: task2 Output: TASK2
Input: task1 Output: TASK1
Input: task2 Output: TASK2
Input: task1 Output: TASK1
Input: task2 Output: TASK2
Input: task1 Output: TASK1
Input: task2 Output: TASK2
Input: task1 Output: TASK1
Input: task2 Output: TASK2
Input: task1 Output: TASK1
Input: task2 Output: TASK2
Input: task1 Output: TASK1
Input: task2 Output: TASK2
Input: task1 Output: TASK1
Input: task2 Output: TASK2
Input: task1 Output: TASK1
Input: task2 Output: TASK2
Input: task1 Output: TASK1
Input: task2 Output: TASK2
Input: task1 Output: TASK1
Input: task2 Output: TASK2
Input: task1 Output: TASK1
Input: task2 Output: TASK2
Input: task1 Output: TASK1
Input: task2 Output: TASK2
Input: task1 Output: TASK1
Input: task2 Output: TASK2
Input: task1 Output: TASK1
Input: task2 Output: TASK2
Input: task1 Output: TASK1
Input: task2 Output: TASK2
Input: task1 Output: TASK1
Input: task2 Output: TASK2
Input: task1 Output: TASK1
Input: task2 Output: TASK2
Input: task1 Output: TASK1
Input: task2 Output: TASK2
Input: task1 Output: TASK1
Input: task2 Output: TASK2
Input: task1 Output: TASK1
Input: task2 Output: TASK2
Input: task1 Output: TASK1
Input: task2 Output: TASK2
Input: task1 Output: TASK1
Input: task2 Output: TASK2
Input: task1 Output: TASK1
Input: task2 Output: TASK2
Input: task1 Output: TASK1
Input: task2 Output: TASK2
Input: task1 Output: TASK1
Input: task2 Output: TASK2
Input: task1 Output: TASK1
Input: task2 Output: TASK2
Input: task1 Output: TASK1
Input: task2 Output: TASK2
Input: task1 Output: TASK1
Input: task2 Output: TASK2
Input: task1 Output: TASK1
Input: task2 Output: TASK2
Input: task1 Output: TASK1
Input: task2 Output: TASK2
Input: task1 Output: TASK1
Input: task2 Output: TASK2
Input: task1 Output: TASK1
Input: task2 Output: TASK2
Input: task1 Output: TASK1
Input: task2 Output: TASK2
Input: task1 Output: TASK1
Input: task2 Output: TASK2
Input: task1 Output: TASK1
Input: task2 Output: TASK2
Input: task1 Output: TASK1
Input: task2 Output: TASK2
Input: task1 Output: TASK1
Input: task2 Output: TASK2
Input: task1 Output: TASK1
Input: task2 Output: TASK2
Input: task1 Output: TASK1
Input: task2 Output: TASK2
Input: task1 Output: TASK1
Input: task2 Output: TASK2
Input: task1 Output: TASK1
Input: task2 Output: TASK2
Input: task1 Output: TASK1
Input: task2 Output: TASK2
Input: task1 Output: TASK1
Input: task2 Output: TASK2
Input: task1 Output: TASK1
Input: task2 Output: TASK2
Input: task1 Output: TASK1
Input: task2 Output: TASK2
Input: task1 Output: TASK1
Input: task2 Output: TASK2
Input: task1 Output: TASK1
Input: task2 Output: TASK2
Input: task1 Output: TASK1
Input: task2 Output: TASK2
Input: task1 Output: TASK1
Input: task2 Output: TASK2
Input: task1 Output: TASK1
Input: task2 Output: TASK2
Input: task1 Output: TASK1
Input: task2 Output: TASK2
Input: task1 Output: TASK1
Input: task2 Output: TASK2
Input: task1 Output: TASK1
Input: task2 Output: TASK2
Input: task1 Output: TASK1
Input: task2 Output: TASK2
Input: task1 Output: TASK1
Input: task2 Output: TASK2
Input: task1 Output: TASK1
Input: task2 Output: TASK2
Input: task1 Output: TASK1
Input: task2 Output: TASK2
Input: task1 Output: TASK1
Input: task2 Output: TASK2
Input: task1 Output: TASK1
Input: task2 Output: TASK2
Input: task1 Output: TASK1
Input: task2 Output: TASK2
Input: task1 Output: TASK1
Input: task2 Output: TASK2
Input: task1 Output: TASK1
Input: task2 Output: TASK2
Input: task1 Output: TASK1
Input: task2 Output: TASK2
Input: task1 Output: TASK1
Input: task2 Output: TASK2
Input: task1 Output: TASK1
Input: task2 Output: TASK2
Input: task1 Output: TASK1
Input: task2 Output: TASK2
Input: task1 Output: TASK1
Input: task2 Output: TASK2
Input: task1 Output: TASK1
Input: task2 Output: TASK2
Input: task1 Output: TASK1
Input: task2 Output: TASK2
Input: task1 Output: TASK1
Input: task2 Output: TASK2
Input: task1 Output: TASK1
Input: task2 Output: TASK2
Input: task1 Output: TASK1
Input: task2 Output: TASK2
Input: task1 Output: TASK1
Input: task2 Output: TASK2
Input: task1 Output: TASK1
Input: task2 Output: TASK2
Input: task1 Output: TASK1
Input: task2 Output: TASK2
Input: task1 Output: TASK1
Input: task2 Output: TASK2
Input: task1 Output: TASK1
Input: task2 Output: TASK2
Input: task1 Output: TASK1
Input: task2 Output: TASK2
Input: task1 Output: TASK1
Input: task2 Output: TASK2
Input: task1 Output: TASK1
Input: task2 Output: TASK2
Input: task1 Output: TASK1
Input: task2 Output: TASK2
Input: task1 Output: TASK1
Input: task2 Output: TASK2
Input: task1 Output: TASK1
Input: task2 Output: TASK2
Input: task1 Output: TASK1
Input: task2 Output: TASK2
Input: task1 Output: TASK1
Input: task2 Output: TASK2
Input: task1 Output: TASK1
Input: task2 Output: TASK2
Input: task1 Output: TASK1
Input: task2 Output: TASK2
Input: task1 Output: TASK1
Input: task2 Output: TASK2
Input: task1 Output: TASK1
Input: task2 Output: TASK2
Input: task1 Output: TASK1
Input: task2 Output: TASK2
Input: task1 Output: TASK1
Input: task2 Output: TASK2
Input: task1 Output: TASK1
Input: task2 Output: TASK2
Input: task1 Output: TASK1
Input: task2 Output: TASK2
Input: task1 Output: TASK1
Input: task2 Output: TASK2
Input: task1 Output: TASK1
Input: task2 Output: TASK2
Input: task1 Output: TASK1
Input: task2 Output: TASK2
Input: task1 Output: TASK1
Input: task2 Output: TASK2
Input: task1 Output: TASK1
Input: task2 Output: TASK2
Input: task1 Output: TASK1
Input: task2 Output: TASK2
Input: task1 Output: TASK1
Input: task2 Output: TASK2
Input: task1 Output: TASK1
Input: task2 Output: TASK2
Input: task1 Output: TASK1
Input: task2 Output: TASK2
Input: task1 Output: TASK1
Input: task2 Output: TASK2
Input: task1 Output: TASK1
Input: task2 Output: TASK2
Input: task1 Output: TASK1
Input: task2 Output: TASK2
Input: task1 Output: TASK1
Input: task2 Output: TASK2
Input: task1 Output: TASK1
Input: task2 Output: TASK2
Input: task1 Output: TASK1
Input: task2 Output: TASK2
Input: task1 Output: TASK1
Input: task2 Output: TASK2
Input: task1 Output: TASK1
Input: task2 Output: TASK2
Input: task1 Output: TASK1
Input: task2 Output: TASK2
Input: task1 Output: TASK1
Input: task2 Output: TASK2
Input: task1 Output: TASK1
Input: task2 Output: TASK2
Input: task1 Output: TASK1
Input: task2 Output: TASK2
Input: task1 Output: TASK1
Input: task2 Output: TASK2
Input: task1 Output: TASK1
Input: task2 Output: TASK2
Input: task1 Output: TASK1
Input: task2 Output: TASK2
Input: task1 Output: TASK1
Input: task2 Output: TASK2
Input: task1 Output: TASK1
Input: task2 Output: TASK2
Input: task1 Output: TASK1
Input: task2 Output: TASK2
Input: task1 Output: TASK1
Input: task2 Output: TASK2
Input: task1 Output: TASK1
Input: task2 Output: TASK2
Input: task1 Output: TASK1
Input: task2 Output: TASK2
Input: task1 Output: TASK1
Input: task2 Output: TASK2
Input: task1 Output: TASK1
Input: task2 Output: TASK2
Input: task1 Output: TASK1
Input: task2 Output: TASK2
Input: task1 Output: TASK1
Input: task2 Output: TASK2
Input: task1 Output: TASK1
Input: task2 Output: TASK2
Input: task2 Output: TASK2
Input: task1 Output: TASK1
Input: task2 Output: TASK2
Input: task1 Output: TASK1
Input: task2 Output: TASK2
Input: task1 Output: TASK1
Input: task2 Output: TASK2
Input: task1 Output: TASK1
Input: task2 Output: TASK2
Input: task1 Output: TASK1
Input: task2 Output: TASK2
Input: task1 Output: TASK1
Input: task2 Output: TASK2
Input: task1 Output: TASK1
Input: task2 Output: TASK2
Input: task1 Output: TASK1
Input: task2 Output: TASK2
Input: task1 Output: TASK1
Input: task2 Output: TASK2
Input: task1 Output: TASK1
Input: task2 Output: TASK2
Input: task1 Output: TASK1
Input: task2 Output: TASK2
Input: task1 Output: TASK1
Input: task2 Output: TASK2
Input: task1 Output: TASK1
Input: task2 Output: TASK2
Input: task1 Output: TASK1
Input: task2 Output: TASK2
Input: task1 Output: TASK1
Input: task2 Output: TASK2
Input: task1 Output: TASK1
Input: task2 Output: TASK2
Input: task1 Output: TASK1
Input: task2 Output: TASK2
Input: task1 Output: TASK1
Input: task2 Output: TASK2
Input: task1 Output: TASK1
Input: task2 Output: TASK2
Input: task1 Output: TASK1
Input: task2 Output: TASK2
Input: task1 Output: TASK1
Input: task2 Output: TASK2
Input: task1 Output: TASK1
Input: task2 Output: TASK2
Input: task1 Output: TASK1
Input: task2 Output: TASK2
Input: task1 Output: TASK1
Input: task2 Output: TASK2
Input: task1 Output: TASK1
Input: task2 Output: TASK2
Input: task1 Output: TASK1
Input: task2 Output: TASK2
Input: task1 Output: TASK1
Input: task2 Output: TASK2
Input: task1 Output: TASK1
Input: task2 Output: TASK2
Input: task1 Output: TASK1
Input: task2 Output: TASK2
Input: task1 Output: TASK1
Input: task2 Output: TASK2
Input: task1 Output: TASK1
Input: task2 Output: TASK2
Input: task1 Output: TASK1
Input: task2 Output: TASK2
Input: task1 Output: TASK1
Input: task2 Output: TASK2
Input: task1 Output: TASK1
Input: task2 Output: TASK2
Input: task1 Output: TASK1
Input: task2 Output: TASK2
Input: task1 Output: TASK1
Input: task2 Output: TASK2
Input: task1 Output: TASK1
Input: task2 Output: TASK2
Input: task1 Output: TASK1
Input: task2 Output: TASK2
Input: task1 Output: TASK1
Input: task2 Output: TASK2
Input: task1 Output: TASK1
Input: task2 Output: TASK2
Input: task1 Output: TASK1
Input: task2 Output: TASK2
Input: task1 Output: TASK1
Input: task2 Output: TASK2
Input: task1 Output: TASK1
Input: task2 Output: TASK2
Input: task1 Output: TASK1
Input: task2 Output: TASK2
Input: task1 Output: TASK1
Input: task2 Output: TASK2
Input: task1 Output: TASK1
Input: task2 Output: TASK2
Input: task1 Output: TASK1
Input: task2 Output: TASK2
Input: task1 Output: TASK1
Input: task2 Output: TASK2
Input: task1 Output: TASK1
Input: task2 Output: TASK2
Input: task1 Output: TASK1
Input: task2 Output: TASK2
Input: task1 Output: TASK1
Input: task2 Output: TASK2
Input: task1 Output: TASK1
Input: task2 Output: TASK2
Input: task1 Output: TASK1
Input: task2 Output: TASK2
Input: task1 Output: TASK1
Input: task2 Output: TASK2
Input: task1 Output: TASK1
Input: task2 Output: TASK2
Input: task1 Output: TASK1
Input: task2 Output: TASK2
Input: task1 Output: TASK1
Input: task2 Output: TASK2
Input: task1 Output: TASK1
Input: task1 Output: TASK1
Input: task1 Output: TASK1
Input: task1 Output: TASK1
Input: task1 Output: TASK1
Input: task1 Output: TASK1
Input: task1 Output: TASK1
Input: task1 Output: TASK1
Input: task1 Output: TASK1
Input: task2 Output: TASK2
Input: task1 Output: TASK1
Input: task2 Output: TASK2
Input: task1 Output: TASK1
Input: task2 Output: TASK2
Input: task1 Output: TASK1
Input: task2 Output: TASK2
Input: task1 Output: TASK1
Input: task2 Output: TASK2
Input: task1 Output: TASK1
Input: task2 Output: TASK2
Input: task1 Output: TASK1
Input: task2 Output: TASK2
Input: task1 Output: TASK1
Input: task2 Output: TASK2
Input: task1 Output: TASK1
Input: task2 Output: TASK2
Input: task1 Output: TASK1
Input: task2 Output: TASK2
Input: task1 Output: TASK1
Input: task2 Output: TASK2
Input: task1 Output: TASK1
Input: task2 Output: TASK2
Input: task1 Output: TASK1
Input: task2 Output: TASK2
Input: task1 Output: TASK1
Input: task2 Output: TASK2
Input: task1 Output: TASK1
Input: task2 Output: TASK2
Input: task1 Output: TASK1
Input: task2 Output: TASK2
Input: task1 Output: TASK1
Input: task2 Output: TASK2
Input: task1 Output: TASK1
Input: task2 Output: TASK2
Input: task1 Output: TASK1
Input: task2 Output: TASK2
Input: task1 Output: TASK1
Input: task2 Output: TASK2
Input: task1 Output: TASK1
Input: task2 Output: TASK2
Input: task1 Output: TASK1
Input: task2 Output: TASK2
Input: task1 Output: TASK1
Input: task2 Output: TASK2
Input: task1 Output: TASK1
Input: task2 Output: TASK2
Input: task1 Output: TASK1
Input: task2 Output: TASK2
Input: task1 Output: TASK1
Input: task2 Output: TASK2
Input: task1 Output: TASK1
Input: task2 Output: TASK2
Input: task1 Output: TASK1
Input: task2 Output: TASK2
Input: task1 Output: TASK1
Input: task2 Output: TASK2
Input: task1 Output: TASK1
Input: task2 Output: TASK2
Input: task1 Output: TASK1
Input: task2 Output: TASK2
Input: task1 Output: TASK1
Input: task2 Output: TASK2
Input: task1 Output: TASK1
Input: task2 Output: TASK2
Input: task1 Output: TASK1
Input: task2 Output: TASK2
Input: task1 Output: TASK1
Input: task2 Output: TASK2
Input: task1 Output: TASK1
Input: task2 Output: TASK2
Input: task1 Output: TASK1
Input: task2 Output: TASK2
Input: task1 Output: TASK1
Input: task2 Output: TASK2
Input: task1 Output: TASK1
Input: task2 Output: TASK2
Input: task2 Output: TASK2
Input: task2 Output: TASK2
Input: task2 Output: TASK2
Input: task2 Output: TASK2
Input: task1 Output: TASK1
Input: task2 Output: TASK2
Input: task1 Output: TASK1
Input: task2 Output: TASK2
Input: task1 Output: TASK1
Input: task2 Output: TASK2
Input: task1 Output: TASK1
Input: task2 Output: TASK2
Input: task1 Output: TASK1
Input: task2 Output: TASK2
Input: task1 Output: TASK1
Input: task2 Output: TASK2
Input: task1 Output: TASK1
Input: task2 Output: TASK2
Input: task1 Output: TASK1
Input: task2 Output: TASK2
Input: task1 Output: TASK1
Input: task2 Output: TASK2
Input: task1 Output: TASK1
Input: task2 Output: TASK2
Input: task1 Output: TASK1
Input: task2 Output: TASK2
Input: task1 Output: TASK1
Input: task2 Output: TASK2
Input: task1 Output: TASK1
Input: task2 Output: TASK2
Input: task1 Output: TASK1
Input: task2 Output: TASK2
Input: task1 Output: TASK1
Input: task2 Output: TASK2
Input: task1 Output: TASK1
Input: task2 Output: TASK2
Input: task1 Output: TASK1
Input: task2 Output: TASK2
Input: task1 Output: TASK1
Input: task2 Output: TASK2
Input: task1 Output: TASK1
Input: task2 Output: TASK2
Input: task1 Output: TASK1
Input: task2 Output: TASK2
Input: task1 Output: TASK1
Input: task2 Output: TASK2
Input: task1 Output: TASK1
Input: task2 Output: TASK2
Input: task1 Output: TASK1
Input: task2 Output: TASK2
Input: task1 Output: TASK1
Input: task2 Output: TASK2
Input: task1 Output: TASK1
Input: task2 Output: TASK2
Input: task1 Output: TASK1
Input: task2 Output: TASK2
Input: task1 Output: TASK1
Input: task2 Output: TASK2
Input: task1 Output: TASK1
Input: task2 Output: TASK2
Input: task1 Output: TASK1
Input: task2 Output: TASK2
Input: task1 Output: TASK1
Input: task2 Output: TASK2
Input: task1 Output: TASK1
Input: task2 Output: TASK2
Input: task1 Output: TASK1
Input: task2 Output: TASK2
Input: task1 Output: TASK1
Input: task2 Output: TASK2
Input: task1 Output: TASK1
Input: task2 Output: TASK2
Input: task1 Output: TASK1
Input: task2 Output: TASK2
Input: task1 Output: TASK1
Input: task2 Output: TASK2
Input: task1 Output: TASK1
Input: task2 Output: TASK2
Input: task1 Output: TASK1
Input: task2 Output: TASK2
Input: task1 Output: TASK1
Input: task2 Output: TASK2
Input: task1 Output: TASK1
Input: task2 Output: TASK2
Input: task1 Output: TASK1
Input: task2 Output: TASK2
Input: task1 Output: TASK1
Input: task2 Output: TASK2
Input: task1 Output: TASK1
Input: task2 Output: TASK2
Input: task1 Output: TASK1
Input: task2 Output: TASK2
Input: task1 Output: TASK1
Input: task2 Output: TASK2
Input: task1 Output: TASK1
Input: task2 Output: TASK2
Input: task1 Output: TASK1
Input: task2 Output: TASK2
Input: task1 Output: TASK1
Input: task2 Output: TASK2
Input: task1 Output: TASK1
Input: task2 Output: TASK2
Input: task1 Output: TASK1
Input: task2 Output: TASK2
Input: task1 Output: TASK1
Input: task2 Output: TASK2
Input: task1 Output: TASK1
Input: task2 Output: TASK2
Input: task1 Output: TASK1
Input: task2 Output: TASK2
Input: task1 Output: TASK1
Input: task2 Output: TASK2
Input: task1 Output: TASK1
Input: task2 Output: TASK2
Input: task1 Output: TASK1
Input: task2 Output: TASK2
Input: task1 Output: TASK1
Input: task2 Output: TASK2
Input: task1 Output: TASK1
Input: task2 Output: TASK2
Input: task1 Output: TASK1
Input: task2 Output: TASK2
Input: task1 Output: TASK1
Input: task2 Output: TASK2
Input: task1 Output: TASK1
Input: task2 Output: TASK2
Input: task1 Output: TASK1
Input: task2 Output: TASK2
Input: task1 Output: TASK1
Input: task2 Output: TASK2
Input: task1 Output: TASK1
Input: task2 Output: TASK2
Input: task1 Output: TASK1
Input: task2 Output: TASK2
Input: task1 Output: TASK1
Input: task2 Output: TASK2
Input: task1 Output: TASK1
Input: task2 Output: TASK2
Input: task1 Output: TASK1
Input: task2 Output: TASK2
Input: task1 Output: TASK1
Input: task2 Output: TASK2
Input: task1 Output: TASK1
Input: task2 Output: TASK2
Input: task1 Output: TASK1
Input: task2 Output: TASK2
Input: task1 Output: TASK1
Input: task1 Output: TASK1
Input: task2 Output: TASK2
Input: task2 Output: TASK2
Input: task1 Output: TASK1
Input: task1 Output: TASK1
Input: task2 Output: TASK2
Input: task1 Output: TASK1
Input: task2 Output: TASK2
Input: task1 Output: TASK1
Input: task2 Output: TASK2
Input: task1 Output: TASK1
Input: task2 Output: TASK2
Input: task1 Output: TASK1
Input: task2 Output: TASK2
Input: task1 Output: TASK1
Input: task2 Output: TASK2
Input: task1 Output: TASK1
Input: task2 Output: TASK2
Input: task1 Output: TASK1
Input: task2 Output: TASK2
Input: task1 Output: TASK1
Input: task2 Output: TASK2
Input: task1 Output: TASK1
Input: task2 Output: TASK2
Input: task1 Output: TASK1
Input: task2 Output: TASK2
Input: task1 Output: TASK1
Input: task2 Output: TASK2
Input: task1 Output: TASK1
Input: task2 Output: TASK2
Input: task1 Output: TASK1
Input: task2 Output: TASK2
Input: task1 Output: TASK1
Input: task2 Output: TASK2
Input: task1 Output: TASK1
Input: task2 Output: TASK2
Input: task1 Output: TASK1
Input: task2 Output: TASK2
Input: task1 Output: TASK1
Input: task2 Output: TASK2
Input: task1 Output: TASK1
Input: task2 Output: TASK2
Input: task1 Output: TASK1
Input: task2 Output: TASK2
Input: task1 Output: TASK1
Input: task2 Output: TASK2
Input: task1 Output: TASK1
Input: task2 Output: TASK2
Input: task1 Output: TASK1
Input: task2 Output: TASK2
Input: task1 Output: TASK1
Input: task2 Output: TASK2
Input: task1 Output: TASK1
Input: task2 Output: TASK2
Input: task1 Output: TASK1
Input: task2 Output: TASK2
Input: task1 Output: TASK1
Input: task2 Output: TASK2
Input: task1 Output: TASK1
Input: task2 Output: TASK2
Input: task1 Output: TASK1
Input: task2 Output: TASK2
Input: task1 Output: TASK1
Input: task2 Output: TASK2
Input: task1 Output: TASK1
Input: task2 Output: TASK2
Input: task1 Output: TASK1
Input: task2 Output: TASK2
Input: task1 Output: TASK1
Input: task1 Output: TASK1
Input: task2 Output: TASK2
Input: task1 Output: TASK1
Input: task2 Output: TASK2
Input: task1 Output: TASK1
Input: task2 Output: TASK2
Input: task1 Output: TASK1
Input: task2 Output: TASK2
Input: task1 Output: TASK1
Input: task2 Output: TASK2
Input: task1 Output: TASK1
Input: task2 Output: TASK2
Input: task1 Output: TASK1
Input: task2 Output: TASK2
Input: task1 Output: TASK1
Input: task2 Output: TASK2
Input: task1 Output: TASK1
Input: task2 Output: TASK2
Input: task1 Output: TASK1
Input: task2 Output: TASK2
Input: task1 Output: TASK1
Input: task2 Output: TASK2
Input: task1 Output: TASK1
Input: task2 Output: TASK2
Input: task1 Output: TASK1
Input: task2 Output: TASK2
Input: task1 Output: TASK1
Input: task2 Output: TASK2
Input: task1 Output: TASK1
Input: task2 Output: TASK2
Input: task1 Output: TASK1
Input: task2 Output: TASK2
Input: task1 Output: TASK1
Input: task2 Output: TASK2
Input: task1 Output: TASK1
Input: task2 Output: TASK2
Input: task1 Output: TASK1
Input: task2 Output: TASK2
Input: task1 Output: TASK1
Input: task2 Output: TASK2
Input: task1 Output: TASK1
Input: task2 Output: TASK2
Input: task1 Output: TASK1
Input: task2 Output: TASK2
Input: task1 Output: TASK1
Input: task2 Output: TASK2
Input: task1 Output: TASK1
Input: task2 Output: TASK2
Input: task1 Output: TASK1
Input: task2 Output: TASK2
Input: task1 Output: TASK1
Input: task2 Output: TASK2
Input: task1 Output: TASK1
Input: task2 Output: TASK2
Input: task1 Output: TASK1
Input: task2 Output: TASK2
Input: task1 Output: TASK1
Input: task2 Output: TASK2
Input: task1 Output: TASK1
Input: task2 Output: TASK2
Input: task1 Output: TASK1
Input: task2 Output: TASK2
Input: task1 Output: TASK1
Input: task2 Output: TASK2
Input: task1 Output: TASK1
Input: task2 Output: TASK2
Input: task1 Output: TASK1
Input: task2 Output: TASK2
Input: task1 Output: TASK1
Input: task2 Output: TASK2
Input: task1 Output: TASK1
Input: task2 Output: TASK2
Input: task1 Output: TASK1
Input: task2 Output: TASK2
Input: task1 Output: TASK1
Input: task2 Output: TASK2
Input: task1 Output: TASK1
Input: task2 Output: TASK2
Input: task1 Output: TASK1
Input: task2 Output: TASK2
Input: task1 Output: TASK1
Input: task2 Output: TASK2
Input: task1 Output: TASK1
Input: task2 Output: TASK2
Input: task1 Output: TASK1
Input: task2 Output: TASK2
Input: task2 Output: TASK2
Input: task1 Output: TASK1
Input: task2 Output: TASK2
Input: task1 Output: TASK1
Input: task2 Output: TASK2
Input: task1 Output: TASK1
Input: task2 Output: TASK2
Input: task1 Output: TASK1
Input: task1 Output: TASK1
Input: task2 Output: TASK2
Input: task1 Output: TASK1
Input: task2 Output: TASK2
Input: task2 Output: TASK2
Input: task1 Output: TASK1
Input: task2 Output: TASK2
Input: task1 Output: TASK1
Input: task2 Output: TASK2
Input: task1 Output: TASK1
Input: task2 Output: TASK2
Input: task1 Output: TASK1
Input: task2 Output: TASK2
Input: task1 Output: TASK1
Input: task2 Output: TASK2
Input: task1 Output: TASK1
Input: task2 Output: TASK2
Input: task1 Output: TASK1
Input: task2 Output: TASK2
Input: task1 Output: TASK1
Input: task2 Output: TASK2
Input: task1 Output: TASK1
Input: task2 Output: TASK2
Input: task1 Output: TASK1
Input: task2 Output: TASK2
Input: task1 Output: TASK1
Input: task2 Output: TASK2
Input: task1 Output: TASK1
Input: task2 Output: TASK2
Input: task1 Output: TASK1
Input: task2 Output: TASK2
Input: task1 Output: TASK1
Input: task2 Output: TASK2
Input: task1 Output: TASK1
Input: task2 Output: TASK2
Input: task1 Output: TASK1
Input: task2 Output: TASK2
Input: task1 Output: TASK1
Input: task2 Output: TASK2
Input: task1 Output: TASK1
Input: task2 Output: TASK2
Input: task1 Output: TASK1
Input: task2 Output: TASK2
Input: task1 Output: TASK1
Input: task2 Output: TASK2
Input: task1 Output: TASK1
Input: task2 Output: TASK2
Input: task1 Output: TASK1
Input: task2 Output: TASK2
Input: task1 Output: TASK1
Input: task2 Output: TASK2
Input: task1 Output: TASK1
Input: task2 Output: TASK2
Input: task1 Output: TASK1
Input: task2 Output: TASK2
Input: task1 Output: TASK1
Input: task2 Output: TASK2
Input: task1 Output: TASK1
Input: task2 Output: TASK2
Input: task1 Output: TASK1
Input: task2 Output: TASK2
Input: task1 Output: TASK1
Input: task2 Output: TASK2
Input: task1 Output: TASK1
Input: task2 Output: TASK2
Input: task1 Output: TASK1
Input: task2 Output: TASK2
Input: task1 Output: TASK1
Input: task2 Output: TASK2
Input: task1 Output: TASK1
Input: task2 Output: TASK2
Input: task1 Output: TASK1
Input: task2 Output: TASK2
Input: task1 Output: TASK1
Input: task2 Output: TASK2
Input: task1 Output: TASK1
Input: task2 Output: TASK2
Input: task1 Output: TASK1
Input: task2 Output: TASK2
Input: task1 Output: TASK1
Input: task2 Output: TASK2
Input: task1 Output: TASK1
Input: task2 Output: TASK2
Input: task1 Output: TASK1
Input: task2 Output: TASK2
Input: task1 Output: TASK1
Input: task2 Output: TASK2
Input: task1 Output: TASK1
Input: task2 Output: TASK2
Input: task1 Output: TASK1
Input: task2 Output: TASK2
Input: task1 Output: TASK1
Input: task2 Output: TASK2
Input: task1 Output: TASK1
Input: task2 Output: TASK2
Input: task1 Output: TASK1
Input: task2 Output: TASK2
Input: task1 Output: TASK1
Input: task2 Output: TASK2
Input: task1 Output: TASK1
Input: task2 Output: TASK2
Input: task1 Output: TASK1
Input: task2 Output: TASK2
Input: task1 Output: TASK1
Input: task2 Output: TASK2
Input: task1 Output: TASK1
Input: task2 Output: TASK2
Input: task1 Output: TASK1
Input: task2 Output: TASK2
Input: task1 Output: TASK1
Input: task2 Output: TASK2
Input: task1 Output: TASK1
Input: task2 Output: TASK2
Input: task1 Output: TASK1
Input: task2 Output: TASK2
Input: task1 Output: TASK1
Input: task2 Output: TASK2
Input: task1 Output: TASK1
Input: task2 Output: TASK2
Input: task1 Output: TASK1
Input: task2 Output: TASK2
Input: task1 Output: TASK1
Input: task2 Output: TASK2
Input: task1 Output: TASK1
Input: task2 Output: TASK2
Input: task1 Output: TASK1
Input: task2 Output: TASK2
Input: task1 Output: TASK1
Input: task2 Output: TASK2
Input: task1 Output: TASK1
Input: task2 Output: TASK2
Input: task1 Output: TASK1
Input: task2 Output: TASK2
Input: task1 Output: TASK1
Input: task2 Output: TASK2
Input: task1 Output: TASK1
Input: task2 Output: TASK2
Input: task1 Output: TASK1
Input: task2 Output: TASK2
Input: task1 Output: TASK1
Input: task2 Output: TASK2
Input: task1 Output: TASK1
Input: task2 Output: TASK2
Input: task1 Output: TASK1
Input: task2 Output: TASK2
Input: task1 Output: TASK1
Input: task2 Output: TASK2
Input: task1 Output: TASK1
Input: task2 Output: TASK2
Input: task1 Output: TASK1
Input: task2 Output: TASK2
Input: task1 Output: TASK1
Input: task1 Output: TASK1
Input: task2 Output: TASK2
Input: task1 Output: TASK1
Input: task2 Output: TASK2
Input: task2 Output: TASK2
Input: task1 Output: TASK1
Input: task2 Output: TASK2
Input: task1 Output: TASK1
Input: task1 Output: TASK1
Input: task2 Output: TASK2
Input: task1 Output: TASK1
Input: task2 Output: TASK2
Input: task1 Output: TASK1
Input: task2 Output: TASK2
Input: task2 Output: TASK2
Input: task1 Output: TASK1
Input: task2 Output: TASK2
Input: task1 Output: TASK1
Input: task2 Output: TASK2
Input: task1 Output: TASK1
Input: task2 Output: TASK2
Input: task1 Output: TASK1
Input: task2 Output: TASK2
Input: task1 Output: TASK1
Input: task2 Output: TASK2
Input: task1 Output: TASK1
Input: task2 Output: TASK2
Input: task1 Output: TASK1
Input: task2 Output: TASK2
Input: task1 Output: TASK1
Input: task2 Output: TASK2
Input: task1 Output: TASK1
Input: task2 Output: TASK2
Input: task1 Output: TASK1
Input: task2 Output: TASK2
Input: task1 Output: TASK1
Input: task2 Output: TASK2
Input: task1 Output: TASK1
Input: task2 Output: TASK2
Input: task1 Output: TASK1
Input: task2 Output: TASK2
Input: task1 Output: TASK1
Input: task2 Output: TASK2
Input: task1 Output: TASK1
Input: task2 Output: TASK2
Input: task1 Output: TASK1
Input: task2 Output: TASK2
Input: task1 Output: TASK1
Input: task2 Output: TASK2
Input: task1 Output: TASK1
Input: task2 Output: TASK2
Input: task1 Output: TASK1
Input: task2 Output: TASK2
Input: task1 Output: TASK1
Input: task2 Output: TASK2
Input: task1 Output: TASK1
Input: task2 Output: TASK2
Input: task1 Output: TASK1
Input: task2 Output: TASK2
Input: task1 Output: TASK1
Input: task2 Output: TASK2
Input: task1 Output: TASK1
Input: task2 Output: TASK2
Input: task1 Output: TASK1
Input: task2 Output: TASK2
Input: task1 Output: TASK1
Input: task2 Output: TASK2
Input: task1 Output: TASK1
Input: task2 Output: TASK2
Input: task1 Output: TASK1
Input: task2 Output: TASK2
Input: task1 Output: TASK1
Input: task2 Output: TASK2
Input: task1 Output: TASK1
Input: task2 Output: TASK2
Input: task1 Output: TASK1
Input: task2 Output: TASK2
Input: task1 Output: TASK1
Input: task2 Output: TASK2
Input: task1 Output: TASK1
Input: task1 Output: TASK1
Input: task2 Output: TASK2
Input: task1 Output: TASK1
Input: task2 Output: TASK2
Input: task1 Output: TASK1
Input: task2 Output: TASK2
Input: task1 Output: TASK1
Input: task2 Output: TASK2
Input: task1 Output: TASK1
Input: task2 Output: TASK2
Input: task1 Output: TASK1
Input: task2 Output: TASK2
Input: task1 Output: TASK1
Input: task2 Output: TASK2
Input: task1 Output: TASK1
Input: task2 Output: TASK2
Input: task1 Output: TASK1
Input: task2 Output: TASK2
Input: task1 Output: TASK1
Input: task2 Output: TASK2
Input: task1 Output: TASK1
Input: task2 Output: TASK2
Input: task1 Output: TASK1
Input: task2 Output: TASK2
Input: task1 Output: TASK1
Input: task2 Output: TASK2
Input: task1 Output: TASK1
Input: task2 Output: TASK2
Input: task1 Output: TASK1
Input: task2 Output: TASK2
Input: task1 Output: TASK1
Input: task2 Output: TASK2
Input: task1 Output: TASK1
Input: task2 Output: TASK2
Input: task1 Output: TASK1
Input: task2 Output: TASK2
Input: task1 Output: TASK1
Input: task2 Output: TASK2
Input: task1 Output: TASK1
Input: task2 Output: TASK2
Input: task1 Output: TASK1
Input: task2 Output: TASK2
Input: task1 Output: TASK1
Input: task2 Output: TASK2
Input: task1 Output: TASK1
Input: task2 Output: TASK2
Input: task1 Output: TASK1
Input: task2 Output: TASK2
Input: task1 Output: TASK1
Input: task2 Output: TASK2
Input: task1 Output: TASK1
Input: task2 Output: TASK2
Input: task1 Output: TASK1
Input: task2 Output: TASK2
Input: task1 Output: TASK1
Input: task2 Output: TASK2
Input: task1 Output: TASK1
Input: task2 Output: TASK2
Input: task1 Output: TASK1
Input: task2 Output: TASK2
Input: task1 Output: TASK1
Input: task2 Output: TASK2
Input: task1 Output: TASK1
Input: task2 Output: TASK2
Input: task1 Output: TASK1
Input: task2 Output: TASK2
Input: task1 Output: TASK1
Input: task2 Output: TASK2
Input: task1 Output: TASK1
Input: task2 Output: TASK2
Input: task1 Output: TASK1
Input: task2 Output: TASK2
Input: task1 Output: TASK1
Input: task2 Output: TASK2
Input: task1 Output: TASK1
Input: task2 Output: TASK2
Input: task1 Output: TASK1
Input: task2 Output: TASK2
Input: task1 Output: TASK1
Input: task2 Output: TASK2
Input: task1 Output: TASK1
Input: task2 Output: TASK2
Input: task1 Output: TASK1
Input: task2 Output: TASK2
Input: task1 Output: TASK1
Input: task2 Output: TASK2
Input: task1 Output: TASK1
Input: task2 Output: TASK2
Input: task1 Output: TASK1
Input: task2 Output: TASK2
Input: task1 Output: TASK1
Input: task2 Output: TASK2
Input: task1 Output: TASK1
Input: task2 Output: TASK2
Input: task1 Output: TASK1
Input: task2 Output: TASK2
Input: task1 Output: TASK1
Input: task2 Output: TASK2
Input: task1 Output: TASK1
Input: task2 Output: TASK2
Input: task1 Output: TASK1
Input: task2 Output: TASK2
Input: task1 Output: TASK1
Input: task2 Output: TASK2
Input: task1 Output: TASK1
Input: task2 Output: TASK2
Input: task1 Output: TASK1
Input: task2 Output: TASK2
Input: task1 Output: TASK1
Input: task2 Output: TASK2
Input: task1 Output: TASK1
Input: task2 Output: TASK2
Input: task1 Output: TASK1
Input: task2 Output: TASK2
Input: task1 Output: TASK1
Input: task2 Output: TASK2
Input: task1 Output: TASK1
Input: task2 Output: TASK2
Input: task1 Output: TASK1
Input: task2 Output: TASK2
Input: task1 Output: TASK1
Input: task2 Output: TASK2
Input: task1 Output: TASK1
Input: task2 Output: TASK2
Input: task1 Output: TASK1
Input: task2 Output: TASK2
Input: task1 Output: TASK1
Input: task2 Output: TASK2
Input: task1 Output: TASK1
Input: task2 Output: TASK2
Input: task1 Output: TASK1
Input: task2 Output: TASK2
Input: task1 Output: TASK1
Input: task2 Output: TASK2
Input: task1 Output: TASK1
Input: task2 Output: TASK2
Input: task1 Output: TASK1
Input: task2 Output: TASK2
Input: task1 Output: TASK1
Input: task2 Output: TASK2
Input: task1 Output: TASK1
Input: task2 Output: TASK2
Input: task1 Output: TASK1
Input: task2 Output: TASK2
Input: task1 Output: TASK1
Input: task2 Output: TASK2
Input: task1 Output: TASK1
Input: task2 Output: TASK2
Input: task1 Output: TASK1
Input: task2 Output: TASK2
Input: task1 Output: TASK1
Input: task2 Output: TASK2
Input: task1 Output: TASK1
Input: task2 Output: TASK2
Input: task1 Output: TASK1
Input: task2 Output: TASK2
Input: task1 Output: TASK1
Input: task2 Output: TASK2
Input: task1 Output: TASK1
Input: task2 Output: TASK2
Input: task1 Output: TASK1
Input: task2 Output: TASK2
Input: task1 Output: TASK1
Input: task2 Output: TASK2
Input: task1 Output: TASK1
Input: task2 Output: TASK2
Input: task1 Output: TASK1
Input: task2 Output: TASK2
Input: task1 Output: TASK1
Input: task2 Output: TASK2
Input: task1 Output: TASK1
Input: task2 Output: TASK2
Input: task1 Output: TASK1
Input: task2 Output: TASK2
Input: task1 Output: TASK1
Input: task2 Output: TASK2
Input: task1 Output: TASK1
Input: task2 Output: TASK2
Input: task1 Output: TASK1
Input: task2 Output: TASK2
Input: task1 Output: TASK1
Input: task2 Output: TASK2
Input: task1 Output: TASK1
Input: task2 Output: TASK2
Input: task1 Output: TASK1
Input: task2 Output: TASK2
Input: task1 Output: TASK1
Input: task2 Output: TASK2
Input: task1 Output: TASK1
Input: task2 Output: TASK2
Input: task1 Output: TASK1
Input: task2 Output: TASK2
Input: task1 Output: TASK1
Input: task2 Output: TASK2
Input: task1 Output: TASK1
Input: task2 Output: TASK2
Input: task1 Output: TASK1
Input: task2 Output: TASK2
Input: task1 Output: TASK1
Input: task2 Output: TASK2
Input: task1 Output: TASK1
Input: task2 Output: TASK2
Input: task1 Output: TASK1
Input: task2 Output: TASK2
Input: task1 Output: TASK1
Input: task2 Output: TASK2
Input: task1 Output: TASK1
Input: task2 Output: TASK2
Input: task1 Output: TASK1
Input: task2 Output: TASK2
Input: task1 Output: TASK1
Input: task2 Output: TASK2
Input: task1 Output: TASK1
Input: task2 Output: TASK2
Input: task1 Output: TASK1
Input: task2 Output: TASK2
Input: task1 Output: TASK1
Input: task2 Output: TASK2
Input: task1 Output: TASK1
Input: task2 Output: TASK2
Input: task1 Output: TASK1
Input: task2 Output: TASK2
Input: task1 Output: TASK1
Input: task2 Output: TASK2
Input: task1 Output: TASK1
Input: task2 Output: TASK2
Input: task1 Output: TASK1
Input: task2 Output: TASK2
Input: task1 Output: TASK1
Input: task2 Output: TASK2
Input: task1 Output: TASK1
Input: task2 Output: TASK2
Input: task1 Output: TASK1
Input: task2 Output: TASK2
Input: task1 Output: TASK1
Input: task2 Output: TASK2
Input: task1 Output: TASK1
Input: task2 Output: TASK2
Input: task1 Output: TASK1
Input: task2 Output: TASK2
Input: task1 Output: TASK1
Input: task2 Output: TASK2
Input: task1 Output: TASK1
Input: task2 Output: TASK2
Input: task1 Output: TASK1
Input: task2 Output: TASK2
Input: task1 Output: TASK1
Input: task2 Output: TASK2
Input: task1 Output: TASK1
Input: task2 Output: TASK2
Input: task1 Output: TASK1
Input: task2 Output: TASK2
Input: task1 Output: TASK1
Input: task2 Output: TASK2
Input: task1 Output: TASK1
Input: task2 Output: TASK2
Input: task1 Output: TASK1
Input: task2 Output: TASK2
Input: task1 Output: TASK1
Input: task2 Output: TASK2
Input: task1 Output: TASK1
Input: task2 Output: TASK2
Input: task1 Output: TASK1
Input: task2 Output: TASK2
Input: task1 Output: TASK1
Input: task2 Output: TASK2
Input: task1 Output: TASK1
Input: task2 Output: TASK2
Input: task1 Output: TASK1
Input: task2 Output: TASK2
Input: task1 Output: TASK1
Input: task2 Output: TASK2
Input: task1 Output: TASK1
Input: task2 Output: TASK2
Input: task1 Output: TASK1
Input: task2 Output: TASK2
Input: task1 Output: TASK1
Input: task2 Output: TASK2
Input: task1 Output: TASK1
Input: task2 Output: TASK2
Input: task1 Output: TASK1
Input: task2 Output: TASK2
Input: task1 Output: TASK1
Input: task2 Output: TASK2
Input: task1 Output: TASK1
Input: task2 Output: TASK2
Input: task1 Output: TASK1
Input: task2 Output: TASK2
Input: task1 Output: TASK1
Input: task2 Output: TASK2
Input: task1 Output: TASK1
Input: task2 Output: TASK2
Input: task1 Output: TASK1
Input: task2 Output: TASK2
Input: task1 Output: TASK1
Input: task2 Output: TASK2
Input: task1 Output: TASK1
Input: task2 Output: TASK2
Input: task1 Output: TASK1
Input: task2 Output: TASK2
Input: task1 Output: TASK1
Input: task2 Output: TASK2
Input: task1 Output: TASK1
Input: task2 Output: TASK2
Input: task1 Output: TASK1
Input: task2 Output: TASK2
Input: task1 Output: TASK1
Input: task2 Output: TASK2
Input: task1 Output: TASK1
Input: task2 Output: TASK2
Input: task1 Output: TASK1
Input: task2 Output: TASK2
Input: task1 Output: TASK1
Input: task2 Output: TASK2
Input: task1 Output: TASK1
Input: task2 Output: TASK2
Input: task1 Output: TASK1
Input: task2 Output: TASK2
Input: task1 Output: TASK1
Input: task2 Output: TASK2
Input: task1 Output: TASK1
Input: task2 Output: TASK2
Input: task1 Output: TASK1
Input: task2 Output: TASK2
Input: task1 Output: TASK1
Input: task2 Output: TASK2
Input: task1 Output: TASK1
Input: task2 Output: TASK2
Input: task1 Output: TASK1
Input: task2 Output: TASK2
Input: task1 Output: TASK1
Input: task2 Output: TASK2
Input: task1 Output: TASK1
Input: task2 Output: TASK2
Input: task1 Output: TASK1
Input: task2 Output: TASK2
Input: task1 Output: TASK1
Input: task2 Output: TASK2
Input: task1 Output: TASK1
Input: task2 Output: TASK2
Input: task1 Output: TASK1
Input: task2 Output: TASK2
Input: task1 Output: TASK1
Input: task2 Output: TASK2
Input: task1 Output: TASK1
Input: task2 Output: TASK2
Input: task1 Output: TASK1
Input: task2 Output: TASK2
Input: task1 Output: TASK1
Input: task2 Output: TASK2
Input: task1 Output: TASK1
Input: task2 Output: TASK2
Input: task1 Output: TASK1
Input: task2 Output: TASK2
Input: task1 Output: TASK1
Input: task2 Output: TASK2
Input: task1 Output: TASK1
Input: task2 Output: TASK2
Input: task1 Output: TASK1
Input: task2 Output: TASK2
Input: task1 Output: TASK1
Input: task2 Output: TASK2
Input: task1 Output: TASK1
Input: task2 Output: TASK2
Input: task1 Output: TASK1
Input: task2 Output: TASK2
Input: task1 Output: TASK1
Input: task2 Output: TASK2
Input: task1 Output: TASK1
Input: task2 Output: TASK2
Input: task1 Output: TASK1
Input: task2 Output: TASK2
Input: task1 Output: TASK1
Input: task2 Output: TASK2
Input: task1 Output: TASK1
Input: task2 Output: TASK2
Input: task1 Output: TASK1
Input: task2 Output: TASK2
Input: task1 Output: TASK1
Input: task2 Output: TASK2
Input: task1 Output: TASK1
Input: task2 Output: TASK2
Input: task1 Output: TASK1
Input: task2 Output: TASK2
Input: task1 Output: TASK1
Input: task2 Output: TASK2
Input: task1 Output: TASK1
Input: task2 Output: TASK2
Input: task1 Output: TASK1
Input: task2 Output: TASK2
Input: task1 Output: TASK1
Input: task2 Output: TASK2
Input: task1 Output: TASK1
Input: task2 Output: TASK2
Input: task1 Output: TASK1
Input: task2 Output: TASK2
Input: task1 Output: TASK1
Input: task2 Output: TASK2
Input: task1 Output: TASK1
Input: task2 Output: TASK2
Input: task1 Output: TASK1
Input: task2 Output: TASK2
Input: task1 Output: TASK1
Input: task2 Output: TASK2
Input: task1 Output: TASK1
Input: task2 Output: TASK2
Input: task1 Output: TASK1
Input: task2 Output: TASK2
Input: task1 Output: TASK1
Input: task2 Output: TASK2
Input: task1 Output: TASK1
Input: task2 Output: TASK2
Input: task1 Output: TASK1
Input: task2 Output: TASK2
Input: task1 Output: TASK1
Input: task2 Output: TASK2
Input: task1 Output: TASK1
Input: task2 Output: TASK2
Input: task1 Output: TASK1
Input: task2 Output: TASK2
Input: task1 Output: TASK1
Input: task2 Output: TASK2
Input: task1 Output: TASK1
Input: task2 Output: TASK2
Input: task1 Output: TASK1
Input: task2 Output: TASK2
Input: task1 Output: TASK1
Input: task2 Output: TASK2
Input: task1 Output: TASK1
Input: task2 Output: TASK2
Input: task1 Output: TASK1
Input: task2 Output: TASK2
Input: task1 Output: TASK1
Input: task2 Output: TASK2
Input: task1 Output: TASK1
Input: task2 Output: TASK2
Input: task1 Output: TASK1
Input: task2 Output: TASK2
Input: task1 Output: TASK1
Input: task2 Output: TASK2
Input: task1 Output: TASK1
Input: task2 Output: TASK2
Input: task1 Output: TASK1
Input: task2 Output: TASK2
Input: task1 Output: TASK1
Input: task2 Output: TASK2
Input: task1 Output: TASK1
Input: task2 Output: TASK2
Input: task1 Output: TASK1
Input: task2 Output: TASK2
Input: task1 Output: TASK1
Input: task2 Output: TASK2
Input: task1 Output: TASK1
Input: task2 Output: TASK2
Input: task1 Output: TASK1
Input: task2 Output: TASK2
Input: task1 Output: TASK1
Input: task2 Output: TASK2
Input: task1 Output: TASK1
Input: task2 Output: TASK2
Input: task1 Output: TASK1
Input: task2 Output: TASK2
Input: task1 Output: TASK1
Input: task2 Output: TASK2
Input: task1 Output: TASK1
Input: task2 Output: TASK2
Input: task1 Output: TASK1
Input: task2 Output: TASK2
Input: task1 Output: TASK1
Input: task2 Output: TASK2
Input: task1 Output: TASK1
Input: task2 Output: TASK2
Input: task1 Output: TASK1
Input: task2 Output: TASK2
Input: task1 Output: TASK1
Input: task2 Output: TASK2
Input: task1 Output: TASK1
Input: task2 Output: TASK2
Input: task1 Output: TASK1
Input: task2 Output: TASK2
Input: task1 Output: TASK1
Input: task2 Output: TASK2
Input: task1 Output: TASK1
Input: task2 Output: TASK2
Input: task1 Output: TASK1
Input: task2 Output: TASK2
Input: task1 Output: TASK1
Input: task2 Output: TASK2
Input: task1 Output: TASK1
Input: task2 Output: TASK2
Input: task1 Output: TASK1
Input: task2 Output: TASK2
Input: task1 Output: TASK1
Input: task2 Output: TASK2
Input: task1 Output: TASK1
Input: task2 Output: TASK2
Input: task1 Output: TASK1
Input: task2 Output: TASK2
Input: task1 Output: TASK1
Input: task2 Output: TASK2
Input: task1 Output: TASK1
Input: task2 Output: TASK2
Input: task1 Output: TASK1
Input: task2 Output: TASK2
Input: task1 Output: TASK1
Input: task2 Output: TASK2
Input: task1 Output: TASK1
Input: task2 Output: TASK2
Input: task1 Output: TASK1
Input: task2 Output: TASK2
Input: task1 Output: TASK1
Input: task2 Output: TASK2
[...]
Input: task1 Output: TASK1
Input: task2 Output: TASK2
Input: task1 Output: TASK1
Input: task2 Output: TASK2
Input: task1 Output: TASK1
Input: task2 Output: TASK2
Input: task1 Output: TASK1
Input: task2 Output: TASK2
Input: task1 Output: TASK1
Input: task2 Output: TASK2
Input: task1 Output: TASK1
Input: task2 Output: TASK2
Input: task1 Output: TASK1
Input: task2 Output: TASK2
Input: task2 Output: TASK2
Input: task1 Output: TASK1
Input: task2 Output: TASK2
Input: task1 Output: TASK1
Input: task2 Output: TASK2
Input: task1 Output: TASK1
Input: task1 Output: TASK1
Input: task2 Output: TASK2
Input: task1 Output: TASK1
Input: task2 Output: TASK2
Input: task1 Output: TASK1
Input: task2 Output: TASK2
Input: task1 Output: TASK1
Input: task2 Output: TASK2
Input: task1 Output: TASK1
Input: task2 Output: TASK2
Input: task1 Output: TASK1
Input: task2 Output: TASK2
Input: task1 Output: TASK1
Input: task2 Output: TASK2
Input: task1 Output: TASK1
Input: task2 Output: TASK2
Input: task2 Output: TASK2
Input: task1 Output: TASK1
Input: task2 Output: TASK2
Input: task1 Output: TASK1
Input: task1 Output: TASK1
Input: task2 Output: TASK2
Input: task2 Output: TASK2
Input: task1 Output: TASK1
Input: task2 Output: TASK2
Input: task1 Output: TASK1
Input: task1 Output: TASK1
Input: task2 Output: TASK2
Input: task1 Output: TASK1
Input: task2 Output: TASK2
Input: task1 Output: TASK1
Input: task2 Output: TASK2
Input: task1 Output: TASK1
Input: task2 Output: TASK2
Input: task1 Output: TASK1
Input: task2 Output: TASK2
Input: task1 Output: TASK1
Input: task2 Output: TASK2
Input: task1 Output: TASK1
Input: task2 Output: TASK2
Input: task1 Output: TASK1
Input: task2 Output: TASK2
Input: task1 Output: TASK1
Input: task2 Output: TASK2
Input: task1 Output: TASK1
Input: task2 Output: TASK2
Input: task1 Output: TASK1
Input: task2 Output: TASK2
Input: task1 Output: TASK1
Input: task2 Output: TASK2
Input: task1 Output: TASK1
Input: task2 Output: TASK2
Input: task2 Output: TASK2
Input: task1 Output: TASK1
Input: task2 Output: TASK2
Input: task1 Output: TASK1
Input: task2 Output: TASK2
Input: task1 Output: TASK1
Input: task2 Output: TASK2
Input: task1 Output: TASK1
Input: task2 Output: TASK2
Input: task1 Output: TASK1
Input: task2 Output: TASK2
Input: task1 Output: TASK1
Input: task2 Output: TASK2
Input: task1 Output: TASK1
Input: task2 Output: TASK2
Input: task1 Output: TASK1
Input: task2 Output: TASK2
Input: task1 Output: TASK1
Input: task2 Output: TASK2
Input: task1 Output: TASK1
Input: task2 Output: TASK2
Input: task1 Output: TASK1
Input: task2 Output: TASK2
Input: task1 Output: TASK1
Input: task2 Output: TASK2
Input: task1 Output: TASK1
Input: task2 Output: TASK2
Input: task1 Output: TASK1
Input: task2 Output: TASK2
Input: task1 Output: TASK1
Input: task2 Output: TASK2
Input: task1 Output: TASK1
Input: task2 Output: TASK2
Input: task1 Output: TASK1
Input: task2 Output: TASK2
Input: task1 Output: TASK1
Input: task2 Output: TASK2
Input: task1 Output: TASK1
Input: task2 Output: TASK2
Input: task1 Output: TASK1
Input: task2 Output: TASK2
Input: task1 Output: TASK1
Input: task2 Output: TASK2
Input: task1 Output: TASK1
Input: task2 Output: TASK2
Input: task1 Output: TASK1
Input: task2 Output: TASK2
Input: task1 Output: TASK1
Input: task2 Output: TASK2
Input: task1 Output: TASK1
Input: task2 Output: TASK2
Input: task1 Output: TASK1
Input: task2 Output: TASK2
Input: task1 Output: TASK1
Input: task2 Output: TASK2
Input: task1 Output: TASK1
Input: task2 Output: TASK2
Input: task1 Output: TASK1
Input: task2 Output: TASK2
Input: task1 Output: TASK1
Input: task2 Output: TASK2
Input: task1 Output: TASK1
Input: task2 Output: TASK2
Input: task1 Output: TASK1
Input: task2 Output: TASK2
Input: task1 Output: TASK1
Input: task2 Output: TASK2
Input: task1 Output: TASK1
Input: task2 Output: TASK2
Input: task1 Output: TASK1
Input: task2 Output: TASK2
Input: task1 Output: TASK1
Input: task2 Output: TASK2
Input: task1 Output: TASK1
Input: task2 Output: TASK2
Input: task1 Output: TASK1
Input: task2 Output: TASK2
Input: task1 Output: TASK1
Input: task2 Output: TASK2
Input: task1 Output: TASK1
Input: task2 Output: TASK2
Input: task1 Output: TASK1
Input: task2 Output: TASK2
Input: task1 Output: TASK1
Input: task2 Output: TASK2
Input: task1 Output: TASK1
Input: task2 Output: TASK2
Input: task1 Output: TASK1
Input: task2 Output: TASK2
Input: task1 Output: TASK1
Input: task2 Output: TASK2
Input: task1 Output: TASK1
Input: task2 Output: TASK2
Input: task1 Output: TASK1
Input: task2 Output: TASK2
Input: task1 Output: TASK1
Input: task2 Output: TASK2
Input: task1 Output: TASK1
Input: task2 Output: TASK2
Input: task1 Output: TASK1
Input: task2 Output: TASK2
Input: task1 Output: TASK1
Input: task2 Output: TASK2
Input: task1 Output: TASK1
Input: task2 Output: TASK2
Input: task1 Output: TASK1
Input: task2 Output: TASK2
Input: task1 Output: TASK1
Input: task2 Output: TASK2
Input: task1 Output: TASK1
Input: task2 Output: TASK2
Input: task1 Output: TASK1
Input: task2 Output: TASK2
Input: task1 Output: TASK1
Input: task2 Output: TASK2
Input: task1 Output: TASK1
Input: task2 Output: TASK2
Input: task1 Output: TASK1
Input: task2 Output: TASK2
Input: task1 Output: TASK1
Input: task2 Output: TASK2
Input: task1 Output: TASK1
Input: task2 Output: TASK2
Input: task1 Output: TASK1
Input: task2 Output: TASK2
Input: task1 Output: TASK1
Input: task2 Output: TASK2
Input: task1 Output: TASK1
Input: task2 Output: TASK2
Input: task1 Output: TASK1
Input: task2 Output: TASK2
Input: task1 Output: TASK1
Input: task2 Output: TASK2
Input: task1 Output: TASK1
Input: task2 Output: TASK2
Input: task1 Output: TASK1
Input: task2 Output: TASK2
Input: task1 Output: TASK1
Input: task2 Output: TASK2
Input: task1 Output: TASK1
Input: task2 Output: TASK2
Input: task1 Output: TASK1
Input: task2 Output: TASK2
Input: task1 Output: TASK1
Input: task2 Output: TASK2
Input: task1 Output: TASK1
Input: task2 Output: TASK2
Input: task1 Output: TASK1
Input: task2 Output: TASK2
Input: task1 Output: TASK1
Input: task2 Output: TASK2
Input: task1 Output: TASK1
Input: task2 Output: TASK2
Input: task1 Output: TASK1
Input: task2 Output: TASK2
Input: task1 Output: TASK1
Input: task2 Output: TASK2
Input: task1 Output: TASK1
Input: task2 Output: TASK2
Input: task1 Output: TASK1
Input: task2 Output: TASK2
Input: task1 Output: TASK1
Input: task2 Output: TASK2
Input: task1 Output: TASK1
Input: task2 Output: TASK2
Input: task1 Output: TASK1
Input: task2 Output: TASK2
Input: task1 Output: TASK1
Input: task2 Output: TASK2
Input: task1 Output: TASK1
Input: task2 Output: TASK2
Input: task1 Output: TASK1
Input: task2 Output: TASK2
Input: task1 Output: TASK1
Input: task2 Output: TASK2
Input: task1 Output: TASK1
Input: task2 Output: TASK2
Input: task1 Output: TASK1
Input: task2 Output: TASK2
Input: task1 Output: TASK1
Input: task2 Output: TASK2
Input: task1 Output: TASK1
Input: task2 Output: TASK2
Input: task1 Output: TASK1
Input: task2 Output: TASK2
Input: task1 Output: TASK1
Input: task2 Output: TASK2
Input: task1 Output: TASK1
Input: task2 Output: TASK2
Input: task1 Output: TASK1
Input: task2 Output: TASK2
Input: task1 Output: TASK1
Input: task2 Output: TASK2
Input: task1 Output: TASK1
Input: task2 Output: TASK2
Input: task1 Output: TASK1
Input: task2 Output: TASK2
Input: task1 Output: TASK1
Input: task2 Output: TASK2
Input: task1 Output: TASK1
Input: task2 Output: TASK2
Input: task1 Output: TASK1
Input: task2 Output: TASK2
Input: task1 Output: TASK1
Input: task2 Output: TASK2
Input: task1 Output: TASK1
Input: task2 Output: TASK2
Input: task1 Output: TASK1
Input: task2 Output: TASK2
Input: task1 Output: TASK1
Input: task2 Output: TASK2
Input: task1 Output: TASK1
Input: task2 Output: TASK2
Input: task1 Output: TASK1
Input: task2 Output: TASK2
Input: task1 Output: TASK1
Input: task2 Output: TASK2
Input: task1 Output: TASK1
Input: task2 Output: TASK2
Input: task1 Output: TASK1
Input: task2 Output: TASK2
Input: task1 Output: TASK1
Input: task2 Output: TASK2
Input: task1 Output: TASK1
Input: task2 Output: TASK2
Input: task1 Output: TASK1
Input: task2 Output: TASK2
Input: task1 Output: TASK1
Input: task2 Output: TASK2
Input: task1 Output: TASK1
Input: task2 Output: TASK2
Input: task1 Output: TASK1
Input: task2 Output: TASK2
Input: task1 Output: TASK1
Input: task2 Output: TASK2
Input: task1 Output: TASK1
Input: task2 Output: TASK2
Input: task1 Output: TASK1
Input: task2 Output: TASK2
Input: task1 Output: TASK1
Input: task2 Output: TASK2
Input: task1 Output: TASK1
Input: task2 Output: TASK2
Input: task1 Output: TASK1
Input: task2 Output: TASK2
Input: task1 Output: TASK1
Input: task2 Output: TASK2
Input: task1 Output: TASK1
Input: task2 Output: TASK2
Input: task1 Output: TASK1
Input: task2 Output: TASK2
Input: task1 Output: TASK1
Input: task2 Output: TASK2
Input: task1 Output: TASK1
Input: task2 Output: TASK2
Input: task1 Output: TASK1
Input: task2 Output: TASK2
Input: task1 Output: TASK1
Input: task2 Output: TASK2
Input: task1 Output: TASK1
Input: task2 Output: TASK2
Input: task1 Output: TASK1
Input: task2 Output: TASK2
Input: task1 Output: TASK1
Input: task2 Output: TASK2
Input: task1 Output: TASK1
Input: task2 Output: TASK2
Input: task1 Output: TASK1
Input: task2 Output: TASK2
Input: task1 Output: TASK1
Input: task2 Output: TASK2
Input: task1 Output: TASK1
Input: task2 Output: TASK2
Input: task1 Output: TASK1
Input: task2 Output: TASK2
Input: task1 Output: TASK1
Input: task2 Output: TASK2
Input: task1 Output: TASK1
Input: task2 Output: TASK2
Input: task1 Output: TASK1
Input: task2 Output: TASK2
Input: task1 Output: TASK1
Input: task2 Output: TASK2
Input: task1 Output: TASK1
Input: task2 Output: TASK2
Input: task1 Output: TASK1
Input: task2 Output: TASK2
Input: task1 Output: TASK1
Input: task2 Output: TASK2
Input: task1 Output: TASK1
Input: task2 Output: TASK2
Input: task1 Output: TASK1
Input: task2 Output: TASK2
Input: task1 Output: TASK1
Input: task2 Output: TASK2
Input: task1 Output: TASK1
Input: task2 Output: TASK2
Input: task1 Output: TASK1
Input: task2 Output: TASK2
Input: task1 Output: TASK1
Input: task2 Output: TASK2
Input: task1 Output: TASK1
Input: task2 Output: TASK2
Input: task1 Output: TASK1
Input: task2 Output: TASK2
Input: task1 Output: TASK1</StdOut>
      </Output>
    </UnitTestResult>
    <UnitTestResult executionId="32785d1d-c1ad-4aa5-8c68-eab8736df971" testId="043006ef-c513-9646-43da-092bd073a240" testName="DotCart.Core.Tests.AssemblyUtilsTests.ShouldGetTheVersionOfTheAssembly" computerName="host00" duration="00:00:00.0002177" startTime="2023-01-07T14:17:31.1507808+01:00" endTime="2023-01-07T14:17:31.1507808+01:00" testType="13cdc9d9-ddb5-4fa4-a97d-d965ccfc6d4b" outcome="Passed" testListId="8c84fa94-04c1-424b-9868-57a2d4851a1d" relativeResultsDirectory="32785d1d-c1ad-4aa5-8c68-eab8736df971" />
    <UnitTestResult executionId="022328af-6e36-465a-819e-2fe94b0767d5" testId="3701279e-c82e-f35a-6a68-fe9712d05d2c" testName="DotCart.Core.Tests.AssemblyUtilsTests.GetLoadedModulesShouldNotReturnAnEmptyArray" computerName="host00" duration="00:00:00.0002238" startTime="2023-01-07T14:17:31.1508429+01:00" endTime="2023-01-07T14:17:31.1508429+01:00" testType="13cdc9d9-ddb5-4fa4-a97d-d965ccfc6d4b" outcome="Passed" testListId="8c84fa94-04c1-424b-9868-57a2d4851a1d" relativeResultsDirectory="022328af-6e36-465a-819e-2fe94b0767d5" />
    <UnitTestResult executionId="241729d9-58de-4dd3-bd02-4b5a4e980ca9" testId="7234db67-de8a-dba0-b789-dd0498db9609" testName="DotCart.Core.Tests.FuncDITests.ShouldCreateNewFuncDI" computerName="host00" duration="00:00:00.0356637" startTime="2023-01-07T14:17:31.1733216+01:00" endTime="2023-01-07T14:17:31.1733218+01:00" testType="13cdc9d9-ddb5-4fa4-a97d-d965ccfc6d4b" outcome="Passed" testListId="8c84fa94-04c1-424b-9868-57a2d4851a1d" relativeResultsDirectory="241729d9-58de-4dd3-bd02-4b5a4e980ca9" />
    <UnitTestResult executionId="0020346e-ba6b-4929-9247-96e0e250272d" testId="398d9724-6152-9cd8-c0b4-5d0d8a1954cf" testName="DotCart.Core.Tests.FuncDITests.ShouldResolveFuncDI" computerName="host00" duration="00:00:00.0009166" startTime="2023-01-07T14:17:36.1890901+01:00" endTime="2023-01-07T14:17:36.1890903+01:00" testType="13cdc9d9-ddb5-4fa4-a97d-d965ccfc6d4b" outcome="Passed" testListId="8c84fa94-04c1-424b-9868-57a2d4851a1d" relativeResultsDirectory="0020346e-ba6b-4929-9247-96e0e250272d" />
    <UnitTestResult executionId="c6256913-6f2f-4501-9fb3-b91f7f2c7bd6" testId="760fb23a-bbc2-a88c-c702-82991da1ba8d" testName="DotCart.Core.Tests.AssemblyUtilsTests.ShouldGetAnEmbeddedFileFromTheAssembly" computerName="host00" duration="00:00:00.0000982" startTime="2023-01-07T14:17:31.1500717+01:00" endTime="2023-01-07T14:17:31.1500718+01:00" testType="13cdc9d9-ddb5-4fa4-a97d-d965ccfc6d4b" outcome="Passed" testListId="8c84fa94-04c1-424b-9868-57a2d4851a1d" relativeResultsDirectory="c6256913-6f2f-4501-9fb3-b91f7f2c7bd6" />
  </Results>
  <TestDefinitions>
    <UnitTest name="DotCart.Core.Tests.FuncDITests.ShouldCreateNewFuncDI" storage="/home/rl/work/github.com/discomco/dot-cart/src/dotcart.core.tests/bin/debug/net7.0/dotcart.core.tests.dll" id="7234db67-de8a-dba0-b789-dd0498db9609">
      <Execution id="241729d9-58de-4dd3-bd02-4b5a4e980ca9" />
      <TestMethod codeBase="/home/rl/work/github.com/discomco/dot-cart/src/DotCart.Core.Tests/bin/Debug/net7.0/DotCart.Core.Tests.dll" adapterTypeName="executor://xunit/VsTestRunner2/netcoreapp" className="DotCart.Core.Tests.FuncDITests" name="ShouldCreateNewFuncDI" />
    </UnitTest>
    <UnitTest name="DotCart.Core.Tests.AssemblyUtilsTests.ShouldGetAnEmbeddedFileFromTheAssembly" storage="/home/rl/work/github.com/discomco/dot-cart/src/dotcart.core.tests/bin/debug/net7.0/dotcart.core.tests.dll" id="760fb23a-bbc2-a88c-c702-82991da1ba8d">
      <Execution id="c6256913-6f2f-4501-9fb3-b91f7f2c7bd6" />
      <TestMethod codeBase="/home/rl/work/github.com/discomco/dot-cart/src/DotCart.Core.Tests/bin/Debug/net7.0/DotCart.Core.Tests.dll" adapterTypeName="executor://xunit/VsTestRunner2/netcoreapp" className="DotCart.Core.Tests.AssemblyUtilsTests" name="ShouldGetAnEmbeddedFileFromTheAssembly" />
    </UnitTest>
    <UnitTest name="DotCart.Core.Tests.AssemblyUtilsTests.GetLoadedModulesShouldNotReturnAnEmptyArray" storage="/home/rl/work/github.com/discomco/dot-cart/src/dotcart.core.tests/bin/debug/net7.0/dotcart.core.tests.dll" id="3701279e-c82e-f35a-6a68-fe9712d05d2c">
      <Execution id="022328af-6e36-465a-819e-2fe94b0767d5" />
      <TestMethod codeBase="/home/rl/work/github.com/discomco/dot-cart/src/DotCart.Core.Tests/bin/Debug/net7.0/DotCart.Core.Tests.dll" adapterTypeName="executor://xunit/VsTestRunner2/netcoreapp" className="DotCart.Core.Tests.AssemblyUtilsTests" name="GetLoadedModulesShouldNotReturnAnEmptyArray" />
    </UnitTest>
    <UnitTest name="DotCart.Core.Tests.AssemblyUtilsTests.ShouldGetTheVersionOfTheAssembly" storage="/home/rl/work/github.com/discomco/dot-cart/src/dotcart.core.tests/bin/debug/net7.0/dotcart.core.tests.dll" id="043006ef-c513-9646-43da-092bd073a240">
      <Execution id="32785d1d-c1ad-4aa5-8c68-eab8736df971" />
      <TestMethod codeBase="/home/rl/work/github.com/discomco/dot-cart/src/DotCart.Core.Tests/bin/Debug/net7.0/DotCart.Core.Tests.dll" adapterTypeName="executor://xunit/VsTestRunner2/netcoreapp" className="DotCart.Core.Tests.AssemblyUtilsTests" name="ShouldGetTheVersionOfTheAssembly" />
    </UnitTest>
    <UnitTest name="DotCart.Core.Tests.AssemblyUtilsTests.ShouldGetAnEmbeddedFileFromANamedAssembly" storage="/home/rl/work/github.com/discomco/dot-cart/src/dotcart.core.tests/bin/debug/net7.0/dotcart.core.tests.dll" id="5f6a5ba6-1c39-a07a-b843-f9a6565916ad">
      <Execution id="6e0a3d4b-1cfc-46d2-9d89-9d138eb10ad7" />
      <TestMethod codeBase="/home/rl/work/github.com/discomco/dot-cart/src/DotCart.Core.Tests/bin/Debug/net7.0/DotCart.Core.Tests.dll" adapterTypeName="executor://xunit/VsTestRunner2/netcoreapp" className="DotCart.Core.Tests.AssemblyUtilsTests" name="ShouldGetAnEmbeddedFileFromANamedAssembly" />
    </UnitTest>
    <UnitTest name="DotCart.Core.Tests.AssemblyUtilsTests.ShouldGetTheShortNameofTheAssembly" storage="/home/rl/work/github.com/discomco/dot-cart/src/dotcart.core.tests/bin/debug/net7.0/dotcart.core.tests.dll" id="408d5aba-e349-1167-9b55-b9f1ff74ad1a">
      <Execution id="38338e16-5bf4-4fb6-8c89-f3fa4d157e58" />
      <TestMethod codeBase="/home/rl/work/github.com/discomco/dot-cart/src/DotCart.Core.Tests/bin/Debug/net7.0/DotCart.Core.Tests.dll" adapterTypeName="executor://xunit/VsTestRunner2/netcoreapp" className="DotCart.Core.Tests.AssemblyUtilsTests" name="ShouldGetTheShortNameofTheAssembly" />
    </UnitTest>
    <UnitTest name="DotCart.Core.Tests.FuncDITests.ShouldBeThreadSafe" storage="/home/rl/work/github.com/discomco/dot-cart/src/dotcart.core.tests/bin/debug/net7.0/dotcart.core.tests.dll" id="8a5af5f3-23db-a534-e931-76537a18724c">
      <Execution id="228193e9-aaea-4ac7-b858-1c283516f85c" />
      <TestMethod codeBase="/home/rl/work/github.com/discomco/dot-cart/src/DotCart.Core.Tests/bin/Debug/net7.0/DotCart.Core.Tests.dll" adapterTypeName="executor://xunit/VsTestRunner2/netcoreapp" className="DotCart.Core.Tests.FuncDITests" name="ShouldBeThreadSafe" />
    </UnitTest>
    <UnitTest name="DotCart.Core.Tests.FuncDITests.ShouldResolveFuncDI" storage="/home/rl/work/github.com/discomco/dot-cart/src/dotcart.core.tests/bin/debug/net7.0/dotcart.core.tests.dll" id="398d9724-6152-9cd8-c0b4-5d0d8a1954cf">
      <Execution id="0020346e-ba6b-4929-9247-96e0e250272d" />
      <TestMethod codeBase="/home/rl/work/github.com/discomco/dot-cart/src/DotCart.Core.Tests/bin/Debug/net7.0/DotCart.Core.Tests.dll" adapterTypeName="executor://xunit/VsTestRunner2/netcoreapp" className="DotCart.Core.Tests.FuncDITests" name="ShouldResolveFuncDI" />
    </UnitTest>
  </TestDefinitions>
  <TestEntries>
    <TestEntry testId="408d5aba-e349-1167-9b55-b9f1ff74ad1a" executionId="38338e16-5bf4-4fb6-8c89-f3fa4d157e58" testListId="8c84fa94-04c1-424b-9868-57a2d4851a1d" />
    <TestEntry testId="5f6a5ba6-1c39-a07a-b843-f9a6565916ad" executionId="6e0a3d4b-1cfc-46d2-9d89-9d138eb10ad7" testListId="8c84fa94-04c1-424b-9868-57a2d4851a1d" />
    <TestEntry testId="8a5af5f3-23db-a534-e931-76537a18724c" executionId="228193e9-aaea-4ac7-b858-1c283516f85c" testListId="8c84fa94-04c1-424b-9868-57a2d4851a1d" />
    <TestEntry testId="043006ef-c513-9646-43da-092bd073a240" executionId="32785d1d-c1ad-4aa5-8c68-eab8736df971" testListId="8c84fa94-04c1-424b-9868-57a2d4851a1d" />
    <TestEntry testId="3701279e-c82e-f35a-6a68-fe9712d05d2c" executionId="022328af-6e36-465a-819e-2fe94b0767d5" testListId="8c84fa94-04c1-424b-9868-57a2d4851a1d" />
    <TestEntry testId="7234db67-de8a-dba0-b789-dd0498db9609" executionId="241729d9-58de-4dd3-bd02-4b5a4e980ca9" testListId="8c84fa94-04c1-424b-9868-57a2d4851a1d" />
    <TestEntry testId="398d9724-6152-9cd8-c0b4-5d0d8a1954cf" executionId="0020346e-ba6b-4929-9247-96e0e250272d" testListId="8c84fa94-04c1-424b-9868-57a2d4851a1d" />
    <TestEntry testId="760fb23a-bbc2-a88c-c702-82991da1ba8d" executionId="c6256913-6f2f-4501-9fb3-b91f7f2c7bd6" testListId="8c84fa94-04c1-424b-9868-57a2d4851a1d" />
  </TestEntries>
  <TestLists>
    <TestList name="Results Not in a List" id="8c84fa94-04c1-424b-9868-57a2d4851a1d" />
    <TestList name="All Loaded Results" id="19431567-8539-422a-85d7-44ee4e166bda" />
  </TestLists>
  <ResultSummary outcome="Completed">
    <Counters total="8" executed="8" passed="8" failed="0" error="0" timeout="0" aborted="0" inconclusive="0" passedButRunAborted="0" notRunnable="0" notExecuted="0" disconnected="0" warning="0" completed="0" inProgress="0" pending="0" />
    <Output>
      <StdOut>[xUnit.net 00:00:00.00] xUnit.net VSTest Adapter v2.4.5+1caef2f33e (64-bit .NET 7.0.0)
[xUnit.net 00:00:00.65]   Discovering: DotCart.Core.Tests
[xUnit.net 00:00:00.68]   Discovered:  DotCart.Core.Tests
[xUnit.net 00:00:00.68]   Starting:    DotCart.Core.Tests
[xUnit.net 00:00:05.77]   Finished:    DotCart.Core.Tests
</StdOut>
    </Output>
  </ResultSummary>
</TestRun>