<?xml version="1.0" encoding="utf-8"?>
<TestRun id="e282e51c-9995-47d4-800b-36064e956a36" name="@host00 2023-01-07 14:17:31" xmlns="http://microsoft.com/schemas/VisualStudio/TeamTest/2010">
  <Times creation="2023-01-07T14:17:31.9716128+01:00" queuing="2023-01-07T14:17:31.9716128+01:00" start="2023-01-07T14:17:30.6747325+01:00" finish="2023-01-07T14:17:32.0564969+01:00" />
  <TestSettings name="default" id="5726f26c-b866-4a9d-bbe5-f1fecad80997">
    <Deployment runDeploymentRoot="_host00_2023-01-07_14_17_31" />
  </TestSettings>
  <Results>
    <UnitTestResult executionId="e589d922-d456-47d8-b83c-d5460797c0b0" testId="24cd2f63-20cd-f672-19cb-8e9780a65b1f" testName="Engine.Contract.Tests.ChangeDetails.FactTests.ShouldResolvePayloadCtor" computerName="host00" duration="00:00:00.0001710" startTime="2023-01-07T14:17:31.9945305+01:00" endTime="2023-01-07T14:17:31.9945306+01:00" testType="13cdc9d9-ddb5-4fa4-a97d-d965ccfc6d4b" outcome="Passed" testListId="8c84fa94-04c1-424b-9868-57a2d4851a1d" relativeResultsDirectory="e589d922-d456-47d8-b83c-d5460797c0b0" />
    <UnitTestResult executionId="5f981950-3209-41ea-8538-18be1d63740d" testId="1f21bf4b-f0db-fb08-3338-1938a408e6ac" testName="Engine.Contract.Tests.ChangeRpm.FactTests.ShouldResolveMetaCtor" computerName="host00" duration="00:00:00.0002350" startTime="2023-01-07T14:17:31.9945901+01:00" endTime="2023-01-07T14:17:31.9945901+01:00" testType="13cdc9d9-ddb5-4fa4-a97d-d965ccfc6d4b" outcome="Passed" testListId="8c84fa94-04c1-424b-9868-57a2d4851a1d" relativeResultsDirectory="5f981950-3209-41ea-8538-18be1d63740d" />
    <UnitTestResult executionId="6a2c5d4f-3b81-4bc4-b180-809955f36e35" testId="226ad908-d90a-1cf1-90c9-9dcb2221116b" testName="Engine.Contract.Tests.Start.HopeTests.ShouldResolvePayloadCtor" computerName="host00" duration="00:00:00.0002226" startTime="2023-01-07T14:17:31.9623070+01:00" endTime="2023-01-07T14:17:31.9623071+01:00" testType="13cdc9d9-ddb5-4fa4-a97d-d965ccfc6d4b" outcome="Passed" testListId="8c84fa94-04c1-424b-9868-57a2d4851a1d" relativeResultsDirectory="6a2c5d4f-3b81-4bc4-b180-809955f36e35" />
    <UnitTestResult executionId="95497018-35b6-4cad-adf1-bdd1fdc424e2" testId="26d284ad-2695-445f-cd0d-5a414513e1ef" testName="Engine.Contract.Tests.Stop.PayloadTests.ShouldResolvePayloadCtor" computerName="host00" duration="00:00:00.0439449" startTime="2023-01-07T14:17:31.9595341+01:00" endTime="2023-01-07T14:17:31.9595342+01:00" testType="13cdc9d9-ddb5-4fa4-a97d-d965ccfc6d4b" outcome="Passed" testListId="8c84fa94-04c1-424b-9868-57a2d4851a1d" relativeResultsDirectory="95497018-35b6-4cad-adf1-bdd1fdc424e2" />
    <UnitTestResult executionId="dd221cba-7098-4b11-9c69-a3b597a4b99a" testId="7564f9a1-54cb-74a4-fe37-8d575e9a9051" testName="Engine.Contract.Tests.Initialize.HopeTests.ShouldDeserializeHope" computerName="host00" duration="00:00:00.0400188" startTime="2023-01-07T14:17:31.9914884+01:00" endTime="2023-01-07T14:17:31.9914884+01:00" testType="13cdc9d9-ddb5-4fa4-a97d-d965ccfc6d4b" outcome="Passed" testListId="8c84fa94-04c1-424b-9868-57a2d4851a1d" relativeResultsDirectory="dd221cba-7098-4b11-9c69-a3b597a4b99a" />
    <UnitTestResult executionId="a165132a-758f-4ed3-b6fd-d5567ca2bc02" testId="4da4f2bf-4247-dca3-9b70-7d6527487fd6" testName="Engine.Contract.Tests.Schema.DetailsTests.ShouldBeSerializeValueObject" computerName="host00" duration="00:00:00.0791715" startTime="2023-01-07T14:17:31.9821369+01:00" endTime="2023-01-07T14:17:31.9821369+01:00" testType="13cdc9d9-ddb5-4fa4-a97d-d965ccfc6d4b" outcome="Passed" testListId="8c84fa94-04c1-424b-9868-57a2d4851a1d" relativeResultsDirectory="a165132a-758f-4ed3-b6fd-d5567ca2bc02" />
    <UnitTestResult executionId="ead9cfc7-ba8a-45cd-acbd-a68b4d36ed09" testId="e805a8d7-3132-7d08-f3e6-91767cca7b6b" testName="Engine.Contract.Tests.Stop.PayloadTests.ShouldSerializePayload" computerName="host00" duration="00:00:00.0338025" startTime="2023-01-07T14:17:31.9816134+01:00" endTime="2023-01-07T14:17:31.9816135+01:00" testType="13cdc9d9-ddb5-4fa4-a97d-d965ccfc6d4b" outcome="Passed" testListId="8c84fa94-04c1-424b-9868-57a2d4851a1d" relativeResultsDirectory="ead9cfc7-ba8a-45cd-acbd-a68b4d36ed09" />
    <UnitTestResult executionId="0f737597-ed55-4ddf-92c2-20229303572b" testId="245172d6-cd43-4eb0-35c8-5374d5cfc86f" testName="Engine.Contract.Tests.Stop.FactTests.ShouldResolveMetaCtor" computerName="host00" duration="00:00:00.0002623" startTime="2023-01-07T14:17:31.9933464+01:00" endTime="2023-01-07T14:17:31.9933464+01:00" testType="13cdc9d9-ddb5-4fa4-a97d-d965ccfc6d4b" outcome="Passed" testListId="8c84fa94-04c1-424b-9868-57a2d4851a1d" relativeResultsDirectory="0f737597-ed55-4ddf-92c2-20229303572b" />
    <UnitTestResult executionId="9cc35d06-2ca0-4347-8975-4f66a189b70b" testId="5f185243-a4b7-2f7a-c99d-9455f51eb5a1" testName="Engine.Contract.Tests.ChangeRpm.PayloadTests.ShouldCreatePayload" computerName="host00" duration="00:00:00.0379060" startTime="2023-01-07T14:17:31.9459179+01:00" endTime="2023-01-07T14:17:31.9459386+01:00" testType="13cdc9d9-ddb5-4fa4-a97d-d965ccfc6d4b" outcome="Passed" testListId="8c84fa94-04c1-424b-9868-57a2d4851a1d" relativeResultsDirectory="9cc35d06-2ca0-4347-8975-4f66a189b70b" />
    <UnitTestResult executionId="da65a06d-05e9-4964-81dc-e6a09bf8eccf" testId="d9a1155b-5c1d-c32b-7c6e-1d6acf1975eb" testName="Engine.Contract.Tests.Stop.HopeTests.ShouldResolveIDCtor" computerName="host00" duration="00:00:00.0002160" startTime="2023-01-07T14:17:31.9929506+01:00" endTime="2023-01-07T14:17:31.9929507+01:00" testType="13cdc9d9-ddb5-4fa4-a97d-d965ccfc6d4b" outcome="Passed" testListId="8c84fa94-04c1-424b-9868-57a2d4851a1d" relativeResultsDirectory="da65a06d-05e9-4964-81dc-e6a09bf8eccf" />
    <UnitTestResult executionId="75dee36a-89a3-41c8-8474-d9f22d74a899" testId="91d0b523-2c32-ca83-f7ee-8b02910d4884" testName="Engine.Contract.Tests.Schema.RootListIDTests.ShouldHaveIDPrefixID" computerName="host00" duration="00:00:00.0006211" startTime="2023-01-07T14:17:31.9593316+01:00" endTime="2023-01-07T14:17:31.9593317+01:00" testType="13cdc9d9-ddb5-4fa4-a97d-d965ccfc6d4b" outcome="Passed" testListId="8c84fa94-04c1-424b-9868-57a2d4851a1d" relativeResultsDirectory="75dee36a-89a3-41c8-8474-d9f22d74a899" />
    <UnitTestResult executionId="c8487b9c-3b17-4952-85ed-d6a7e8ad81d5" testId="6b5ba2b6-cbde-278f-e9ba-2d4dcb6784c2" testName="Engine.Contract.Tests.Stop.FactTests.ShouldDeserializeFact" computerName="host00" duration="00:00:00.0417020" startTime="2023-01-07T14:17:31.9924380+01:00" endTime="2023-01-07T14:17:31.9924380+01:00" testType="13cdc9d9-ddb5-4fa4-a97d-d965ccfc6d4b" outcome="Passed" testListId="8c84fa94-04c1-424b-9868-57a2d4851a1d" relativeResultsDirectory="c8487b9c-3b17-4952-85ed-d6a7e8ad81d5" />
    <UnitTestResult executionId="580f4d03-b04d-4a71-b39b-eef36a18068f" testId="a87760c2-1ee5-d106-a24f-a4126e2af235" testName="Engine.Contract.Tests.Schema.RootListIDTests.ShouldTestHaveIDPrefix" computerName="host00" duration="00:00:00.0384150" startTime="2023-01-07T14:17:31.9508168+01:00" endTime="2023-01-07T14:17:31.9508169+01:00" testType="13cdc9d9-ddb5-4fa4-a97d-d965ccfc6d4b" outcome="Passed" testListId="8c84fa94-04c1-424b-9868-57a2d4851a1d" relativeResultsDirectory="580f4d03-b04d-4a71-b39b-eef36a18068f" />
    <UnitTestResult executionId="37dd5a24-9609-49dd-be9b-1ce5273d5159" testId="b3e1a3dd-eaeb-ac1c-f15e-84f5b76d9e06" testName="Engine.Contract.Tests.ChangeDetails.HopeTests.ShouldResolveHopeCtor" computerName="host00" duration="00:00:00.0474488" startTime="2023-01-07T14:17:31.9600358+01:00" endTime="2023-01-07T14:17:31.9600359+01:00" testType="13cdc9d9-ddb5-4fa4-a97d-d965ccfc6d4b" outcome="Passed" testListId="8c84fa94-04c1-424b-9868-57a2d4851a1d" relativeResultsDirectory="37dd5a24-9609-49dd-be9b-1ce5273d5159" />
    <UnitTestResult executionId="944ea14a-f482-41d8-9daf-908a305733e3" testId="a7a0f6c9-2774-d3ca-6875-9fe0e423f666" testName="Engine.Contract.Tests.Schema.RootIDTests.ShouldResolveIDCtor" computerName="host00" duration="00:00:00.0001470" startTime="2023-01-07T14:17:31.9607608+01:00" endTime="2023-01-07T14:17:31.9607608+01:00" testType="13cdc9d9-ddb5-4fa4-a97d-d965ccfc6d4b" outcome="Passed" testListId="8c84fa94-04c1-424b-9868-57a2d4851a1d" relativeResultsDirectory="944ea14a-f482-41d8-9daf-908a305733e3" />
    <UnitTestResult executionId="cb82d913-9b73-48ec-b8f1-d2da9e7c7e16" testId="b324c5eb-ed05-c136-1b9f-de6c0d1658cf" testName="Engine.Contract.Tests.Start.FactTests.ShouldResolveMetaCtor" computerName="host00" duration="00:00:00.0004190" startTime="2023-01-07T14:17:31.9630310+01:00" endTime="2023-01-07T14:17:31.9630311+01:00" testType="13cdc9d9-ddb5-4fa4-a97d-d965ccfc6d4b" outcome="Passed" testListId="8c84fa94-04c1-424b-9868-57a2d4851a1d" relativeResultsDirectory="cb82d913-9b73-48ec-b8f1-d2da9e7c7e16" />
    <UnitTestResult executionId="d98470d3-05f6-446e-8d34-4b9daf8d04a4" testId="82fd4422-f039-8f06-bd09-614e99599672" testName="Engine.Contract.Tests.Schema.RootListIDTests.ShouldCreateID" computerName="host00" duration="00:00:00.0002415" startTime="2023-01-07T14:17:31.9602443+01:00" endTime="2023-01-07T14:17:31.9602444+01:00" testType="13cdc9d9-ddb5-4fa4-a97d-d965ccfc6d4b" outcome="Passed" testListId="8c84fa94-04c1-424b-9868-57a2d4851a1d" relativeResultsDirectory="d98470d3-05f6-446e-8d34-4b9daf8d04a4" />
    <UnitTestResult executionId="d9656b2b-e9bd-4723-9255-442b370b5d64" testId="07d0ec50-c06a-50b9-3661-11c3f9d93ede" testName="Engine.Contract.Tests.Stop.HopeTests.ShouldDeserializeHope" computerName="host00" duration="00:00:00.0897085" startTime="2023-01-07T14:17:31.9915531+01:00" endTime="2023-01-07T14:17:31.9915532+01:00" testType="13cdc9d9-ddb5-4fa4-a97d-d965ccfc6d4b" outcome="Passed" testListId="8c84fa94-04c1-424b-9868-57a2d4851a1d" relativeResultsDirectory="d9656b2b-e9bd-4723-9255-442b370b5d64" />
    <UnitTestResult executionId="07778031-d27a-4ba7-9305-fc29f92eea50" testId="0ed68656-b71c-ad2b-6578-f0cec611ed47" testName="Engine.Contract.Tests.Initialize.HopeTests.ShouldResolvePayloadCtor" computerName="host00" duration="00:00:00.0475954" startTime="2023-01-07T14:17:31.9602885+01:00" endTime="2023-01-07T14:17:31.9602885+01:00" testType="13cdc9d9-ddb5-4fa4-a97d-d965ccfc6d4b" outcome="Passed" testListId="8c84fa94-04c1-424b-9868-57a2d4851a1d" relativeResultsDirectory="07778031-d27a-4ba7-9305-fc29f92eea50" />
    <UnitTestResult executionId="2032b7ba-07ef-499c-8129-d29aee0a4ae1" testId="adf9e3b0-4c99-5835-0e91-932a674b26ca" testName="Engine.Contract.Tests.ChangeDetails.PayloadTests.ShouldCreatePayload" computerName="host00" duration="00:00:00.0005960" startTime="2023-01-07T14:17:31.9582836+01:00" endTime="2023-01-07T14:17:31.9582836+01:00" testType="13cdc9d9-ddb5-4fa4-a97d-d965ccfc6d4b" outcome="Passed" testListId="8c84fa94-04c1-424b-9868-57a2d4851a1d" relativeResultsDirectory="2032b7ba-07ef-499c-8129-d29aee0a4ae1" />
    <UnitTestResult executionId="7a1a0074-566b-4bb2-8065-9addb2629e11" testId="97fe2ca3-d1c2-44db-67c3-70c7a485a2f8" testName="Engine.Contract.Tests.ChangeDetails.FactTests.ShouldResolveMetaCtor" computerName="host00" duration="00:00:00.0003939" startTime="2023-01-07T14:17:31.9930755+01:00" endTime="2023-01-07T14:17:31.9930755+01:00" testType="13cdc9d9-ddb5-4fa4-a97d-d965ccfc6d4b" outcome="Passed" testListId="8c84fa94-04c1-424b-9868-57a2d4851a1d" relativeResultsDirectory="7a1a0074-566b-4bb2-8065-9addb2629e11" />
    <UnitTestResult executionId="7b238ade-875c-4cda-af77-abc0667228fa" testId="e65c1bbf-3fb2-b486-242d-842990b09378" testName="Engine.Contract.Tests.Schema.DetailsTests.ShouldDeserializeValueObject" computerName="host00" duration="00:00:00.0048185" startTime="2023-01-07T14:17:31.9876636+01:00" endTime="2023-01-07T14:17:31.9876636+01:00" testType="13cdc9d9-ddb5-4fa4-a97d-d965ccfc6d4b" outcome="Passed" testListId="8c84fa94-04c1-424b-9868-57a2d4851a1d" relativeResultsDirectory="7b238ade-875c-4cda-af77-abc0667228fa" />
    <UnitTestResult executionId="b0977438-c115-43db-9c13-0976704f6bb9" testId="f74b35ee-de81-0792-c026-7bc76fdf4c8a" testName="Engine.Contract.Tests.Schema.RootDocTests.ShouldCreateDifferentStates" computerName="host00" duration="00:00:00.0001862" startTime="2023-01-07T14:17:31.9954436+01:00" endTime="2023-01-07T14:17:31.9954436+01:00" testType="13cdc9d9-ddb5-4fa4-a97d-d965ccfc6d4b" outcome="Passed" testListId="8c84fa94-04c1-424b-9868-57a2d4851a1d" relativeResultsDirectory="b0977438-c115-43db-9c13-0976704f6bb9" />
    <UnitTestResult executionId="dd071aa5-6d9d-4e96-bb92-0269caa3d5a2" testId="f2c8985b-457c-f302-21da-453eddabc70b" testName="Engine.Contract.Tests.Initialize.FactTests.ShouldResolveMetaCtor" computerName="host00" duration="00:00:00.0002496" startTime="2023-01-07T14:17:31.9932339+01:00" endTime="2023-01-07T14:17:31.9932339+01:00" testType="13cdc9d9-ddb5-4fa4-a97d-d965ccfc6d4b" outcome="Passed" testListId="8c84fa94-04c1-424b-9868-57a2d4851a1d" relativeResultsDirectory="dd071aa5-6d9d-4e96-bb92-0269caa3d5a2" />
    <UnitTestResult executionId="882cb308-1db3-4f66-977f-70c1978d73e0" testId="708a5202-8efc-a042-6089-74994deefee5" testName="Engine.Contract.Tests.ChangeRpm.FactTests.ShouldResolvePayloadCtor" computerName="host00" duration="00:00:00.0480583" startTime="2023-01-07T14:17:31.9610555+01:00" endTime="2023-01-07T14:17:31.9610556+01:00" testType="13cdc9d9-ddb5-4fa4-a97d-d965ccfc6d4b" outcome="Passed" testListId="8c84fa94-04c1-424b-9868-57a2d4851a1d" relativeResultsDirectory="882cb308-1db3-4f66-977f-70c1978d73e0" />
    <UnitTestResult executionId="643ca219-2069-41a7-8542-cd7cbe2d2733" testId="c7dd45de-b026-fde3-76f6-4b6fe0af2ecb" testName="Engine.Contract.Tests.Start.FactTests.ShouldResolveFactCtor" computerName="host00" duration="00:00:00.0002908" startTime="2023-01-07T14:17:31.9925572+01:00" endTime="2023-01-07T14:17:31.9925573+01:00" testType="13cdc9d9-ddb5-4fa4-a97d-d965ccfc6d4b" outcome="Passed" testListId="8c84fa94-04c1-424b-9868-57a2d4851a1d" relativeResultsDirectory="643ca219-2069-41a7-8542-cd7cbe2d2733" />
    <UnitTestResult executionId="a0ded11d-2ce1-4e0b-9a16-99af72d071f4" testId="5ff250c9-f63c-9c08-8861-7ba7d58f76a8" testName="Engine.Contract.Tests.ChangeRpm.HopeTests.ShouldResolveIDCtor" computerName="host00" duration="00:00:00.0002346" startTime="2023-01-07T14:17:31.9629589+01:00" endTime="2023-01-07T14:17:31.9629589+01:00" testType="13cdc9d9-ddb5-4fa4-a97d-d965ccfc6d4b" outcome="Passed" testListId="8c84fa94-04c1-424b-9868-57a2d4851a1d" relativeResultsDirectory="a0ded11d-2ce1-4e0b-9a16-99af72d071f4" />
    <UnitTestResult executionId="4d884e6f-7106-4ca6-9e16-39c23313f921" testId="b84b67d7-a33d-326a-8f1e-68ee37d84dc4" testName="Engine.Contract.Tests.ChangeDetails.FactTests.ShouldHaveFactTopic" computerName="host00" duration="00:00:00.0002892" startTime="2023-01-07T14:17:31.9939070+01:00" endTime="2023-01-07T14:17:31.9939071+01:00" testType="13cdc9d9-ddb5-4fa4-a97d-d965ccfc6d4b" outcome="Passed" testListId="8c84fa94-04c1-424b-9868-57a2d4851a1d" relativeResultsDirectory="4d884e6f-7106-4ca6-9e16-39c23313f921" />
    <UnitTestResult executionId="bb7b3d5e-4792-4e16-a0ca-63135b4681c1" testId="b5252068-60d9-8888-c56a-2c51451cce17" testName="Engine.Contract.Tests.ChangeDetails.FactTests.ShouldDeserializeFact" computerName="host00" duration="00:00:00.0900880" startTime="2023-01-07T14:17:31.9923640+01:00" endTime="2023-01-07T14:17:31.9923641+01:00" testType="13cdc9d9-ddb5-4fa4-a97d-d965ccfc6d4b" outcome="Passed" testListId="8c84fa94-04c1-424b-9868-57a2d4851a1d" relativeResultsDirectory="bb7b3d5e-4792-4e16-a0ca-63135b4681c1" />
    <UnitTestResult executionId="ca0819c4-d3d5-4920-b42a-9abc14e1f630" testId="2fcacf43-dc0d-d0e7-a352-34d4915f6bea" testName="Engine.Contract.Tests.Schema.RootListDocTests.ShouldCreateID" computerName="host00" duration="00:00:00.0001173" startTime="2023-01-07T14:17:31.9948273+01:00" endTime="2023-01-07T14:17:31.9948273+01:00" testType="13cdc9d9-ddb5-4fa4-a97d-d965ccfc6d4b" outcome="Passed" testListId="8c84fa94-04c1-424b-9868-57a2d4851a1d" relativeResultsDirectory="ca0819c4-d3d5-4920-b42a-9abc14e1f630" />
    <UnitTestResult executionId="d8bea519-6f6f-4349-9651-0c4b12747a3b" testId="13c02908-07e8-944b-97a6-ebbf24b26c0f" testName="Engine.Contract.Tests.Schema.RootIDTests.ShouldCreateFromIdString" computerName="host00" duration="00:00:00.0004731" startTime="2023-01-07T14:17:31.9595809+01:00" endTime="2023-01-07T14:17:31.9595810+01:00" testType="13cdc9d9-ddb5-4fa4-a97d-d965ccfc6d4b" outcome="Passed" testListId="8c84fa94-04c1-424b-9868-57a2d4851a1d" relativeResultsDirectory="d8bea519-6f6f-4349-9651-0c4b12747a3b" />
    <UnitTestResult executionId="93e10dd4-9b4d-4959-9e5a-1976df4acb2a" testId="28a87aad-ed89-ac11-f1c2-1f30d1e3aca6" testName="Engine.Contract.Tests.ChangeRpm.FactTests.ShouldDeserializeFact" computerName="host00" duration="00:00:00.0427031" startTime="2023-01-07T14:17:31.9939671+01:00" endTime="2023-01-07T14:17:31.9939672+01:00" testType="13cdc9d9-ddb5-4fa4-a97d-d965ccfc6d4b" outcome="Passed" testListId="8c84fa94-04c1-424b-9868-57a2d4851a1d" relativeResultsDirectory="93e10dd4-9b4d-4959-9e5a-1976df4acb2a" />
    <UnitTestResult executionId="6d310811-a4ce-4df1-b16a-954226361ff7" testId="8954f6f2-674b-2cc1-50f7-c466c63f106e" testName="Engine.Contract.Tests.ChangeDetails.HopeTests.ShouldHaveTopic" computerName="host00" duration="00:00:00.0016584" startTime="2023-01-07T14:17:31.9618639+01:00" endTime="2023-01-07T14:17:31.9618640+01:00" testType="13cdc9d9-ddb5-4fa4-a97d-d965ccfc6d4b" outcome="Passed" testListId="8c84fa94-04c1-424b-9868-57a2d4851a1d" relativeResultsDirectory="6d310811-a4ce-4df1-b16a-954226361ff7" />
    <UnitTestResult executionId="ce4f12ab-9338-4390-87e1-5441123b2c9c" testId="35f5bf76-5dd3-8610-1a11-5aa1b13ea942" testName="Engine.Contract.Tests.Schema.RootDocTests.ShouldBeSerializable" computerName="host00" duration="00:00:00.0405655" startTime="2023-01-07T14:17:31.9866310+01:00" endTime="2023-01-07T14:17:31.9866310+01:00" testType="13cdc9d9-ddb5-4fa4-a97d-d965ccfc6d4b" outcome="Passed" testListId="8c84fa94-04c1-424b-9868-57a2d4851a1d" relativeResultsDirectory="ce4f12ab-9338-4390-87e1-5441123b2c9c" />
    <UnitTestResult executionId="6196b7ec-953e-4fae-bc89-705d4928de9e" testId="d3517e99-ad76-3d50-a8f8-e809d672cdf2" testName="Engine.Contract.Tests.Stop.PayloadTests.ShouldCreatePayload" computerName="host00" duration="00:00:00.0002781" startTime="2023-01-07T14:17:31.9821984+01:00" endTime="2023-01-07T14:17:31.9821984+01:00" testType="13cdc9d9-ddb5-4fa4-a97d-d965ccfc6d4b" outcome="Passed" testListId="8c84fa94-04c1-424b-9868-57a2d4851a1d" relativeResultsDirectory="6196b7ec-953e-4fae-bc89-705d4928de9e" />
    <UnitTestResult executionId="d3292b2c-57da-49bf-872a-d69eb027ea5f" testId="b1a72612-477d-8ae0-87a7-7021770424e0" testName="Engine.Contract.Tests.Start.PayloadTests.ShouldCreatePayload" computerName="host00" duration="00:00:00.0001514" startTime="2023-01-07T14:17:31.9823308+01:00" endTime="2023-01-07T14:17:31.9823308+01:00" testType="13cdc9d9-ddb5-4fa4-a97d-d965ccfc6d4b" outcome="Passed" testListId="8c84fa94-04c1-424b-9868-57a2d4851a1d" relativeResultsDirectory="d3292b2c-57da-49bf-872a-d69eb027ea5f" />
    <UnitTestResult executionId="74115ee4-363c-4912-ba3c-ab1fc98ec4ae" testId="d8fb68e4-3aaf-b626-4ed7-3b4fbab08bb8" testName="Engine.Contract.Tests.ChangeRpm.HopeTests.ShouldResolveHopeCtor" computerName="host00" duration="00:00:00.0005982" startTime="2023-01-07T14:17:31.9625316+01:00" endTime="2023-01-07T14:17:31.9625317+01:00" testType="13cdc9d9-ddb5-4fa4-a97d-d965ccfc6d4b" outcome="Passed" testListId="8c84fa94-04c1-424b-9868-57a2d4851a1d" relativeResultsDirectory="74115ee4-363c-4912-ba3c-ab1fc98ec4ae" />
    <UnitTestResult executionId="44e3835d-78b2-4fc6-b97c-ee9e829da7ee" testId="fa1dcccd-9537-c003-11e1-63195d47704b" testName="Engine.Contract.Tests.Initialize.FactTests.ShouldHaveFactTopic" computerName="host00" duration="00:00:00.0489867" startTime="2023-01-07T14:17:31.9616940+01:00" endTime="2023-01-07T14:17:31.9616941+01:00" testType="13cdc9d9-ddb5-4fa4-a97d-d965ccfc6d4b" outcome="Passed" testListId="8c84fa94-04c1-424b-9868-57a2d4851a1d" relativeResultsDirectory="44e3835d-78b2-4fc6-b97c-ee9e829da7ee" />
    <UnitTestResult executionId="410be383-c76c-4768-badb-aec33c16a7ba" testId="923e93cd-95c2-d6e1-c635-21470667b13b" testName="Engine.Contract.Tests.Schema.RootIDTests.ShouldCreateID" computerName="host00" duration="00:00:00.0443438" startTime="2023-01-07T14:17:31.9594724+01:00" endTime="2023-01-07T14:17:31.9594725+01:00" testType="13cdc9d9-ddb5-4fa4-a97d-d965ccfc6d4b" outcome="Passed" testListId="8c84fa94-04c1-424b-9868-57a2d4851a1d" relativeResultsDirectory="410be383-c76c-4768-badb-aec33c16a7ba" />
    <UnitTestResult executionId="b0af35a3-40b6-4b8b-8a24-ca15e7cb1ed8" testId="b95f57bb-94dc-0eb1-74f8-47ee7a5b3473" testName="Engine.Contract.Tests.Schema.RootListDocTests.ShouldStateBeDeserializable" computerName="host00" duration="00:00:00.0462629" startTime="2023-01-07T14:17:31.9947022+01:00" endTime="2023-01-07T14:17:31.9947023+01:00" testType="13cdc9d9-ddb5-4fa4-a97d-d965ccfc6d4b" outcome="Passed" testListId="8c84fa94-04c1-424b-9868-57a2d4851a1d" relativeResultsDirectory="b0af35a3-40b6-4b8b-8a24-ca15e7cb1ed8" />
    <UnitTestResult executionId="de3b96c4-d38b-46fa-9319-09c3d1889779" testId="10a3ea68-0b2b-da0a-1b4e-872fbb21ede7" testName="Engine.Contract.Tests.Schema.RootDocTests.ShouldResolveIDCtor" computerName="host00" duration="00:00:00.0002202" startTime="2023-01-07T14:17:31.9870383+01:00" endTime="2023-01-07T14:17:31.9870384+01:00" testType="13cdc9d9-ddb5-4fa4-a97d-d965ccfc6d4b" outcome="Passed" testListId="8c84fa94-04c1-424b-9868-57a2d4851a1d" relativeResultsDirectory="de3b96c4-d38b-46fa-9319-09c3d1889779" />
    <UnitTestResult executionId="1dbac24b-80b6-4d82-a605-c7cf644c2b08" testId="f96feb5f-c536-faa8-f624-53b6f81f3507" testName="Engine.Contract.Tests.Initialize.HopeTests.ShouldResolveHopeCtor" computerName="host00" duration="00:00:00.0002449" startTime="2023-01-07T14:17:31.9916893+01:00" endTime="2023-01-07T14:17:31.9916893+01:00" testType="13cdc9d9-ddb5-4fa4-a97d-d965ccfc6d4b" outcome="Passed" testListId="8c84fa94-04c1-424b-9868-57a2d4851a1d" relativeResultsDirectory="1dbac24b-80b6-4d82-a605-c7cf644c2b08" />
    <UnitTestResult executionId="1a037166-8e33-46f9-9e5d-3de0e60feada" testId="ad2c037d-1269-fcd1-80a8-0434821727b1" testName="Engine.Contract.Tests.Schema.RootListDocTests.ShouldResolveStateCtor" computerName="host00" duration="00:00:00.0001496" startTime="2023-01-07T14:17:31.9947619+01:00" endTime="2023-01-07T14:17:31.9947620+01:00" testType="13cdc9d9-ddb5-4fa4-a97d-d965ccfc6d4b" outcome="Passed" testListId="8c84fa94-04c1-424b-9868-57a2d4851a1d" relativeResultsDirectory="1a037166-8e33-46f9-9e5d-3de0e60feada" />
    <UnitTestResult executionId="b5d30d05-aaed-4c53-b2e6-52b5a6c17ab0" testId="71693788-1e77-4a47-436f-da069c80ddf7" testName="Engine.Contract.Tests.ChangeDetails.HopeTests.ShouldDeserializeHope" computerName="host00" duration="00:00:00.0395317" startTime="2023-01-07T14:17:31.9902687+01:00" endTime="2023-01-07T14:17:31.9902687+01:00" testType="13cdc9d9-ddb5-4fa4-a97d-d965ccfc6d4b" outcome="Passed" testListId="8c84fa94-04c1-424b-9868-57a2d4851a1d" relativeResultsDirectory="b5d30d05-aaed-4c53-b2e6-52b5a6c17ab0" />
    <UnitTestResult executionId="8b07bde2-9941-4939-b61c-6d6be1219bec" testId="984ec6d5-191b-5314-7e24-900a3d242139" testName="Engine.Contract.Tests.ChangeDetails.FactTests.ShouldResolveIDCtor" computerName="host00" duration="00:00:00.0002071" startTime="2023-01-07T14:17:31.9940827+01:00" endTime="2023-01-07T14:17:31.9940828+01:00" testType="13cdc9d9-ddb5-4fa4-a97d-d965ccfc6d4b" outcome="Passed" testListId="8c84fa94-04c1-424b-9868-57a2d4851a1d" relativeResultsDirectory="8b07bde2-9941-4939-b61c-6d6be1219bec" />
    <UnitTestResult executionId="b8d060a6-cadb-40a6-8a88-695584794432" testId="702fd4d8-3299-52f4-3e20-72c97ecd796d" testName="Engine.Contract.Tests.Start.HopeTests.ShouldResolveIDCtor" computerName="host00" duration="00:00:00.0002539" startTime="2023-01-07T14:17:31.9923189+01:00" endTime="2023-01-07T14:17:31.9923189+01:00" testType="13cdc9d9-ddb5-4fa4-a97d-d965ccfc6d4b" outcome="Passed" testListId="8c84fa94-04c1-424b-9868-57a2d4851a1d" relativeResultsDirectory="b8d060a6-cadb-40a6-8a88-695584794432" />
    <UnitTestResult executionId="2026eefa-d481-403f-b01b-7f6d7bea2644" testId="b6568bc6-b5f4-ac2e-890f-2b92bd621cd1" testName="Engine.Contract.Tests.Schema.RootListIDTests.ShouldCreateFromIdString" computerName="host00" duration="00:00:00.0015154" startTime="2023-01-07T14:17:31.9599437+01:00" endTime="2023-01-07T14:17:31.9599437+01:00" testType="13cdc9d9-ddb5-4fa4-a97d-d965ccfc6d4b" outcome="Passed" testListId="8c84fa94-04c1-424b-9868-57a2d4851a1d" relativeResultsDirectory="2026eefa-d481-403f-b01b-7f6d7bea2644" />
    <UnitTestResult executionId="031c9563-5a68-4e0c-84e8-46b9dfaa8138" testId="5f631798-7fe8-5148-f489-909874366d29" testName="Engine.Contract.Tests.ChangeRpm.FactTests.ShouldHaveFactTopic" computerName="host00" duration="00:00:00.0002619" startTime="2023-01-07T14:17:31.9946521+01:00" endTime="2023-01-07T14:17:31.9946522+01:00" testType="13cdc9d9-ddb5-4fa4-a97d-d965ccfc6d4b" outcome="Passed" testListId="8c84fa94-04c1-424b-9868-57a2d4851a1d" relativeResultsDirectory="031c9563-5a68-4e0c-84e8-46b9dfaa8138" />
    <UnitTestResult executionId="086e04c5-684b-470d-8d08-9870af03a228" testId="47d508c6-efbf-8041-4158-c60870f10e77" testName="Engine.Contract.Tests.ChangeRpm.HopeTests.ShouldDeserializeHope" computerName="host00" duration="00:00:00.0407796" startTime="2023-01-07T14:17:31.9938650+01:00" endTime="2023-01-07T14:17:31.9938650+01:00" testType="13cdc9d9-ddb5-4fa4-a97d-d965ccfc6d4b" outcome="Passed" testListId="8c84fa94-04c1-424b-9868-57a2d4851a1d" relativeResultsDirectory="086e04c5-684b-470d-8d08-9870af03a228" />
    <UnitTestResult executionId="b37dbf4b-c5ac-42ff-aecd-fddac1ba0e77" testId="ef16d8eb-c5b1-aa58-6ef2-a20f31166a00" testName="Engine.Contract.Tests.Schema.RootListItemTests.ShouldBeSerializableEntity" computerName="host00" duration="00:00:00.0831862" startTime="2023-01-07T14:17:31.9859846+01:00" endTime="2023-01-07T14:17:31.9859847+01:00" testType="13cdc9d9-ddb5-4fa4-a97d-d965ccfc6d4b" outcome="Passed" testListId="8c84fa94-04c1-424b-9868-57a2d4851a1d" relativeResultsDirectory="b37dbf4b-c5ac-42ff-aecd-fddac1ba0e77" />
    <UnitTestResult executionId="758aaa53-b43f-48bf-b298-32c5b27ea124" testId="3a2facad-3f75-f9ee-b720-0d313aa07888" testName="Engine.Contract.Tests.Schema.RootDocTests.ShouldStateBeDeserializable" computerName="host00" duration="00:00:00.0068996" startTime="2023-01-07T14:17:31.9949963+01:00" endTime="2023-01-07T14:17:31.9949964+01:00" testType="13cdc9d9-ddb5-4fa4-a97d-d965ccfc6d4b" outcome="Passed" testListId="8c84fa94-04c1-424b-9868-57a2d4851a1d" relativeResultsDirectory="758aaa53-b43f-48bf-b298-32c5b27ea124" />
    <UnitTestResult executionId="1d88f92b-7107-4b12-a052-a0578620e452" testId="16785de0-7b80-9cd0-a126-6b48c71f10c8" testName="Engine.Contract.Tests.Initialize.PayloadTests.ShouldCreatePayload" computerName="host00" duration="00:00:00.0006061" startTime="2023-01-07T14:17:31.9582913+01:00" endTime="2023-01-07T14:17:31.9582913+01:00" testType="13cdc9d9-ddb5-4fa4-a97d-d965ccfc6d4b" outcome="Passed" testListId="8c84fa94-04c1-424b-9868-57a2d4851a1d" relativeResultsDirectory="1d88f92b-7107-4b12-a052-a0578620e452" />
    <UnitTestResult executionId="f43cca38-d8df-47c5-a159-b899f0287170" testId="6b304d83-9c39-e83c-9ed8-3d9089026171" testName="Engine.Contract.Tests.Schema.RootListItemTests.ShouldBeDeserializableEntity" computerName="host00" duration="00:00:00.0075502" startTime="2023-01-07T14:17:31.9953920+01:00" endTime="2023-01-07T14:17:31.9953921+01:00" testType="13cdc9d9-ddb5-4fa4-a97d-d965ccfc6d4b" outcome="Passed" testListId="8c84fa94-04c1-424b-9868-57a2d4851a1d" relativeResultsDirectory="f43cca38-d8df-47c5-a159-b899f0287170" />
    <UnitTestResult executionId="cac0653f-3add-42fc-8243-39864a36c4a4" testId="5a41d935-407f-f525-2459-e1347c866437" testName="Engine.Contract.Tests.Schema.RootIDTests.ShouldTestHaveIDPrefix" computerName="host00" duration="00:00:00.0003537" startTime="2023-01-07T14:17:31.9601564+01:00" endTime="2023-01-07T14:17:31.9601565+01:00" testType="13cdc9d9-ddb5-4fa4-a97d-d965ccfc6d4b" outcome="Passed" testListId="8c84fa94-04c1-424b-9868-57a2d4851a1d" relativeResultsDirectory="cac0653f-3add-42fc-8243-39864a36c4a4" />
    <UnitTestResult executionId="7af3deb9-a6db-46c3-a288-b77bf18d2405" testId="d9cc00b8-4c77-2698-0f20-b79f27aa8e38" testName="Engine.Contract.Tests.Start.HopeTests.ShouldResolveHopeCtor" computerName="host00" duration="00:00:00.0473941" startTime="2023-01-07T14:17:31.9600924+01:00" endTime="2023-01-07T14:17:31.9600925+01:00" testType="13cdc9d9-ddb5-4fa4-a97d-d965ccfc6d4b" outcome="Passed" testListId="8c84fa94-04c1-424b-9868-57a2d4851a1d" relativeResultsDirectory="7af3deb9-a6db-46c3-a288-b77bf18d2405" />
    <UnitTestResult executionId="dd06471a-f79e-42e0-9f84-2d4a1b85f0eb" testId="dffd0781-826b-cee7-e834-a17922c4bccc" testName="Engine.Contract.Tests.Schema.DetailsTests.ShouldResolveValueObjectCtor" computerName="host00" duration="00:00:00.0007879" startTime="2023-01-07T14:17:31.9827691+01:00" endTime="2023-01-07T14:17:31.9827692+01:00" testType="13cdc9d9-ddb5-4fa4-a97d-d965ccfc6d4b" outcome="Passed" testListId="8c84fa94-04c1-424b-9868-57a2d4851a1d" relativeResultsDirectory="dd06471a-f79e-42e0-9f84-2d4a1b85f0eb" />
    <UnitTestResult executionId="e01d8afa-6f60-48dc-a266-35f790ec2779" testId="532b63b1-729b-6ddc-7c0f-623ef91da2ee" testName="Engine.Contract.Tests.ChangeRpm.HopeTests.ShouldResolvePayloadCtor" computerName="host00" duration="00:00:00.0001899" startTime="2023-01-07T14:17:31.9630836+01:00" endTime="2023-01-07T14:17:31.9630837+01:00" testType="13cdc9d9-ddb5-4fa4-a97d-d965ccfc6d4b" outcome="Passed" testListId="8c84fa94-04c1-424b-9868-57a2d4851a1d" relativeResultsDirectory="e01d8afa-6f60-48dc-a266-35f790ec2779" />
    <UnitTestResult executionId="a98004e0-ddd5-49c4-b46e-e986980d5982" testId="04cfc56f-816a-4569-65e9-c0e8c1b1fad8" testName="Engine.Contract.Tests.Start.FactTests.ShouldResolvePayloadCtor" computerName="host00" duration="00:00:00.0002266" startTime="2023-01-07T14:17:31.9631838+01:00" endTime="2023-01-07T14:17:31.9631839+01:00" testType="13cdc9d9-ddb5-4fa4-a97d-d965ccfc6d4b" outcome="Passed" testListId="8c84fa94-04c1-424b-9868-57a2d4851a1d" relativeResultsDirectory="a98004e0-ddd5-49c4-b46e-e986980d5982" />
    <UnitTestResult executionId="e57f8248-61cc-4a17-b6d6-f9a7a9f68e96" testId="bcce7ec4-1f26-3c7b-bd6a-0692249e1eb7" testName="Engine.Contract.Tests.ChangeRpm.PayloadTests.ShouldSerializePayload" computerName="host00" duration="00:00:00.0450847" startTime="2023-01-07T14:17:31.9922023+01:00" endTime="2023-01-07T14:17:31.9922023+01:00" testType="13cdc9d9-ddb5-4fa4-a97d-d965ccfc6d4b" outcome="Passed" testListId="8c84fa94-04c1-424b-9868-57a2d4851a1d" relativeResultsDirectory="e57f8248-61cc-4a17-b6d6-f9a7a9f68e96" />
    <UnitTestResult executionId="df3aca69-8682-4852-b627-4860e2a42b84" testId="7b4deaeb-5741-1f57-3375-14c8ccf31ad0" testName="Engine.Contract.Tests.Start.HopeTests.ShouldDeserializeHope" computerName="host00" duration="00:00:00.0403260" startTime="2023-01-07T14:17:31.9916170+01:00" endTime="2023-01-07T14:17:31.9916171+01:00" testType="13cdc9d9-ddb5-4fa4-a97d-d965ccfc6d4b" outcome="Passed" testListId="8c84fa94-04c1-424b-9868-57a2d4851a1d" relativeResultsDirectory="df3aca69-8682-4852-b627-4860e2a42b84" />
    <UnitTestResult executionId="16eb13f5-d901-4296-961b-aded620b5a3e" testId="361d0706-bb72-9d36-d13b-778fb97ff69a" testName="Engine.Contract.Tests.Schema.RootListDocTests.ShouldCreateState" computerName="host00" duration="00:00:00.0001518" startTime="2023-01-07T14:17:31.9949474+01:00" endTime="2023-01-07T14:17:31.9949475+01:00" testType="13cdc9d9-ddb5-4fa4-a97d-d965ccfc6d4b" outcome="Passed" testListId="8c84fa94-04c1-424b-9868-57a2d4851a1d" relativeResultsDirectory="16eb13f5-d901-4296-961b-aded620b5a3e" />
    <UnitTestResult executionId="7094a3d4-7e20-4c0a-9412-0802ea998c6e" testId="928d2116-9c92-d4b2-546d-a623a5975a39" testName="Engine.Contract.Tests.Initialize.PayloadTests.ShouldResolvePayloadCtor" computerName="host00" duration="00:00:00.0383615" startTime="2023-01-07T14:17:31.9512734+01:00" endTime="2023-01-07T14:17:31.9512734+01:00" testType="13cdc9d9-ddb5-4fa4-a97d-d965ccfc6d4b" outcome="Passed" testListId="8c84fa94-04c1-424b-9868-57a2d4851a1d" relativeResultsDirectory="7094a3d4-7e20-4c0a-9412-0802ea998c6e" />
    <UnitTestResult executionId="a2ea4cb6-fcd6-43a8-a58f-6e445e29f757" testId="d19a7835-939c-af73-1c5b-43cdbccb405a" testName="Engine.Contract.Tests.ChangeRpm.PayloadTests.ShouldResolvePayloadCtor" computerName="host00" duration="00:00:00.0004949" startTime="2023-01-07T14:17:31.9581495+01:00" endTime="2023-01-07T14:17:31.9581496+01:00" testType="13cdc9d9-ddb5-4fa4-a97d-d965ccfc6d4b" outcome="Passed" testListId="8c84fa94-04c1-424b-9868-57a2d4851a1d" relativeResultsDirectory="a2ea4cb6-fcd6-43a8-a58f-6e445e29f757" />
    <UnitTestResult executionId="acb9850d-0c33-4db8-9133-446f27ec093e" testId="f0a43f58-085e-aed9-e776-8e250c8a23b7" testName="Engine.Contract.Tests.Stop.FactTests.ShouldResolveFactCtor" computerName="host00" duration="00:00:00.0003431" startTime="2023-01-07T14:17:31.9611957+01:00" endTime="2023-01-07T14:17:31.9611957+01:00" testType="13cdc9d9-ddb5-4fa4-a97d-d965ccfc6d4b" outcome="Passed" testListId="8c84fa94-04c1-424b-9868-57a2d4851a1d" relativeResultsDirectory="acb9850d-0c33-4db8-9133-446f27ec093e" />
    <UnitTestResult executionId="c9278022-92b2-40b9-94e0-c5861ff4b0ab" testId="45af0734-cba8-e5fe-1f53-d51d1de97dee" testName="Engine.Contract.Tests.ChangeDetails.PayloadTests.ShouldResolvePayloadCtor" computerName="host00" duration="00:00:00.0378287" startTime="2023-01-07T14:17:31.9513069+01:00" endTime="2023-01-07T14:17:31.9513070+01:00" testType="13cdc9d9-ddb5-4fa4-a97d-d965ccfc6d4b" outcome="Passed" testListId="8c84fa94-04c1-424b-9868-57a2d4851a1d" relativeResultsDirectory="c9278022-92b2-40b9-94e0-c5861ff4b0ab" />
    <UnitTestResult executionId="72624b6c-f770-400e-b37a-96b0bad0edbd" testId="f94f3d0c-86fe-b49d-24a2-3813949804b5" testName="Engine.Contract.Tests.Stop.HopeTests.ShouldResolvePayloadCtor" computerName="host00" duration="00:00:00.0002498" startTime="2023-01-07T14:17:31.9937359+01:00" endTime="2023-01-07T14:17:31.9937360+01:00" testType="13cdc9d9-ddb5-4fa4-a97d-d965ccfc6d4b" outcome="Passed" testListId="8c84fa94-04c1-424b-9868-57a2d4851a1d" relativeResultsDirectory="72624b6c-f770-400e-b37a-96b0bad0edbd" />
    <UnitTestResult executionId="c35a4825-d7bc-4853-9787-663a971b1ed8" testId="912d3c77-14af-ee3a-2a87-3aa6488514e9" testName="Engine.Contract.Tests.Schema.RootDocTests.ShouldCreateState" computerName="host00" duration="00:00:00.0009608" startTime="2023-01-07T14:17:31.9583484+01:00" endTime="2023-01-07T14:17:31.9583484+01:00" testType="13cdc9d9-ddb5-4fa4-a97d-d965ccfc6d4b" outcome="Passed" testListId="8c84fa94-04c1-424b-9868-57a2d4851a1d" relativeResultsDirectory="c35a4825-d7bc-4853-9787-663a971b1ed8" />
    <UnitTestResult executionId="2895532d-d444-4fc5-8239-b18fed4fb067" testId="1d0dbfd2-83fc-a30c-6e7f-45aefd22ab3c" testName="Engine.Contract.Tests.Schema.RootDocTests.ShouldResolveStateCtor" computerName="host00" duration="00:00:00.0391817" startTime="2023-01-07T14:17:31.9513198+01:00" endTime="2023-01-07T14:17:31.9513199+01:00" testType="13cdc9d9-ddb5-4fa4-a97d-d965ccfc6d4b" outcome="Passed" testListId="8c84fa94-04c1-424b-9868-57a2d4851a1d" relativeResultsDirectory="2895532d-d444-4fc5-8239-b18fed4fb067" />
    <UnitTestResult executionId="bcf0193c-080d-4a2d-9675-715f797b7293" testId="c4f72336-453e-918e-7d4d-39358db3a20a" testName="Engine.Contract.Tests.Initialize.FactTests.ShouldResolveIDCtor" computerName="host00" duration="00:00:00.0002752" startTime="2023-01-07T14:17:31.9925144+01:00" endTime="2023-01-07T14:17:31.9925145+01:00" testType="13cdc9d9-ddb5-4fa4-a97d-d965ccfc6d4b" outcome="Passed" testListId="8c84fa94-04c1-424b-9868-57a2d4851a1d" relativeResultsDirectory="bcf0193c-080d-4a2d-9675-715f797b7293" />
    <UnitTestResult executionId="1ba83410-dd30-402e-afb4-e84fe72eb2ad" testId="0d0f9321-c57d-0a2c-1a1f-5403c1a55bcd" testName="Engine.Contract.Tests.Stop.FactTests.ShouldResolvePayloadCtor" computerName="host00" duration="00:00:00.0003422" startTime="2023-01-07T14:17:31.9611181+01:00" endTime="2023-01-07T14:17:31.9611182+01:00" testType="13cdc9d9-ddb5-4fa4-a97d-d965ccfc6d4b" outcome="Passed" testListId="8c84fa94-04c1-424b-9868-57a2d4851a1d" relativeResultsDirectory="1ba83410-dd30-402e-afb4-e84fe72eb2ad" />
    <UnitTestResult executionId="976952e1-80ab-4955-9264-1230f28e364e" testId="3144f240-61c7-1977-af1e-07c65b7b2526" testName="Engine.Contract.Tests.Start.HopeTests.ShouldHaveTopic" computerName="host00" duration="00:00:00.0015879" startTime="2023-01-07T14:17:31.9618355+01:00" endTime="2023-01-07T14:17:31.9618355+01:00" testType="13cdc9d9-ddb5-4fa4-a97d-d965ccfc6d4b" outcome="Passed" testListId="8c84fa94-04c1-424b-9868-57a2d4851a1d" relativeResultsDirectory="976952e1-80ab-4955-9264-1230f28e364e" />
    <UnitTestResult executionId="aa62552c-7b45-48b9-9ee6-531480c5bce9" testId="f85a2c10-6099-4ca5-4354-cd6024ff4005" testName="Engine.Contract.Tests.Initialize.HopeTests.ShouldResolveIDCtor" computerName="host00" duration="00:00:00.0003774" startTime="2023-01-07T14:17:31.9624230+01:00" endTime="2023-01-07T14:17:31.9624231+01:00" testType="13cdc9d9-ddb5-4fa4-a97d-d965ccfc6d4b" outcome="Passed" testListId="8c84fa94-04c1-424b-9868-57a2d4851a1d" relativeResultsDirectory="aa62552c-7b45-48b9-9ee6-531480c5bce9" />
    <UnitTestResult executionId="f149805c-a24e-444c-8cf0-ffc5ad4a98cd" testId="e43f716c-64a5-9181-5a7a-1d1229f89309" testName="Engine.Contract.Tests.Initialize.FactTests.ShouldResolvePayloadCtor" computerName="host00" duration="00:00:00.0003280" startTime="2023-01-07T14:17:31.9938038+01:00" endTime="2023-01-07T14:17:31.9938038+01:00" testType="13cdc9d9-ddb5-4fa4-a97d-d965ccfc6d4b" outcome="Passed" testListId="8c84fa94-04c1-424b-9868-57a2d4851a1d" relativeResultsDirectory="f149805c-a24e-444c-8cf0-ffc5ad4a98cd" />
    <UnitTestResult executionId="85ed3af5-51d5-4257-adb6-622daa6a788c" testId="d5dc4ee4-f4c8-ed5a-6739-bd9f62f3b175" testName="Engine.Contract.Tests.Stop.HopeTests.ShouldHaveTopic" computerName="host00" duration="00:00:00.0002166" startTime="2023-01-07T14:17:31.9931646+01:00" endTime="2023-01-07T14:17:31.9931646+01:00" testType="13cdc9d9-ddb5-4fa4-a97d-d965ccfc6d4b" outcome="Passed" testListId="8c84fa94-04c1-424b-9868-57a2d4851a1d" relativeResultsDirectory="85ed3af5-51d5-4257-adb6-622daa6a788c" />
    <UnitTestResult executionId="e2c19f88-0f8c-49d8-b5a4-09f1d9282ec1" testId="c3179b18-641e-1b2d-9ca7-6395146be776" testName="Engine.Contract.Tests.ChangeDetails.FactTests.ShouldResolveFactCtor" computerName="host00" duration="00:00:00.0002293" startTime="2023-01-07T14:17:31.9933002+01:00" endTime="2023-01-07T14:17:31.9933003+01:00" testType="13cdc9d9-ddb5-4fa4-a97d-d965ccfc6d4b" outcome="Passed" testListId="8c84fa94-04c1-424b-9868-57a2d4851a1d" relativeResultsDirectory="e2c19f88-0f8c-49d8-b5a4-09f1d9282ec1" />
    <UnitTestResult executionId="3a624dc6-4fb6-4634-a4d8-4d19bc139a10" testId="042ed998-a683-897d-ff6d-cab5ed510269" testName="Engine.Contract.Tests.Start.PayloadTests.ShouldResolvePayloadCtor" computerName="host00" duration="00:00:00.0003768" startTime="2023-01-07T14:17:31.9822631+01:00" endTime="2023-01-07T14:17:31.9822631+01:00" testType="13cdc9d9-ddb5-4fa4-a97d-d965ccfc6d4b" outcome="Passed" testListId="8c84fa94-04c1-424b-9868-57a2d4851a1d" relativeResultsDirectory="3a624dc6-4fb6-4634-a4d8-4d19bc139a10" />
    <UnitTestResult executionId="007c949c-9f4f-4c38-b55f-7e68f812e502" testId="7e5b53c1-6520-d28e-63f1-156f26078109" testName="Engine.Contract.Tests.Initialize.FactTests.ShouldResolveFactCtor" computerName="host00" duration="00:00:00.0002576" startTime="2023-01-07T14:17:31.9940309+01:00" endTime="2023-01-07T14:17:31.9940309+01:00" testType="13cdc9d9-ddb5-4fa4-a97d-d965ccfc6d4b" outcome="Passed" testListId="8c84fa94-04c1-424b-9868-57a2d4851a1d" relativeResultsDirectory="007c949c-9f4f-4c38-b55f-7e68f812e502" />
    <UnitTestResult executionId="ba772604-01ba-420b-9c16-0a17b0b5a472" testId="b29e2241-c1fa-4685-d7b5-0df8843d48ef" testName="Engine.Contract.Tests.Schema.RootListDocTests.ShouldBeSerializable" computerName="host00" duration="00:00:00.0002312" startTime="2023-01-07T14:17:31.9948869+01:00" endTime="2023-01-07T14:17:31.9948869+01:00" testType="13cdc9d9-ddb5-4fa4-a97d-d965ccfc6d4b" outcome="Passed" testListId="8c84fa94-04c1-424b-9868-57a2d4851a1d" relativeResultsDirectory="ba772604-01ba-420b-9c16-0a17b0b5a472" />
    <UnitTestResult executionId="6fbb3326-0499-4864-b7cf-80f52bed99b8" testId="a272defb-f755-d5f2-2f62-f27b6e4e4f29" testName="Engine.Contract.Tests.Initialize.FactTests.ShouldDeserializeFact" computerName="host00" duration="00:00:00.0409413" startTime="2023-01-07T14:17:31.9917850+01:00" endTime="2023-01-07T14:17:31.9917851+01:00" testType="13cdc9d9-ddb5-4fa4-a97d-d965ccfc6d4b" outcome="Passed" testListId="8c84fa94-04c1-424b-9868-57a2d4851a1d" relativeResultsDirectory="6fbb3326-0499-4864-b7cf-80f52bed99b8" />
    <UnitTestResult executionId="aa68ff27-a497-4955-af38-46cfdc3d99fd" testId="10aed7c2-c095-c6b5-40d1-ef68ca215edc" testName="Engine.Contract.Tests.Schema.RootListIDTests.ShouldResolveIDCtor" computerName="host00" duration="00:00:00.0005519" startTime="2023-01-07T14:17:31.9582501+01:00" endTime="2023-01-07T14:17:31.9582501+01:00" testType="13cdc9d9-ddb5-4fa4-a97d-d965ccfc6d4b" outcome="Passed" testListId="8c84fa94-04c1-424b-9868-57a2d4851a1d" relativeResultsDirectory="aa68ff27-a497-4955-af38-46cfdc3d99fd" />
    <UnitTestResult executionId="01d0d433-6da1-4825-8123-68e24aa06bd7" testId="914d6c49-865b-7678-0ac6-c9f3de842779" testName="Engine.Contract.Tests.Stop.FactTests.ShouldResolveIDCtor" computerName="host00" duration="00:00:00.0477174" startTime="2023-01-07T14:17:31.9606977+01:00" endTime="2023-01-07T14:17:31.9606978+01:00" testType="13cdc9d9-ddb5-4fa4-a97d-d965ccfc6d4b" outcome="Passed" testListId="8c84fa94-04c1-424b-9868-57a2d4851a1d" relativeResultsDirectory="01d0d433-6da1-4825-8123-68e24aa06bd7" />
    <UnitTestResult executionId="91e9b416-3698-4f97-8893-413569cff804" testId="3bbfd60d-14f9-dce8-3a98-cb6d17acfa54" testName="Engine.Contract.Tests.Start.FactTests.ShouldResolveIDCtor" computerName="host00" duration="00:00:00.0007605" startTime="2023-01-07T14:17:31.9625913+01:00" endTime="2023-01-07T14:17:31.9625913+01:00" testType="13cdc9d9-ddb5-4fa4-a97d-d965ccfc6d4b" outcome="Passed" testListId="8c84fa94-04c1-424b-9868-57a2d4851a1d" relativeResultsDirectory="91e9b416-3698-4f97-8893-413569cff804" />
    <UnitTestResult executionId="ba57d71f-520c-4f17-a92d-c71939a8b7c9" testId="11e289d3-f392-0f3b-9c62-064c823a3cdb" testName="Engine.Contract.Tests.Schema.RootListDocTests.ShouldCreateDifferentStates" computerName="host00" duration="00:00:00.0017334" startTime="2023-01-07T14:17:31.9594016+01:00" endTime="2023-01-07T14:17:31.9594017+01:00" testType="13cdc9d9-ddb5-4fa4-a97d-d965ccfc6d4b" outcome="Passed" testListId="8c84fa94-04c1-424b-9868-57a2d4851a1d" relativeResultsDirectory="ba57d71f-520c-4f17-a92d-c71939a8b7c9" />
    <UnitTestResult executionId="88988b84-8353-4c7b-bfbf-17d8a8e3d017" testId="47fb50fb-6cc5-6ff5-a107-3f3cd4c324f1" testName="Engine.Contract.Tests.ChangeDetails.HopeTests.ShouldResolveIDCtor" computerName="host00" duration="00:00:00.0002460" startTime="2023-01-07T14:17:31.9914320+01:00" endTime="2023-01-07T14:17:31.9914320+01:00" testType="13cdc9d9-ddb5-4fa4-a97d-d965ccfc6d4b" outcome="Passed" testListId="8c84fa94-04c1-424b-9868-57a2d4851a1d" relativeResultsDirectory="88988b84-8353-4c7b-bfbf-17d8a8e3d017" />
    <UnitTestResult executionId="bdd08148-99b8-433f-832d-cb732a791596" testId="3f0fed5e-c7b0-b4ff-6f53-edd029faa9a7" testName="Engine.Contract.Tests.ChangeDetails.PayloadTests.ShouldSerializePayload" computerName="host00" duration="00:00:00.0438637" startTime="2023-01-07T14:17:31.9901580+01:00" endTime="2023-01-07T14:17:31.9901581+01:00" testType="13cdc9d9-ddb5-4fa4-a97d-d965ccfc6d4b" outcome="Passed" testListId="8c84fa94-04c1-424b-9868-57a2d4851a1d" relativeResultsDirectory="bdd08148-99b8-433f-832d-cb732a791596" />
    <UnitTestResult executionId="973bab64-2a9c-469f-85b4-9bc96d1dd1da" testId="fbc6a60f-03fd-cf4b-dfd0-e2cac8c0d1be" testName="Engine.Contract.Tests.Stop.FactTests.ShouldHaveFactTopic" computerName="host00" duration="00:00:00.0002708" startTime="2023-01-07T14:17:31.9930529+01:00" endTime="2023-01-07T14:17:31.9930530+01:00" testType="13cdc9d9-ddb5-4fa4-a97d-d965ccfc6d4b" outcome="Passed" testListId="8c84fa94-04c1-424b-9868-57a2d4851a1d" relativeResultsDirectory="973bab64-2a9c-469f-85b4-9bc96d1dd1da" />
    <UnitTestResult executionId="9af9255a-f169-43a2-9c17-f244eabd2059" testId="c7bf7520-57b1-53d5-8f41-12bf687fd3bd" testName="Engine.Contract.Tests.Schema.RootListDocTests.ShouldResolveIDCtor" computerName="host00" duration="00:00:00.0391105" startTime="2023-01-07T14:17:31.9512935+01:00" endTime="2023-01-07T14:17:31.9512935+01:00" testType="13cdc9d9-ddb5-4fa4-a97d-d965ccfc6d4b" outcome="Passed" testListId="8c84fa94-04c1-424b-9868-57a2d4851a1d" relativeResultsDirectory="9af9255a-f169-43a2-9c17-f244eabd2059" />
    <UnitTestResult executionId="a4df532c-8672-4151-b97e-bccb58a9bc96" testId="bac243a0-7ee5-19d1-8852-963b079f52ee" testName="Engine.Contract.Tests.Start.PayloadTests.ShouldSerializePayload" computerName="host00" duration="00:00:00.0781113" startTime="2023-01-07T14:17:31.9816544+01:00" endTime="2023-01-07T14:17:31.9816545+01:00" testType="13cdc9d9-ddb5-4fa4-a97d-d965ccfc6d4b" outcome="Passed" testListId="8c84fa94-04c1-424b-9868-57a2d4851a1d" relativeResultsDirectory="a4df532c-8672-4151-b97e-bccb58a9bc96" />
    <UnitTestResult executionId="529d5d22-2867-40ea-a13a-13542193e19d" testId="2defad97-0d73-9f02-f241-6bdf7b33f5f7" testName="Engine.Contract.Tests.Stop.HopeTests.ShouldResolveHopeCtor" computerName="host00" duration="00:00:00.0003189" startTime="2023-01-07T14:17:31.9922829+01:00" endTime="2023-01-07T14:17:31.9922829+01:00" testType="13cdc9d9-ddb5-4fa4-a97d-d965ccfc6d4b" outcome="Passed" testListId="8c84fa94-04c1-424b-9868-57a2d4851a1d" relativeResultsDirectory="529d5d22-2867-40ea-a13a-13542193e19d" />
    <UnitTestResult executionId="cadb8811-d5b2-4d4c-97f3-50ddf3d81fe5" testId="27d5bd08-68f3-e940-b74f-27a1154e19ba" testName="Engine.Contract.Tests.Schema.RootDocTests.ShouldCreateID" computerName="host00" duration="00:00:00.0003342" startTime="2023-01-07T14:17:31.9873042+01:00" endTime="2023-01-07T14:17:31.9873042+01:00" testType="13cdc9d9-ddb5-4fa4-a97d-d965ccfc6d4b" outcome="Passed" testListId="8c84fa94-04c1-424b-9868-57a2d4851a1d" relativeResultsDirectory="cadb8811-d5b2-4d4c-97f3-50ddf3d81fe5" />
    <UnitTestResult executionId="3feacca2-1a1e-4946-abad-083b7c209938" testId="e60a4839-4f72-b92f-c70c-c26acb743240" testName="Engine.Contract.Tests.Start.FactTests.ShouldHaveFactTopic" computerName="host00" duration="00:00:00.0489791" startTime="2023-01-07T14:17:31.9613539+01:00" endTime="2023-01-07T14:17:31.9613540+01:00" testType="13cdc9d9-ddb5-4fa4-a97d-d965ccfc6d4b" outcome="Passed" testListId="8c84fa94-04c1-424b-9868-57a2d4851a1d" relativeResultsDirectory="3feacca2-1a1e-4946-abad-083b7c209938" />
    <UnitTestResult executionId="eac8b499-011f-4c39-8df4-9acef7104f37" testId="b621b8dd-4bb0-38eb-c773-7f66e222bd4a" testName="Engine.Contract.Tests.ChangeDetails.HopeTests.ShouldResolvePayloadCtor" computerName="host00" duration="00:00:00.0003353" startTime="2023-01-07T14:17:31.9623744+01:00" endTime="2023-01-07T14:17:31.9623745+01:00" testType="13cdc9d9-ddb5-4fa4-a97d-d965ccfc6d4b" outcome="Passed" testListId="8c84fa94-04c1-424b-9868-57a2d4851a1d" relativeResultsDirectory="eac8b499-011f-4c39-8df4-9acef7104f37" />
    <UnitTestResult executionId="7b2330b9-0f2f-4720-baf8-986fe54554f6" testId="af7fb43d-d1db-a8f5-6b29-e6f9e323e6b7" testName="Engine.Contract.Tests.Initialize.PayloadTests.ShouldSerializePayload" computerName="host00" duration="00:00:00.0440178" startTime="2023-01-07T14:17:31.9902193+01:00" endTime="2023-01-07T14:17:31.9902194+01:00" testType="13cdc9d9-ddb5-4fa4-a97d-d965ccfc6d4b" outcome="Passed" testListId="8c84fa94-04c1-424b-9868-57a2d4851a1d" relativeResultsDirectory="7b2330b9-0f2f-4720-baf8-986fe54554f6" />
    <UnitTestResult executionId="cba6e141-a4da-40f1-bd93-58c3da23f005" testId="51cf2542-9bb6-dde3-a0bd-dc22a92724fc" testName="Engine.Contract.Tests.Schema.RootListItemTests.ShouldResolveIDCtor" computerName="host00" duration="00:00:00.0007862" startTime="2023-01-07T14:17:31.9869962+01:00" endTime="2023-01-07T14:17:31.9869963+01:00" testType="13cdc9d9-ddb5-4fa4-a97d-d965ccfc6d4b" outcome="Passed" testListId="8c84fa94-04c1-424b-9868-57a2d4851a1d" relativeResultsDirectory="cba6e141-a4da-40f1-bd93-58c3da23f005" />
    <UnitTestResult executionId="4125e45e-8d58-449d-a3e3-1ae2561f3cc4" testId="a54a7794-4650-24d1-f8da-0c946ef53489" testName="Engine.Contract.Tests.Initialize.HopeTests.ShouldHaveTopic" computerName="host00" duration="00:00:00.0015012" startTime="2023-01-07T14:17:31.9618115+01:00" endTime="2023-01-07T14:17:31.9618116+01:00" testType="13cdc9d9-ddb5-4fa4-a97d-d965ccfc6d4b" outcome="Passed" testListId="8c84fa94-04c1-424b-9868-57a2d4851a1d" relativeResultsDirectory="4125e45e-8d58-449d-a3e3-1ae2561f3cc4" />
    <UnitTestResult executionId="7b4ed9cf-90f5-4347-b08a-30c5af6592a8" testId="a634c213-7f3c-635f-b3f5-e0307fde06ed" testName="Engine.Contract.Tests.ChangeRpm.FactTests.ShouldResolveFactCtor" computerName="host00" duration="00:00:00.0002732" startTime="2023-01-07T14:17:31.9941393+01:00" endTime="2023-01-07T14:17:31.9941394+01:00" testType="13cdc9d9-ddb5-4fa4-a97d-d965ccfc6d4b" outcome="Passed" testListId="8c84fa94-04c1-424b-9868-57a2d4851a1d" relativeResultsDirectory="7b4ed9cf-90f5-4347-b08a-30c5af6592a8" />
    <UnitTestResult executionId="0a75d605-51c2-4b37-85f2-17a7afba09f2" testId="80e450b6-790f-45b0-c898-3efbd34e1f57" testName="Engine.Contract.Tests.Schema.RootIDTests.ShouldHaveIDPrefixID" computerName="host00" duration="00:00:00.0001387" startTime="2023-01-07T14:17:31.9606263+01:00" endTime="2023-01-07T14:17:31.9606264+01:00" testType="13cdc9d9-ddb5-4fa4-a97d-d965ccfc6d4b" outcome="Passed" testListId="8c84fa94-04c1-424b-9868-57a2d4851a1d" relativeResultsDirectory="0a75d605-51c2-4b37-85f2-17a7afba09f2" />
    <UnitTestResult executionId="67f5eb1e-3c3a-4d88-8095-c7bc459655c0" testId="40893d25-faf0-89d5-c45e-33f90cc8f91e" testName="Engine.Contract.Tests.Start.FactTests.ShouldDeserializeFact" computerName="host00" duration="00:00:00.0393919" startTime="2023-01-07T14:17:31.9917547+01:00" endTime="2023-01-07T14:17:31.9917548+01:00" testType="13cdc9d9-ddb5-4fa4-a97d-d965ccfc6d4b" outcome="Passed" testListId="8c84fa94-04c1-424b-9868-57a2d4851a1d" relativeResultsDirectory="67f5eb1e-3c3a-4d88-8095-c7bc459655c0" />
    <UnitTestResult executionId="e1c93697-af9e-4604-b2e7-6c15cc8705e2" testId="cdef77de-f893-4f6a-f3f0-59076f8cccc9" testName="Engine.Contract.Tests.ChangeRpm.HopeTests.ShouldHaveTopic" computerName="host00" duration="00:00:00.0491235" startTime="2023-01-07T14:17:31.9619189+01:00" endTime="2023-01-07T14:17:31.9619190+01:00" testType="13cdc9d9-ddb5-4fa4-a97d-d965ccfc6d4b" outcome="Passed" testListId="8c84fa94-04c1-424b-9868-57a2d4851a1d" relativeResultsDirectory="e1c93697-af9e-4604-b2e7-6c15cc8705e2" />
    <UnitTestResult executionId="a9b4257a-1d59-42cb-84e7-b99d6ca795de" testId="3753a6e0-fe71-5d0b-7ee1-298aacd43e42" testName="Engine.Contract.Tests.ChangeRpm.FactTests.ShouldResolveIDCtor" computerName="host00" duration="00:00:00.0004257" startTime="2023-01-07T14:17:31.9612593+01:00" endTime="2023-01-07T14:17:31.9612593+01:00" testType="13cdc9d9-ddb5-4fa4-a97d-d965ccfc6d4b" outcome="Passed" testListId="8c84fa94-04c1-424b-9868-57a2d4851a1d" relativeResultsDirectory="a9b4257a-1d59-42cb-84e7-b99d6ca795de" />
  </Results>
  <TestDefinitions>
    <UnitTest name="Engine.Contract.Tests.Initialize.FactTests.ShouldResolveFactCtor" storage="/home/rl/work/github.com/discomco/dot-cart/examples/car/engine.contract.tests/bin/debug/net7.0/engine.contract.tests.dll" id="7e5b53c1-6520-d28e-63f1-156f26078109">
      <Execution id="007c949c-9f4f-4c38-b55f-7e68f812e502" />
      <TestMethod codeBase="/home/rl/work/github.com/discomco/dot-cart/examples/car/Engine.Contract.Tests/bin/Debug/net7.0/Engine.Contract.Tests.dll" adapterTypeName="executor://xunit/VsTestRunner2/netcoreapp" className="Engine.Contract.Tests.Initialize.FactTests" name="ShouldResolveFactCtor" />
    </UnitTest>
    <UnitTest name="Engine.Contract.Tests.ChangeRpm.HopeTests.ShouldResolveIDCtor" storage="/home/rl/work/github.com/discomco/dot-cart/examples/car/engine.contract.tests/bin/debug/net7.0/engine.contract.tests.dll" id="5ff250c9-f63c-9c08-8861-7ba7d58f76a8">
      <Execution id="a0ded11d-2ce1-4e0b-9a16-99af72d071f4" />
      <TestMethod codeBase="/home/rl/work/github.com/discomco/dot-cart/examples/car/Engine.Contract.Tests/bin/Debug/net7.0/Engine.Contract.Tests.dll" adapterTypeName="executor://xunit/VsTestRunner2/netcoreapp" className="Engine.Contract.Tests.ChangeRpm.HopeTests" name="ShouldResolveIDCtor" />
    </UnitTest>
    <UnitTest name="Engine.Contract.Tests.Schema.RootIDTests.ShouldHaveIDPrefixID" storage="/home/rl/work/github.com/discomco/dot-cart/examples/car/engine.contract.tests/bin/debug/net7.0/engine.contract.tests.dll" id="80e450b6-790f-45b0-c898-3efbd34e1f57">
      <Execution id="0a75d605-51c2-4b37-85f2-17a7afba09f2" />
      <TestMethod codeBase="/home/rl/work/github.com/discomco/dot-cart/examples/car/Engine.Contract.Tests/bin/Debug/net7.0/Engine.Contract.Tests.dll" adapterTypeName="executor://xunit/VsTestRunner2/netcoreapp" className="Engine.Contract.Tests.Schema.RootIDTests" name="ShouldHaveIDPrefixID" />
    </UnitTest>
    <UnitTest name="Engine.Contract.Tests.Schema.RootListDocTests.ShouldBeSerializable" storage="/home/rl/work/github.com/discomco/dot-cart/examples/car/engine.contract.tests/bin/debug/net7.0/engine.contract.tests.dll" id="b29e2241-c1fa-4685-d7b5-0df8843d48ef">
      <Execution id="ba772604-01ba-420b-9c16-0a17b0b5a472" />
      <TestMethod codeBase="/home/rl/work/github.com/discomco/dot-cart/examples/car/Engine.Contract.Tests/bin/Debug/net7.0/Engine.Contract.Tests.dll" adapterTypeName="executor://xunit/VsTestRunner2/netcoreapp" className="Engine.Contract.Tests.Schema.RootListDocTests" name="ShouldBeSerializable" />
    </UnitTest>
    <UnitTest name="Engine.Contract.Tests.Stop.HopeTests.ShouldDeserializeHope" storage="/home/rl/work/github.com/discomco/dot-cart/examples/car/engine.contract.tests/bin/debug/net7.0/engine.contract.tests.dll" id="07d0ec50-c06a-50b9-3661-11c3f9d93ede">
      <Execution id="d9656b2b-e9bd-4723-9255-442b370b5d64" />
      <TestMethod codeBase="/home/rl/work/github.com/discomco/dot-cart/examples/car/Engine.Contract.Tests/bin/Debug/net7.0/Engine.Contract.Tests.dll" adapterTypeName="executor://xunit/VsTestRunner2/netcoreapp" className="Engine.Contract.Tests.Stop.HopeTests" name="ShouldDeserializeHope" />
    </UnitTest>
    <UnitTest name="Engine.Contract.Tests.Start.FactTests.ShouldHaveFactTopic" storage="/home/rl/work/github.com/discomco/dot-cart/examples/car/engine.contract.tests/bin/debug/net7.0/engine.contract.tests.dll" id="e60a4839-4f72-b92f-c70c-c26acb743240">
      <Execution id="3feacca2-1a1e-4946-abad-083b7c209938" />
      <TestMethod codeBase="/home/rl/work/github.com/discomco/dot-cart/examples/car/Engine.Contract.Tests/bin/Debug/net7.0/Engine.Contract.Tests.dll" adapterTypeName="executor://xunit/VsTestRunner2/netcoreapp" className="Engine.Contract.Tests.Start.FactTests" name="ShouldHaveFactTopic" />
    </UnitTest>
    <UnitTest name="Engine.Contract.Tests.Schema.RootListDocTests.ShouldCreateID" storage="/home/rl/work/github.com/discomco/dot-cart/examples/car/engine.contract.tests/bin/debug/net7.0/engine.contract.tests.dll" id="2fcacf43-dc0d-d0e7-a352-34d4915f6bea">
      <Execution id="ca0819c4-d3d5-4920-b42a-9abc14e1f630" />
      <TestMethod codeBase="/home/rl/work/github.com/discomco/dot-cart/examples/car/Engine.Contract.Tests/bin/Debug/net7.0/Engine.Contract.Tests.dll" adapterTypeName="executor://xunit/VsTestRunner2/netcoreapp" className="Engine.Contract.Tests.Schema.RootListDocTests" name="ShouldCreateID" />
    </UnitTest>
    <UnitTest name="Engine.Contract.Tests.Initialize.PayloadTests.ShouldSerializePayload" storage="/home/rl/work/github.com/discomco/dot-cart/examples/car/engine.contract.tests/bin/debug/net7.0/engine.contract.tests.dll" id="af7fb43d-d1db-a8f5-6b29-e6f9e323e6b7">
      <Execution id="7b2330b9-0f2f-4720-baf8-986fe54554f6" />
      <TestMethod codeBase="/home/rl/work/github.com/discomco/dot-cart/examples/car/Engine.Contract.Tests/bin/Debug/net7.0/Engine.Contract.Tests.dll" adapterTypeName="executor://xunit/VsTestRunner2/netcoreapp" className="Engine.Contract.Tests.Initialize.PayloadTests" name="ShouldSerializePayload" />
    </UnitTest>
    <UnitTest name="Engine.Contract.Tests.ChangeDetails.PayloadTests.ShouldSerializePayload" storage="/home/rl/work/github.com/discomco/dot-cart/examples/car/engine.contract.tests/bin/debug/net7.0/engine.contract.tests.dll" id="3f0fed5e-c7b0-b4ff-6f53-edd029faa9a7">
      <Execution id="bdd08148-99b8-433f-832d-cb732a791596" />
      <TestMethod codeBase="/home/rl/work/github.com/discomco/dot-cart/examples/car/Engine.Contract.Tests/bin/Debug/net7.0/Engine.Contract.Tests.dll" adapterTypeName="executor://xunit/VsTestRunner2/netcoreapp" className="Engine.Contract.Tests.ChangeDetails.PayloadTests" name="ShouldSerializePayload" />
    </UnitTest>
    <UnitTest name="Engine.Contract.Tests.ChangeDetails.PayloadTests.ShouldResolvePayloadCtor" storage="/home/rl/work/github.com/discomco/dot-cart/examples/car/engine.contract.tests/bin/debug/net7.0/engine.contract.tests.dll" id="45af0734-cba8-e5fe-1f53-d51d1de97dee">
      <Execution id="c9278022-92b2-40b9-94e0-c5861ff4b0ab" />
      <TestMethod codeBase="/home/rl/work/github.com/discomco/dot-cart/examples/car/Engine.Contract.Tests/bin/Debug/net7.0/Engine.Contract.Tests.dll" adapterTypeName="executor://xunit/VsTestRunner2/netcoreapp" className="Engine.Contract.Tests.ChangeDetails.PayloadTests" name="ShouldResolvePayloadCtor" />
    </UnitTest>
    <UnitTest name="Engine.Contract.Tests.ChangeRpm.PayloadTests.ShouldSerializePayload" storage="/home/rl/work/github.com/discomco/dot-cart/examples/car/engine.contract.tests/bin/debug/net7.0/engine.contract.tests.dll" id="bcce7ec4-1f26-3c7b-bd6a-0692249e1eb7">
      <Execution id="e57f8248-61cc-4a17-b6d6-f9a7a9f68e96" />
      <TestMethod codeBase="/home/rl/work/github.com/discomco/dot-cart/examples/car/Engine.Contract.Tests/bin/Debug/net7.0/Engine.Contract.Tests.dll" adapterTypeName="executor://xunit/VsTestRunner2/netcoreapp" className="Engine.Contract.Tests.ChangeRpm.PayloadTests" name="ShouldSerializePayload" />
    </UnitTest>
    <UnitTest name="Engine.Contract.Tests.ChangeRpm.HopeTests.ShouldDeserializeHope" storage="/home/rl/work/github.com/discomco/dot-cart/examples/car/engine.contract.tests/bin/debug/net7.0/engine.contract.tests.dll" id="47d508c6-efbf-8041-4158-c60870f10e77">
      <Execution id="086e04c5-684b-470d-8d08-9870af03a228" />
      <TestMethod codeBase="/home/rl/work/github.com/discomco/dot-cart/examples/car/Engine.Contract.Tests/bin/Debug/net7.0/Engine.Contract.Tests.dll" adapterTypeName="executor://xunit/VsTestRunner2/netcoreapp" className="Engine.Contract.Tests.ChangeRpm.HopeTests" name="ShouldDeserializeHope" />
    </UnitTest>
    <UnitTest name="Engine.Contract.Tests.ChangeRpm.FactTests.ShouldResolvePayloadCtor" storage="/home/rl/work/github.com/discomco/dot-cart/examples/car/engine.contract.tests/bin/debug/net7.0/engine.contract.tests.dll" id="708a5202-8efc-a042-6089-74994deefee5">
      <Execution id="882cb308-1db3-4f66-977f-70c1978d73e0" />
      <TestMethod codeBase="/home/rl/work/github.com/discomco/dot-cart/examples/car/Engine.Contract.Tests/bin/Debug/net7.0/Engine.Contract.Tests.dll" adapterTypeName="executor://xunit/VsTestRunner2/netcoreapp" className="Engine.Contract.Tests.ChangeRpm.FactTests" name="ShouldResolvePayloadCtor" />
    </UnitTest>
    <UnitTest name="Engine.Contract.Tests.Stop.FactTests.ShouldDeserializeFact" storage="/home/rl/work/github.com/discomco/dot-cart/examples/car/engine.contract.tests/bin/debug/net7.0/engine.contract.tests.dll" id="6b5ba2b6-cbde-278f-e9ba-2d4dcb6784c2">
      <Execution id="c8487b9c-3b17-4952-85ed-d6a7e8ad81d5" />
      <TestMethod codeBase="/home/rl/work/github.com/discomco/dot-cart/examples/car/Engine.Contract.Tests/bin/Debug/net7.0/Engine.Contract.Tests.dll" adapterTypeName="executor://xunit/VsTestRunner2/netcoreapp" className="Engine.Contract.Tests.Stop.FactTests" name="ShouldDeserializeFact" />
    </UnitTest>
    <UnitTest name="Engine.Contract.Tests.Schema.DetailsTests.ShouldBeSerializeValueObject" storage="/home/rl/work/github.com/discomco/dot-cart/examples/car/engine.contract.tests/bin/debug/net7.0/engine.contract.tests.dll" id="4da4f2bf-4247-dca3-9b70-7d6527487fd6">
      <Execution id="a165132a-758f-4ed3-b6fd-d5567ca2bc02" />
      <TestMethod codeBase="/home/rl/work/github.com/discomco/dot-cart/examples/car/Engine.Contract.Tests/bin/Debug/net7.0/Engine.Contract.Tests.dll" adapterTypeName="executor://xunit/VsTestRunner2/netcoreapp" className="Engine.Contract.Tests.Schema.DetailsTests" name="ShouldBeSerializeValueObject" />
    </UnitTest>
    <UnitTest name="Engine.Contract.Tests.Schema.RootListIDTests.ShouldTestHaveIDPrefix" storage="/home/rl/work/github.com/discomco/dot-cart/examples/car/engine.contract.tests/bin/debug/net7.0/engine.contract.tests.dll" id="a87760c2-1ee5-d106-a24f-a4126e2af235">
      <Execution id="580f4d03-b04d-4a71-b39b-eef36a18068f" />
      <TestMethod codeBase="/home/rl/work/github.com/discomco/dot-cart/examples/car/Engine.Contract.Tests/bin/Debug/net7.0/Engine.Contract.Tests.dll" adapterTypeName="executor://xunit/VsTestRunner2/netcoreapp" className="Engine.Contract.Tests.Schema.RootListIDTests" name="ShouldTestHaveIDPrefix" />
    </UnitTest>
    <UnitTest name="Engine.Contract.Tests.Schema.RootListItemTests.ShouldResolveIDCtor" storage="/home/rl/work/github.com/discomco/dot-cart/examples/car/engine.contract.tests/bin/debug/net7.0/engine.contract.tests.dll" id="51cf2542-9bb6-dde3-a0bd-dc22a92724fc">
      <Execution id="cba6e141-a4da-40f1-bd93-58c3da23f005" />
      <TestMethod codeBase="/home/rl/work/github.com/discomco/dot-cart/examples/car/Engine.Contract.Tests/bin/Debug/net7.0/Engine.Contract.Tests.dll" adapterTypeName="executor://xunit/VsTestRunner2/netcoreapp" className="Engine.Contract.Tests.Schema.RootListItemTests" name="ShouldResolveIDCtor" />
    </UnitTest>
    <UnitTest name="Engine.Contract.Tests.Schema.RootIDTests.ShouldCreateFromIdString" storage="/home/rl/work/github.com/discomco/dot-cart/examples/car/engine.contract.tests/bin/debug/net7.0/engine.contract.tests.dll" id="13c02908-07e8-944b-97a6-ebbf24b26c0f">
      <Execution id="d8bea519-6f6f-4349-9651-0c4b12747a3b" />
      <TestMethod codeBase="/home/rl/work/github.com/discomco/dot-cart/examples/car/Engine.Contract.Tests/bin/Debug/net7.0/Engine.Contract.Tests.dll" adapterTypeName="executor://xunit/VsTestRunner2/netcoreapp" className="Engine.Contract.Tests.Schema.RootIDTests" name="ShouldCreateFromIdString" />
    </UnitTest>
    <UnitTest name="Engine.Contract.Tests.Start.HopeTests.ShouldHaveTopic" storage="/home/rl/work/github.com/discomco/dot-cart/examples/car/engine.contract.tests/bin/debug/net7.0/engine.contract.tests.dll" id="3144f240-61c7-1977-af1e-07c65b7b2526">
      <Execution id="976952e1-80ab-4955-9264-1230f28e364e" />
      <TestMethod codeBase="/home/rl/work/github.com/discomco/dot-cart/examples/car/Engine.Contract.Tests/bin/Debug/net7.0/Engine.Contract.Tests.dll" adapterTypeName="executor://xunit/VsTestRunner2/netcoreapp" className="Engine.Contract.Tests.Start.HopeTests" name="ShouldHaveTopic" />
    </UnitTest>
    <UnitTest name="Engine.Contract.Tests.ChangeDetails.FactTests.ShouldHaveFactTopic" storage="/home/rl/work/github.com/discomco/dot-cart/examples/car/engine.contract.tests/bin/debug/net7.0/engine.contract.tests.dll" id="b84b67d7-a33d-326a-8f1e-68ee37d84dc4">
      <Execution id="4d884e6f-7106-4ca6-9e16-39c23313f921" />
      <TestMethod codeBase="/home/rl/work/github.com/discomco/dot-cart/examples/car/Engine.Contract.Tests/bin/Debug/net7.0/Engine.Contract.Tests.dll" adapterTypeName="executor://xunit/VsTestRunner2/netcoreapp" className="Engine.Contract.Tests.ChangeDetails.FactTests" name="ShouldHaveFactTopic" />
    </UnitTest>
    <UnitTest name="Engine.Contract.Tests.Schema.RootDocTests.ShouldCreateID" storage="/home/rl/work/github.com/discomco/dot-cart/examples/car/engine.contract.tests/bin/debug/net7.0/engine.contract.tests.dll" id="27d5bd08-68f3-e940-b74f-27a1154e19ba">
      <Execution id="cadb8811-d5b2-4d4c-97f3-50ddf3d81fe5" />
      <TestMethod codeBase="/home/rl/work/github.com/discomco/dot-cart/examples/car/Engine.Contract.Tests/bin/Debug/net7.0/Engine.Contract.Tests.dll" adapterTypeName="executor://xunit/VsTestRunner2/netcoreapp" className="Engine.Contract.Tests.Schema.RootDocTests" name="ShouldCreateID" />
    </UnitTest>
    <UnitTest name="Engine.Contract.Tests.Start.HopeTests.ShouldResolvePayloadCtor" storage="/home/rl/work/github.com/discomco/dot-cart/examples/car/engine.contract.tests/bin/debug/net7.0/engine.contract.tests.dll" id="226ad908-d90a-1cf1-90c9-9dcb2221116b">
      <Execution id="6a2c5d4f-3b81-4bc4-b180-809955f36e35" />
      <TestMethod codeBase="/home/rl/work/github.com/discomco/dot-cart/examples/car/Engine.Contract.Tests/bin/Debug/net7.0/Engine.Contract.Tests.dll" adapterTypeName="executor://xunit/VsTestRunner2/netcoreapp" className="Engine.Contract.Tests.Start.HopeTests" name="ShouldResolvePayloadCtor" />
    </UnitTest>
    <UnitTest name="Engine.Contract.Tests.Start.HopeTests.ShouldResolveHopeCtor" storage="/home/rl/work/github.com/discomco/dot-cart/examples/car/engine.contract.tests/bin/debug/net7.0/engine.contract.tests.dll" id="d9cc00b8-4c77-2698-0f20-b79f27aa8e38">
      <Execution id="7af3deb9-a6db-46c3-a288-b77bf18d2405" />
      <TestMethod codeBase="/home/rl/work/github.com/discomco/dot-cart/examples/car/Engine.Contract.Tests/bin/Debug/net7.0/Engine.Contract.Tests.dll" adapterTypeName="executor://xunit/VsTestRunner2/netcoreapp" className="Engine.Contract.Tests.Start.HopeTests" name="ShouldResolveHopeCtor" />
    </UnitTest>
    <UnitTest name="Engine.Contract.Tests.Stop.FactTests.ShouldResolveFactCtor" storage="/home/rl/work/github.com/discomco/dot-cart/examples/car/engine.contract.tests/bin/debug/net7.0/engine.contract.tests.dll" id="f0a43f58-085e-aed9-e776-8e250c8a23b7">
      <Execution id="acb9850d-0c33-4db8-9133-446f27ec093e" />
      <TestMethod codeBase="/home/rl/work/github.com/discomco/dot-cart/examples/car/Engine.Contract.Tests/bin/Debug/net7.0/Engine.Contract.Tests.dll" adapterTypeName="executor://xunit/VsTestRunner2/netcoreapp" className="Engine.Contract.Tests.Stop.FactTests" name="ShouldResolveFactCtor" />
    </UnitTest>
    <UnitTest name="Engine.Contract.Tests.Initialize.FactTests.ShouldResolveIDCtor" storage="/home/rl/work/github.com/discomco/dot-cart/examples/car/engine.contract.tests/bin/debug/net7.0/engine.contract.tests.dll" id="c4f72336-453e-918e-7d4d-39358db3a20a">
      <Execution id="bcf0193c-080d-4a2d-9675-715f797b7293" />
      <TestMethod codeBase="/home/rl/work/github.com/discomco/dot-cart/examples/car/Engine.Contract.Tests/bin/Debug/net7.0/Engine.Contract.Tests.dll" adapterTypeName="executor://xunit/VsTestRunner2/netcoreapp" className="Engine.Contract.Tests.Initialize.FactTests" name="ShouldResolveIDCtor" />
    </UnitTest>
    <UnitTest name="Engine.Contract.Tests.Initialize.PayloadTests.ShouldCreatePayload" storage="/home/rl/work/github.com/discomco/dot-cart/examples/car/engine.contract.tests/bin/debug/net7.0/engine.contract.tests.dll" id="16785de0-7b80-9cd0-a126-6b48c71f10c8">
      <Execution id="1d88f92b-7107-4b12-a052-a0578620e452" />
      <TestMethod codeBase="/home/rl/work/github.com/discomco/dot-cart/examples/car/Engine.Contract.Tests/bin/Debug/net7.0/Engine.Contract.Tests.dll" adapterTypeName="executor://xunit/VsTestRunner2/netcoreapp" className="Engine.Contract.Tests.Initialize.PayloadTests" name="ShouldCreatePayload" />
    </UnitTest>
    <UnitTest name="Engine.Contract.Tests.Start.HopeTests.ShouldResolveIDCtor" storage="/home/rl/work/github.com/discomco/dot-cart/examples/car/engine.contract.tests/bin/debug/net7.0/engine.contract.tests.dll" id="702fd4d8-3299-52f4-3e20-72c97ecd796d">
      <Execution id="b8d060a6-cadb-40a6-8a88-695584794432" />
      <TestMethod codeBase="/home/rl/work/github.com/discomco/dot-cart/examples/car/Engine.Contract.Tests/bin/Debug/net7.0/Engine.Contract.Tests.dll" adapterTypeName="executor://xunit/VsTestRunner2/netcoreapp" className="Engine.Contract.Tests.Start.HopeTests" name="ShouldResolveIDCtor" />
    </UnitTest>
    <UnitTest name="Engine.Contract.Tests.ChangeDetails.FactTests.ShouldResolveIDCtor" storage="/home/rl/work/github.com/discomco/dot-cart/examples/car/engine.contract.tests/bin/debug/net7.0/engine.contract.tests.dll" id="984ec6d5-191b-5314-7e24-900a3d242139">
      <Execution id="8b07bde2-9941-4939-b61c-6d6be1219bec" />
      <TestMethod codeBase="/home/rl/work/github.com/discomco/dot-cart/examples/car/Engine.Contract.Tests/bin/Debug/net7.0/Engine.Contract.Tests.dll" adapterTypeName="executor://xunit/VsTestRunner2/netcoreapp" className="Engine.Contract.Tests.ChangeDetails.FactTests" name="ShouldResolveIDCtor" />
    </UnitTest>
    <UnitTest name="Engine.Contract.Tests.Initialize.HopeTests.ShouldResolveIDCtor" storage="/home/rl/work/github.com/discomco/dot-cart/examples/car/engine.contract.tests/bin/debug/net7.0/engine.contract.tests.dll" id="f85a2c10-6099-4ca5-4354-cd6024ff4005">
      <Execution id="aa62552c-7b45-48b9-9ee6-531480c5bce9" />
      <TestMethod codeBase="/home/rl/work/github.com/discomco/dot-cart/examples/car/Engine.Contract.Tests/bin/Debug/net7.0/Engine.Contract.Tests.dll" adapterTypeName="executor://xunit/VsTestRunner2/netcoreapp" className="Engine.Contract.Tests.Initialize.HopeTests" name="ShouldResolveIDCtor" />
    </UnitTest>
    <UnitTest name="Engine.Contract.Tests.ChangeRpm.PayloadTests.ShouldResolvePayloadCtor" storage="/home/rl/work/github.com/discomco/dot-cart/examples/car/engine.contract.tests/bin/debug/net7.0/engine.contract.tests.dll" id="d19a7835-939c-af73-1c5b-43cdbccb405a">
      <Execution id="a2ea4cb6-fcd6-43a8-a58f-6e445e29f757" />
      <TestMethod codeBase="/home/rl/work/github.com/discomco/dot-cart/examples/car/Engine.Contract.Tests/bin/Debug/net7.0/Engine.Contract.Tests.dll" adapterTypeName="executor://xunit/VsTestRunner2/netcoreapp" className="Engine.Contract.Tests.ChangeRpm.PayloadTests" name="ShouldResolvePayloadCtor" />
    </UnitTest>
    <UnitTest name="Engine.Contract.Tests.ChangeRpm.PayloadTests.ShouldCreatePayload" storage="/home/rl/work/github.com/discomco/dot-cart/examples/car/engine.contract.tests/bin/debug/net7.0/engine.contract.tests.dll" id="5f185243-a4b7-2f7a-c99d-9455f51eb5a1">
      <Execution id="9cc35d06-2ca0-4347-8975-4f66a189b70b" />
      <TestMethod codeBase="/home/rl/work/github.com/discomco/dot-cart/examples/car/Engine.Contract.Tests/bin/Debug/net7.0/Engine.Contract.Tests.dll" adapterTypeName="executor://xunit/VsTestRunner2/netcoreapp" className="Engine.Contract.Tests.ChangeRpm.PayloadTests" name="ShouldCreatePayload" />
    </UnitTest>
    <UnitTest name="Engine.Contract.Tests.ChangeRpm.FactTests.ShouldDeserializeFact" storage="/home/rl/work/github.com/discomco/dot-cart/examples/car/engine.contract.tests/bin/debug/net7.0/engine.contract.tests.dll" id="28a87aad-ed89-ac11-f1c2-1f30d1e3aca6">
      <Execution id="93e10dd4-9b4d-4959-9e5a-1976df4acb2a" />
      <TestMethod codeBase="/home/rl/work/github.com/discomco/dot-cart/examples/car/Engine.Contract.Tests/bin/Debug/net7.0/Engine.Contract.Tests.dll" adapterTypeName="executor://xunit/VsTestRunner2/netcoreapp" className="Engine.Contract.Tests.ChangeRpm.FactTests" name="ShouldDeserializeFact" />
    </UnitTest>
    <UnitTest name="Engine.Contract.Tests.Schema.DetailsTests.ShouldResolveValueObjectCtor" storage="/home/rl/work/github.com/discomco/dot-cart/examples/car/engine.contract.tests/bin/debug/net7.0/engine.contract.tests.dll" id="dffd0781-826b-cee7-e834-a17922c4bccc">
      <Execution id="dd06471a-f79e-42e0-9f84-2d4a1b85f0eb" />
      <TestMethod codeBase="/home/rl/work/github.com/discomco/dot-cart/examples/car/Engine.Contract.Tests/bin/Debug/net7.0/Engine.Contract.Tests.dll" adapterTypeName="executor://xunit/VsTestRunner2/netcoreapp" className="Engine.Contract.Tests.Schema.DetailsTests" name="ShouldResolveValueObjectCtor" />
    </UnitTest>
    <UnitTest name="Engine.Contract.Tests.Start.FactTests.ShouldResolveIDCtor" storage="/home/rl/work/github.com/discomco/dot-cart/examples/car/engine.contract.tests/bin/debug/net7.0/engine.contract.tests.dll" id="3bbfd60d-14f9-dce8-3a98-cb6d17acfa54">
      <Execution id="91e9b416-3698-4f97-8893-413569cff804" />
      <TestMethod codeBase="/home/rl/work/github.com/discomco/dot-cart/examples/car/Engine.Contract.Tests/bin/Debug/net7.0/Engine.Contract.Tests.dll" adapterTypeName="executor://xunit/VsTestRunner2/netcoreapp" className="Engine.Contract.Tests.Start.FactTests" name="ShouldResolveIDCtor" />
    </UnitTest>
    <UnitTest name="Engine.Contract.Tests.Schema.RootDocTests.ShouldCreateDifferentStates" storage="/home/rl/work/github.com/discomco/dot-cart/examples/car/engine.contract.tests/bin/debug/net7.0/engine.contract.tests.dll" id="f74b35ee-de81-0792-c026-7bc76fdf4c8a">
      <Execution id="b0977438-c115-43db-9c13-0976704f6bb9" />
      <TestMethod codeBase="/home/rl/work/github.com/discomco/dot-cart/examples/car/Engine.Contract.Tests/bin/Debug/net7.0/Engine.Contract.Tests.dll" adapterTypeName="executor://xunit/VsTestRunner2/netcoreapp" className="Engine.Contract.Tests.Schema.RootDocTests" name="ShouldCreateDifferentStates" />
    </UnitTest>
    <UnitTest name="Engine.Contract.Tests.Stop.HopeTests.ShouldHaveTopic" storage="/home/rl/work/github.com/discomco/dot-cart/examples/car/engine.contract.tests/bin/debug/net7.0/engine.contract.tests.dll" id="d5dc4ee4-f4c8-ed5a-6739-bd9f62f3b175">
      <Execution id="85ed3af5-51d5-4257-adb6-622daa6a788c" />
      <TestMethod codeBase="/home/rl/work/github.com/discomco/dot-cart/examples/car/Engine.Contract.Tests/bin/Debug/net7.0/Engine.Contract.Tests.dll" adapterTypeName="executor://xunit/VsTestRunner2/netcoreapp" className="Engine.Contract.Tests.Stop.HopeTests" name="ShouldHaveTopic" />
    </UnitTest>
    <UnitTest name="Engine.Contract.Tests.ChangeDetails.FactTests.ShouldResolveMetaCtor" storage="/home/rl/work/github.com/discomco/dot-cart/examples/car/engine.contract.tests/bin/debug/net7.0/engine.contract.tests.dll" id="97fe2ca3-d1c2-44db-67c3-70c7a485a2f8">
      <Execution id="7a1a0074-566b-4bb2-8065-9addb2629e11" />
      <TestMethod codeBase="/home/rl/work/github.com/discomco/dot-cart/examples/car/Engine.Contract.Tests/bin/Debug/net7.0/Engine.Contract.Tests.dll" adapterTypeName="executor://xunit/VsTestRunner2/netcoreapp" className="Engine.Contract.Tests.ChangeDetails.FactTests" name="ShouldResolveMetaCtor" />
    </UnitTest>
    <UnitTest name="Engine.Contract.Tests.Schema.RootListItemTests.ShouldBeSerializableEntity" storage="/home/rl/work/github.com/discomco/dot-cart/examples/car/engine.contract.tests/bin/debug/net7.0/engine.contract.tests.dll" id="ef16d8eb-c5b1-aa58-6ef2-a20f31166a00">
      <Execution id="b37dbf4b-c5ac-42ff-aecd-fddac1ba0e77" />
      <TestMethod codeBase="/home/rl/work/github.com/discomco/dot-cart/examples/car/Engine.Contract.Tests/bin/Debug/net7.0/Engine.Contract.Tests.dll" adapterTypeName="executor://xunit/VsTestRunner2/netcoreapp" className="Engine.Contract.Tests.Schema.RootListItemTests" name="ShouldBeSerializableEntity" />
    </UnitTest>
    <UnitTest name="Engine.Contract.Tests.Stop.FactTests.ShouldResolveIDCtor" storage="/home/rl/work/github.com/discomco/dot-cart/examples/car/engine.contract.tests/bin/debug/net7.0/engine.contract.tests.dll" id="914d6c49-865b-7678-0ac6-c9f3de842779">
      <Execution id="01d0d433-6da1-4825-8123-68e24aa06bd7" />
      <TestMethod codeBase="/home/rl/work/github.com/discomco/dot-cart/examples/car/Engine.Contract.Tests/bin/Debug/net7.0/Engine.Contract.Tests.dll" adapterTypeName="executor://xunit/VsTestRunner2/netcoreapp" className="Engine.Contract.Tests.Stop.FactTests" name="ShouldResolveIDCtor" />
    </UnitTest>
    <UnitTest name="Engine.Contract.Tests.Schema.RootDocTests.ShouldCreateState" storage="/home/rl/work/github.com/discomco/dot-cart/examples/car/engine.contract.tests/bin/debug/net7.0/engine.contract.tests.dll" id="912d3c77-14af-ee3a-2a87-3aa6488514e9">
      <Execution id="c35a4825-d7bc-4853-9787-663a971b1ed8" />
      <TestMethod codeBase="/home/rl/work/github.com/discomco/dot-cart/examples/car/Engine.Contract.Tests/bin/Debug/net7.0/Engine.Contract.Tests.dll" adapterTypeName="executor://xunit/VsTestRunner2/netcoreapp" className="Engine.Contract.Tests.Schema.RootDocTests" name="ShouldCreateState" />
    </UnitTest>
    <UnitTest name="Engine.Contract.Tests.Schema.RootIDTests.ShouldTestHaveIDPrefix" storage="/home/rl/work/github.com/discomco/dot-cart/examples/car/engine.contract.tests/bin/debug/net7.0/engine.contract.tests.dll" id="5a41d935-407f-f525-2459-e1347c866437">
      <Execution id="cac0653f-3add-42fc-8243-39864a36c4a4" />
      <TestMethod codeBase="/home/rl/work/github.com/discomco/dot-cart/examples/car/Engine.Contract.Tests/bin/Debug/net7.0/Engine.Contract.Tests.dll" adapterTypeName="executor://xunit/VsTestRunner2/netcoreapp" className="Engine.Contract.Tests.Schema.RootIDTests" name="ShouldTestHaveIDPrefix" />
    </UnitTest>
    <UnitTest name="Engine.Contract.Tests.Schema.RootListIDTests.ShouldResolveIDCtor" storage="/home/rl/work/github.com/discomco/dot-cart/examples/car/engine.contract.tests/bin/debug/net7.0/engine.contract.tests.dll" id="10aed7c2-c095-c6b5-40d1-ef68ca215edc">
      <Execution id="aa68ff27-a497-4955-af38-46cfdc3d99fd" />
      <TestMethod codeBase="/home/rl/work/github.com/discomco/dot-cart/examples/car/Engine.Contract.Tests/bin/Debug/net7.0/Engine.Contract.Tests.dll" adapterTypeName="executor://xunit/VsTestRunner2/netcoreapp" className="Engine.Contract.Tests.Schema.RootListIDTests" name="ShouldResolveIDCtor" />
    </UnitTest>
    <UnitTest name="Engine.Contract.Tests.Schema.RootListDocTests.ShouldResolveStateCtor" storage="/home/rl/work/github.com/discomco/dot-cart/examples/car/engine.contract.tests/bin/debug/net7.0/engine.contract.tests.dll" id="ad2c037d-1269-fcd1-80a8-0434821727b1">
      <Execution id="1a037166-8e33-46f9-9e5d-3de0e60feada" />
      <TestMethod codeBase="/home/rl/work/github.com/discomco/dot-cart/examples/car/Engine.Contract.Tests/bin/Debug/net7.0/Engine.Contract.Tests.dll" adapterTypeName="executor://xunit/VsTestRunner2/netcoreapp" className="Engine.Contract.Tests.Schema.RootListDocTests" name="ShouldResolveStateCtor" />
    </UnitTest>
    <UnitTest name="Engine.Contract.Tests.Stop.PayloadTests.ShouldSerializePayload" storage="/home/rl/work/github.com/discomco/dot-cart/examples/car/engine.contract.tests/bin/debug/net7.0/engine.contract.tests.dll" id="e805a8d7-3132-7d08-f3e6-91767cca7b6b">
      <Execution id="ead9cfc7-ba8a-45cd-acbd-a68b4d36ed09" />
      <TestMethod codeBase="/home/rl/work/github.com/discomco/dot-cart/examples/car/Engine.Contract.Tests/bin/Debug/net7.0/Engine.Contract.Tests.dll" adapterTypeName="executor://xunit/VsTestRunner2/netcoreapp" className="Engine.Contract.Tests.Stop.PayloadTests" name="ShouldSerializePayload" />
    </UnitTest>
[...]
    <UnitTest name="Engine.Contract.Tests.Stop.PayloadTests.ShouldResolvePayloadCtor" storage="/home/rl/work/github.com/discomco/dot-cart/examples/car/engine.contract.tests/bin/debug/net7.0/engine.contract.tests.dll" id="26d284ad-2695-445f-cd0d-5a414513e1ef">
      <Execution id="95497018-35b6-4cad-adf1-bdd1fdc424e2" />
      <TestMethod codeBase="/home/rl/work/github.com/discomco/dot-cart/examples/car/Engine.Contract.Tests/bin/Debug/net7.0/Engine.Contract.Tests.dll" adapterTypeName="executor://xunit/VsTestRunner2/netcoreapp" className="Engine.Contract.Tests.Stop.PayloadTests" name="ShouldResolvePayloadCtor" />
    </UnitTest>
    <UnitTest name="Engine.Contract.Tests.Initialize.FactTests.ShouldResolvePayloadCtor" storage="/home/rl/work/github.com/discomco/dot-cart/examples/car/engine.contract.tests/bin/debug/net7.0/engine.contract.tests.dll" id="e43f716c-64a5-9181-5a7a-1d1229f89309">
      <Execution id="f149805c-a24e-444c-8cf0-ffc5ad4a98cd" />
      <TestMethod codeBase="/home/rl/work/github.com/discomco/dot-cart/examples/car/Engine.Contract.Tests/bin/Debug/net7.0/Engine.Contract.Tests.dll" adapterTypeName="executor://xunit/VsTestRunner2/netcoreapp" className="Engine.Contract.Tests.Initialize.FactTests" name="ShouldResolvePayloadCtor" />
    </UnitTest>
    <UnitTest name="Engine.Contract.Tests.Initialize.HopeTests.ShouldResolveHopeCtor" storage="/home/rl/work/github.com/discomco/dot-cart/examples/car/engine.contract.tests/bin/debug/net7.0/engine.contract.tests.dll" id="f96feb5f-c536-faa8-f624-53b6f81f3507">
      <Execution id="1dbac24b-80b6-4d82-a605-c7cf644c2b08" />
      <TestMethod codeBase="/home/rl/work/github.com/discomco/dot-cart/examples/car/Engine.Contract.Tests/bin/Debug/net7.0/Engine.Contract.Tests.dll" adapterTypeName="executor://xunit/VsTestRunner2/netcoreapp" className="Engine.Contract.Tests.Initialize.HopeTests" name="ShouldResolveHopeCtor" />
    </UnitTest>
    <UnitTest name="Engine.Contract.Tests.Stop.PayloadTests.ShouldCreatePayload" storage="/home/rl/work/github.com/discomco/dot-cart/examples/car/engine.contract.tests/bin/debug/net7.0/engine.contract.tests.dll" id="d3517e99-ad76-3d50-a8f8-e809d672cdf2">
      <Execution id="6196b7ec-953e-4fae-bc89-705d4928de9e" />
      <TestMethod codeBase="/home/rl/work/github.com/discomco/dot-cart/examples/car/Engine.Contract.Tests/bin/Debug/net7.0/Engine.Contract.Tests.dll" adapterTypeName="executor://xunit/VsTestRunner2/netcoreapp" className="Engine.Contract.Tests.Stop.PayloadTests" name="ShouldCreatePayload" />
    </UnitTest>
  </TestDefinitions>
  <TestEntries>
    <TestEntry testId="24cd2f63-20cd-f672-19cb-8e9780a65b1f" executionId="e589d922-d456-47d8-b83c-d5460797c0b0" testListId="8c84fa94-04c1-424b-9868-57a2d4851a1d" />
    <TestEntry testId="1f21bf4b-f0db-fb08-3338-1938a408e6ac" executionId="5f981950-3209-41ea-8538-18be1d63740d" testListId="8c84fa94-04c1-424b-9868-57a2d4851a1d" />
    <TestEntry testId="226ad908-d90a-1cf1-90c9-9dcb2221116b" executionId="6a2c5d4f-3b81-4bc4-b180-809955f36e35" testListId="8c84fa94-04c1-424b-9868-57a2d4851a1d" />
    <TestEntry testId="26d284ad-2695-445f-cd0d-5a414513e1ef" executionId="95497018-35b6-4cad-adf1-bdd1fdc424e2" testListId="8c84fa94-04c1-424b-9868-57a2d4851a1d" />
    <TestEntry testId="7564f9a1-54cb-74a4-fe37-8d575e9a9051" executionId="dd221cba-7098-4b11-9c69-a3b597a4b99a" testListId="8c84fa94-04c1-424b-9868-57a2d4851a1d" />
    <TestEntry testId="4da4f2bf-4247-dca3-9b70-7d6527487fd6" executionId="a165132a-758f-4ed3-b6fd-d5567ca2bc02" testListId="8c84fa94-04c1-424b-9868-57a2d4851a1d" />
    <TestEntry testId="e805a8d7-3132-7d08-f3e6-91767cca7b6b" executionId="ead9cfc7-ba8a-45cd-acbd-a68b4d36ed09" testListId="8c84fa94-04c1-424b-9868-57a2d4851a1d" />
    <TestEntry testId="245172d6-cd43-4eb0-35c8-5374d5cfc86f" executionId="0f737597-ed55-4ddf-92c2-20229303572b" testListId="8c84fa94-04c1-424b-9868-57a2d4851a1d" />
    <TestEntry testId="5f185243-a4b7-2f7a-c99d-9455f51eb5a1" executionId="9cc35d06-2ca0-4347-8975-4f66a189b70b" testListId="8c84fa94-04c1-424b-9868-57a2d4851a1d" />
    <TestEntry testId="d9a1155b-5c1d-c32b-7c6e-1d6acf1975eb" executionId="da65a06d-05e9-4964-81dc-e6a09bf8eccf" testListId="8c84fa94-04c1-424b-9868-57a2d4851a1d" />
    <TestEntry testId="91d0b523-2c32-ca83-f7ee-8b02910d4884" executionId="75dee36a-89a3-41c8-8474-d9f22d74a899" testListId="8c84fa94-04c1-424b-9868-57a2d4851a1d" />
    <TestEntry testId="6b5ba2b6-cbde-278f-e9ba-2d4dcb6784c2" executionId="c8487b9c-3b17-4952-85ed-d6a7e8ad81d5" testListId="8c84fa94-04c1-424b-9868-57a2d4851a1d" />
    <TestEntry testId="a87760c2-1ee5-d106-a24f-a4126e2af235" executionId="580f4d03-b04d-4a71-b39b-eef36a18068f" testListId="8c84fa94-04c1-424b-9868-57a2d4851a1d" />
    <TestEntry testId="b3e1a3dd-eaeb-ac1c-f15e-84f5b76d9e06" executionId="37dd5a24-9609-49dd-be9b-1ce5273d5159" testListId="8c84fa94-04c1-424b-9868-57a2d4851a1d" />
    <TestEntry testId="a7a0f6c9-2774-d3ca-6875-9fe0e423f666" executionId="944ea14a-f482-41d8-9daf-908a305733e3" testListId="8c84fa94-04c1-424b-9868-57a2d4851a1d" />
    <TestEntry testId="b324c5eb-ed05-c136-1b9f-de6c0d1658cf" executionId="cb82d913-9b73-48ec-b8f1-d2da9e7c7e16" testListId="8c84fa94-04c1-424b-9868-57a2d4851a1d" />
    <TestEntry testId="82fd4422-f039-8f06-bd09-614e99599672" executionId="d98470d3-05f6-446e-8d34-4b9daf8d04a4" testListId="8c84fa94-04c1-424b-9868-57a2d4851a1d" />
    <TestEntry testId="07d0ec50-c06a-50b9-3661-11c3f9d93ede" executionId="d9656b2b-e9bd-4723-9255-442b370b5d64" testListId="8c84fa94-04c1-424b-9868-57a2d4851a1d" />
    <TestEntry testId="0ed68656-b71c-ad2b-6578-f0cec611ed47" executionId="07778031-d27a-4ba7-9305-fc29f92eea50" testListId="8c84fa94-04c1-424b-9868-57a2d4851a1d" />
    <TestEntry testId="adf9e3b0-4c99-5835-0e91-932a674b26ca" executionId="2032b7ba-07ef-499c-8129-d29aee0a4ae1" testListId="8c84fa94-04c1-424b-9868-57a2d4851a1d" />
    <TestEntry testId="97fe2ca3-d1c2-44db-67c3-70c7a485a2f8" executionId="7a1a0074-566b-4bb2-8065-9addb2629e11" testListId="8c84fa94-04c1-424b-9868-57a2d4851a1d" />
    <TestEntry testId="e65c1bbf-3fb2-b486-242d-842990b09378" executionId="7b238ade-875c-4cda-af77-abc0667228fa" testListId="8c84fa94-04c1-424b-9868-57a2d4851a1d" />
    <TestEntry testId="f74b35ee-de81-0792-c026-7bc76fdf4c8a" executionId="b0977438-c115-43db-9c13-0976704f6bb9" testListId="8c84fa94-04c1-424b-9868-57a2d4851a1d" />
    <TestEntry testId="f2c8985b-457c-f302-21da-453eddabc70b" executionId="dd071aa5-6d9d-4e96-bb92-0269caa3d5a2" testListId="8c84fa94-04c1-424b-9868-57a2d4851a1d" />
    <TestEntry testId="708a5202-8efc-a042-6089-74994deefee5" executionId="882cb308-1db3-4f66-977f-70c1978d73e0" testListId="8c84fa94-04c1-424b-9868-57a2d4851a1d" />
    <TestEntry testId="c7dd45de-b026-fde3-76f6-4b6fe0af2ecb" executionId="643ca219-2069-41a7-8542-cd7cbe2d2733" testListId="8c84fa94-04c1-424b-9868-57a2d4851a1d" />
    <TestEntry testId="5ff250c9-f63c-9c08-8861-7ba7d58f76a8" executionId="a0ded11d-2ce1-4e0b-9a16-99af72d071f4" testListId="8c84fa94-04c1-424b-9868-57a2d4851a1d" />
    <TestEntry testId="b84b67d7-a33d-326a-8f1e-68ee37d84dc4" executionId="4d884e6f-7106-4ca6-9e16-39c23313f921" testListId="8c84fa94-04c1-424b-9868-57a2d4851a1d" />
    <TestEntry testId="b5252068-60d9-8888-c56a-2c51451cce17" executionId="bb7b3d5e-4792-4e16-a0ca-63135b4681c1" testListId="8c84fa94-04c1-424b-9868-57a2d4851a1d" />
    <TestEntry testId="2fcacf43-dc0d-d0e7-a352-34d4915f6bea" executionId="ca0819c4-d3d5-4920-b42a-9abc14e1f630" testListId="8c84fa94-04c1-424b-9868-57a2d4851a1d" />
    <TestEntry testId="13c02908-07e8-944b-97a6-ebbf24b26c0f" executionId="d8bea519-6f6f-4349-9651-0c4b12747a3b" testListId="8c84fa94-04c1-424b-9868-57a2d4851a1d" />
    <TestEntry testId="28a87aad-ed89-ac11-f1c2-1f30d1e3aca6" executionId="93e10dd4-9b4d-4959-9e5a-1976df4acb2a" testListId="8c84fa94-04c1-424b-9868-57a2d4851a1d" />
    <TestEntry testId="8954f6f2-674b-2cc1-50f7-c466c63f106e" executionId="6d310811-a4ce-4df1-b16a-954226361ff7" testListId="8c84fa94-04c1-424b-9868-57a2d4851a1d" />
    <TestEntry testId="35f5bf76-5dd3-8610-1a11-5aa1b13ea942" executionId="ce4f12ab-9338-4390-87e1-5441123b2c9c" testListId="8c84fa94-04c1-424b-9868-57a2d4851a1d" />
    <TestEntry testId="d3517e99-ad76-3d50-a8f8-e809d672cdf2" executionId="6196b7ec-953e-4fae-bc89-705d4928de9e" testListId="8c84fa94-04c1-424b-9868-57a2d4851a1d" />
    <TestEntry testId="b1a72612-477d-8ae0-87a7-7021770424e0" executionId="d3292b2c-57da-49bf-872a-d69eb027ea5f" testListId="8c84fa94-04c1-424b-9868-57a2d4851a1d" />
    <TestEntry testId="d8fb68e4-3aaf-b626-4ed7-3b4fbab08bb8" executionId="74115ee4-363c-4912-ba3c-ab1fc98ec4ae" testListId="8c84fa94-04c1-424b-9868-57a2d4851a1d" />
    <TestEntry testId="fa1dcccd-9537-c003-11e1-63195d47704b" executionId="44e3835d-78b2-4fc6-b97c-ee9e829da7ee" testListId="8c84fa94-04c1-424b-9868-57a2d4851a1d" />
    <TestEntry testId="923e93cd-95c2-d6e1-c635-21470667b13b" executionId="410be383-c76c-4768-badb-aec33c16a7ba" testListId="8c84fa94-04c1-424b-9868-57a2d4851a1d" />
    <TestEntry testId="b95f57bb-94dc-0eb1-74f8-47ee7a5b3473" executionId="b0af35a3-40b6-4b8b-8a24-ca15e7cb1ed8" testListId="8c84fa94-04c1-424b-9868-57a2d4851a1d" />
    <TestEntry testId="10a3ea68-0b2b-da0a-1b4e-872fbb21ede7" executionId="de3b96c4-d38b-46fa-9319-09c3d1889779" testListId="8c84fa94-04c1-424b-9868-57a2d4851a1d" />
    <TestEntry testId="f96feb5f-c536-faa8-f624-53b6f81f3507" executionId="1dbac24b-80b6-4d82-a605-c7cf644c2b08" testListId="8c84fa94-04c1-424b-9868-57a2d4851a1d" />
    <TestEntry testId="ad2c037d-1269-fcd1-80a8-0434821727b1" executionId="1a037166-8e33-46f9-9e5d-3de0e60feada" testListId="8c84fa94-04c1-424b-9868-57a2d4851a1d" />
    <TestEntry testId="71693788-1e77-4a47-436f-da069c80ddf7" executionId="b5d30d05-aaed-4c53-b2e6-52b5a6c17ab0" testListId="8c84fa94-04c1-424b-9868-57a2d4851a1d" />
    <TestEntry testId="984ec6d5-191b-5314-7e24-900a3d242139" executionId="8b07bde2-9941-4939-b61c-6d6be1219bec" testListId="8c84fa94-04c1-424b-9868-57a2d4851a1d" />
    <TestEntry testId="702fd4d8-3299-52f4-3e20-72c97ecd796d" executionId="b8d060a6-cadb-40a6-8a88-695584794432" testListId="8c84fa94-04c1-424b-9868-57a2d4851a1d" />
    <TestEntry testId="b6568bc6-b5f4-ac2e-890f-2b92bd621cd1" executionId="2026eefa-d481-403f-b01b-7f6d7bea2644" testListId="8c84fa94-04c1-424b-9868-57a2d4851a1d" />
    <TestEntry testId="5f631798-7fe8-5148-f489-909874366d29" executionId="031c9563-5a68-4e0c-84e8-46b9dfaa8138" testListId="8c84fa94-04c1-424b-9868-57a2d4851a1d" />
    <TestEntry testId="47d508c6-efbf-8041-4158-c60870f10e77" executionId="086e04c5-684b-470d-8d08-9870af03a228" testListId="8c84fa94-04c1-424b-9868-57a2d4851a1d" />
    <TestEntry testId="ef16d8eb-c5b1-aa58-6ef2-a20f31166a00" executionId="b37dbf4b-c5ac-42ff-aecd-fddac1ba0e77" testListId="8c84fa94-04c1-424b-9868-57a2d4851a1d" />
    <TestEntry testId="3a2facad-3f75-f9ee-b720-0d313aa07888" executionId="758aaa53-b43f-48bf-b298-32c5b27ea124" testListId="8c84fa94-04c1-424b-9868-57a2d4851a1d" />
    <TestEntry testId="16785de0-7b80-9cd0-a126-6b48c71f10c8" executionId="1d88f92b-7107-4b12-a052-a0578620e452" testListId="8c84fa94-04c1-424b-9868-57a2d4851a1d" />
    <TestEntry testId="6b304d83-9c39-e83c-9ed8-3d9089026171" executionId="f43cca38-d8df-47c5-a159-b899f0287170" testListId="8c84fa94-04c1-424b-9868-57a2d4851a1d" />
    <TestEntry testId="5a41d935-407f-f525-2459-e1347c866437" executionId="cac0653f-3add-42fc-8243-39864a36c4a4" testListId="8c84fa94-04c1-424b-9868-57a2d4851a1d" />
    <TestEntry testId="d9cc00b8-4c77-2698-0f20-b79f27aa8e38" executionId="7af3deb9-a6db-46c3-a288-b77bf18d2405" testListId="8c84fa94-04c1-424b-9868-57a2d4851a1d" />
    <TestEntry testId="dffd0781-826b-cee7-e834-a17922c4bccc" executionId="dd06471a-f79e-42e0-9f84-2d4a1b85f0eb" testListId="8c84fa94-04c1-424b-9868-57a2d4851a1d" />
    <TestEntry testId="532b63b1-729b-6ddc-7c0f-623ef91da2ee" executionId="e01d8afa-6f60-48dc-a266-35f790ec2779" testListId="8c84fa94-04c1-424b-9868-57a2d4851a1d" />
    <TestEntry testId="04cfc56f-816a-4569-65e9-c0e8c1b1fad8" executionId="a98004e0-ddd5-49c4-b46e-e986980d5982" testListId="8c84fa94-04c1-424b-9868-57a2d4851a1d" />
    <TestEntry testId="bcce7ec4-1f26-3c7b-bd6a-0692249e1eb7" executionId="e57f8248-61cc-4a17-b6d6-f9a7a9f68e96" testListId="8c84fa94-04c1-424b-9868-57a2d4851a1d" />
    <TestEntry testId="7b4deaeb-5741-1f57-3375-14c8ccf31ad0" executionId="df3aca69-8682-4852-b627-4860e2a42b84" testListId="8c84fa94-04c1-424b-9868-57a2d4851a1d" />
    <TestEntry testId="361d0706-bb72-9d36-d13b-778fb97ff69a" executionId="16eb13f5-d901-4296-961b-aded620b5a3e" testListId="8c84fa94-04c1-424b-9868-57a2d4851a1d" />
    <TestEntry testId="928d2116-9c92-d4b2-546d-a623a5975a39" executionId="7094a3d4-7e20-4c0a-9412-0802ea998c6e" testListId="8c84fa94-04c1-424b-9868-57a2d4851a1d" />
    <TestEntry testId="d19a7835-939c-af73-1c5b-43cdbccb405a" executionId="a2ea4cb6-fcd6-43a8-a58f-6e445e29f757" testListId="8c84fa94-04c1-424b-9868-57a2d4851a1d" />
    <TestEntry testId="f0a43f58-085e-aed9-e776-8e250c8a23b7" executionId="acb9850d-0c33-4db8-9133-446f27ec093e" testListId="8c84fa94-04c1-424b-9868-57a2d4851a1d" />
    <TestEntry testId="45af0734-cba8-e5fe-1f53-d51d1de97dee" executionId="c9278022-92b2-40b9-94e0-c5861ff4b0ab" testListId="8c84fa94-04c1-424b-9868-57a2d4851a1d" />
    <TestEntry testId="f94f3d0c-86fe-b49d-24a2-3813949804b5" executionId="72624b6c-f770-400e-b37a-96b0bad0edbd" testListId="8c84fa94-04c1-424b-9868-57a2d4851a1d" />
    <TestEntry testId="912d3c77-14af-ee3a-2a87-3aa6488514e9" executionId="c35a4825-d7bc-4853-9787-663a971b1ed8" testListId="8c84fa94-04c1-424b-9868-57a2d4851a1d" />
    <TestEntry testId="1d0dbfd2-83fc-a30c-6e7f-45aefd22ab3c" executionId="2895532d-d444-4fc5-8239-b18fed4fb067" testListId="8c84fa94-04c1-424b-9868-57a2d4851a1d" />
    <TestEntry testId="c4f72336-453e-918e-7d4d-39358db3a20a" executionId="bcf0193c-080d-4a2d-9675-715f797b7293" testListId="8c84fa94-04c1-424b-9868-57a2d4851a1d" />
    <TestEntry testId="0d0f9321-c57d-0a2c-1a1f-5403c1a55bcd" executionId="1ba83410-dd30-402e-afb4-e84fe72eb2ad" testListId="8c84fa94-04c1-424b-9868-57a2d4851a1d" />
    <TestEntry testId="3144f240-61c7-1977-af1e-07c65b7b2526" executionId="976952e1-80ab-4955-9264-1230f28e364e" testListId="8c84fa94-04c1-424b-9868-57a2d4851a1d" />
    <TestEntry testId="f85a2c10-6099-4ca5-4354-cd6024ff4005" executionId="aa62552c-7b45-48b9-9ee6-531480c5bce9" testListId="8c84fa94-04c1-424b-9868-57a2d4851a1d" />
    <TestEntry testId="e43f716c-64a5-9181-5a7a-1d1229f89309" executionId="f149805c-a24e-444c-8cf0-ffc5ad4a98cd" testListId="8c84fa94-04c1-424b-9868-57a2d4851a1d" />
    <TestEntry testId="d5dc4ee4-f4c8-ed5a-6739-bd9f62f3b175" executionId="85ed3af5-51d5-4257-adb6-622daa6a788c" testListId="8c84fa94-04c1-424b-9868-57a2d4851a1d" />
    <TestEntry testId="c3179b18-641e-1b2d-9ca7-6395146be776" executionId="e2c19f88-0f8c-49d8-b5a4-09f1d9282ec1" testListId="8c84fa94-04c1-424b-9868-57a2d4851a1d" />
    <TestEntry testId="042ed998-a683-897d-ff6d-cab5ed510269" executionId="3a624dc6-4fb6-4634-a4d8-4d19bc139a10" testListId="8c84fa94-04c1-424b-9868-57a2d4851a1d" />
    <TestEntry testId="7e5b53c1-6520-d28e-63f1-156f26078109" executionId="007c949c-9f4f-4c38-b55f-7e68f812e502" testListId="8c84fa94-04c1-424b-9868-57a2d4851a1d" />
    <TestEntry testId="b29e2241-c1fa-4685-d7b5-0df8843d48ef" executionId="ba772604-01ba-420b-9c16-0a17b0b5a472" testListId="8c84fa94-04c1-424b-9868-57a2d4851a1d" />
    <TestEntry testId="a272defb-f755-d5f2-2f62-f27b6e4e4f29" executionId="6fbb3326-0499-4864-b7cf-80f52bed99b8" testListId="8c84fa94-04c1-424b-9868-57a2d4851a1d" />
    <TestEntry testId="10aed7c2-c095-c6b5-40d1-ef68ca215edc" executionId="aa68ff27-a497-4955-af38-46cfdc3d99fd" testListId="8c84fa94-04c1-424b-9868-57a2d4851a1d" />
    <TestEntry testId="914d6c49-865b-7678-0ac6-c9f3de842779" executionId="01d0d433-6da1-4825-8123-68e24aa06bd7" testListId="8c84fa94-04c1-424b-9868-57a2d4851a1d" />
    <TestEntry testId="3bbfd60d-14f9-dce8-3a98-cb6d17acfa54" executionId="91e9b416-3698-4f97-8893-413569cff804" testListId="8c84fa94-04c1-424b-9868-57a2d4851a1d" />
    <TestEntry testId="11e289d3-f392-0f3b-9c62-064c823a3cdb" executionId="ba57d71f-520c-4f17-a92d-c71939a8b7c9" testListId="8c84fa94-04c1-424b-9868-57a2d4851a1d" />
    <TestEntry testId="47fb50fb-6cc5-6ff5-a107-3f3cd4c324f1" executionId="88988b84-8353-4c7b-bfbf-17d8a8e3d017" testListId="8c84fa94-04c1-424b-9868-57a2d4851a1d" />
    <TestEntry testId="3f0fed5e-c7b0-b4ff-6f53-edd029faa9a7" executionId="bdd08148-99b8-433f-832d-cb732a791596" testListId="8c84fa94-04c1-424b-9868-57a2d4851a1d" />
    <TestEntry testId="fbc6a60f-03fd-cf4b-dfd0-e2cac8c0d1be" executionId="973bab64-2a9c-469f-85b4-9bc96d1dd1da" testListId="8c84fa94-04c1-424b-9868-57a2d4851a1d" />
    <TestEntry testId="c7bf7520-57b1-53d5-8f41-12bf687fd3bd" executionId="9af9255a-f169-43a2-9c17-f244eabd2059" testListId="8c84fa94-04c1-424b-9868-57a2d4851a1d" />
    <TestEntry testId="bac243a0-7ee5-19d1-8852-963b079f52ee" executionId="a4df532c-8672-4151-b97e-bccb58a9bc96" testListId="8c84fa94-04c1-424b-9868-57a2d4851a1d" />
    <TestEntry testId="2defad97-0d73-9f02-f241-6bdf7b33f5f7" executionId="529d5d22-2867-40ea-a13a-13542193e19d" testListId="8c84fa94-04c1-424b-9868-57a2d4851a1d" />
    <TestEntry testId="27d5bd08-68f3-e940-b74f-27a1154e19ba" executionId="cadb8811-d5b2-4d4c-97f3-50ddf3d81fe5" testListId="8c84fa94-04c1-424b-9868-57a2d4851a1d" />
    <TestEntry testId="e60a4839-4f72-b92f-c70c-c26acb743240" executionId="3feacca2-1a1e-4946-abad-083b7c209938" testListId="8c84fa94-04c1-424b-9868-57a2d4851a1d" />
    <TestEntry testId="b621b8dd-4bb0-38eb-c773-7f66e222bd4a" executionId="eac8b499-011f-4c39-8df4-9acef7104f37" testListId="8c84fa94-04c1-424b-9868-57a2d4851a1d" />
    <TestEntry testId="af7fb43d-d1db-a8f5-6b29-e6f9e323e6b7" executionId="7b2330b9-0f2f-4720-baf8-986fe54554f6" testListId="8c84fa94-04c1-424b-9868-57a2d4851a1d" />
    <TestEntry testId="51cf2542-9bb6-dde3-a0bd-dc22a92724fc" executionId="cba6e141-a4da-40f1-bd93-58c3da23f005" testListId="8c84fa94-04c1-424b-9868-57a2d4851a1d" />
    <TestEntry testId="a54a7794-4650-24d1-f8da-0c946ef53489" executionId="4125e45e-8d58-449d-a3e3-1ae2561f3cc4" testListId="8c84fa94-04c1-424b-9868-57a2d4851a1d" />
    <TestEntry testId="a634c213-7f3c-635f-b3f5-e0307fde06ed" executionId="7b4ed9cf-90f5-4347-b08a-30c5af6592a8" testListId="8c84fa94-04c1-424b-9868-57a2d4851a1d" />
    <TestEntry testId="80e450b6-790f-45b0-c898-3efbd34e1f57" executionId="0a75d605-51c2-4b37-85f2-17a7afba09f2" testListId="8c84fa94-04c1-424b-9868-57a2d4851a1d" />
    <TestEntry testId="40893d25-faf0-89d5-c45e-33f90cc8f91e" executionId="67f5eb1e-3c3a-4d88-8095-c7bc459655c0" testListId="8c84fa94-04c1-424b-9868-57a2d4851a1d" />
    <TestEntry testId="cdef77de-f893-4f6a-f3f0-59076f8cccc9" executionId="e1c93697-af9e-4604-b2e7-6c15cc8705e2" testListId="8c84fa94-04c1-424b-9868-57a2d4851a1d" />
    <TestEntry testId="3753a6e0-fe71-5d0b-7ee1-298aacd43e42" executionId="a9b4257a-1d59-42cb-84e7-b99d6ca795de" testListId="8c84fa94-04c1-424b-9868-57a2d4851a1d" />
  </TestEntries>
  <TestLists>
    <TestList name="Results Not in a List" id="8c84fa94-04c1-424b-9868-57a2d4851a1d" />
    <TestList name="All Loaded Results" id="19431567-8539-422a-85d7-44ee4e166bda" />
  </TestLists>
  <ResultSummary outcome="Completed">
    <Counters total="100" executed="100" passed="100" failed="0" error="0" timeout="0" aborted="0" inconclusive="0" passedButRunAborted="0" notRunnable="0" notExecuted="0" disconnected="0" warning="0" completed="0" inProgress="0" pending="0" />
    <Output>
      <StdOut>[xUnit.net 00:00:00.00] xUnit.net VSTest Adapter v2.4.5+1caef2f33e (64-bit .NET 7.0.0)
[xUnit.net 00:00:00.75]   Discovering: Engine.Contract.Tests
[xUnit.net 00:00:00.78]   Discovered:  Engine.Contract.Tests
[xUnit.net 00:00:00.78]   Starting:    Engine.Contract.Tests
[xUnit.net 00:00:00.92]   Finished:    Engine.Contract.Tests
</StdOut>
    </Output>
  </ResultSummary>
</TestRun>